[    0.000000] Initializing cgroup subsys cpuset
[    0.000000] Initializing cgroup subsys cpu
[    0.000000] Initializing cgroup subsys cpuacct
[    0.000000] Linux version 4.4.0-210-generic (buildd@lgw01-amd64-009) (gcc version 5.4.0 20160609 (Ubuntu 5.4.0-6ubuntu1~16.04.12) ) #242-Ubuntu SMP Fri Apr 16 09:57:56 UTC 2021 (Ubuntu 4.4.0-210.242-generic 4.4.262)
[    0.000000] Command line: BOOT_IMAGE=/boot/vmlinuz-4.4.0-210-generic root=LABEL=cloudimg-rootfs ro console=tty1 console=ttyS0
[    0.000000] KERNEL supported cpus:
[    0.000000]   Intel GenuineIntel
[    0.000000]   AMD AuthenticAMD
[    0.000000]   Centaur CentaurHauls
[    0.000000] x86/fpu: Legacy x87 FPU detected.
[    0.000000] e820: BIOS-provided physical RAM map:
[    0.000000] BIOS-e820: [mem 0x0000000000000000-0x000000000009fbff] usable
[    0.000000] BIOS-e820: [mem 0x000000000009fc00-0x000000000009ffff] reserved
[    0.000000] BIOS-e820: [mem 0x00000000000f0000-0x00000000000fffff] reserved
[    0.000000] BIOS-e820: [mem 0x0000000000100000-0x000000003ffeffff] usable
[    0.000000] BIOS-e820: [mem 0x000000003fff0000-0x000000003fffffff] ACPI data
[    0.000000] BIOS-e820: [mem 0x00000000fec00000-0x00000000fec00fff] reserved
[    0.000000] BIOS-e820: [mem 0x00000000fee00000-0x00000000fee00fff] reserved
[    0.000000] BIOS-e820: [mem 0x00000000fffc0000-0x00000000ffffffff] reserved
[    0.000000] NX (Execute Disable) protection: active
[    0.000000] SMBIOS 2.5 present.
[    0.000000] Hypervisor detected: KVM
[    0.000000] Kernel/User page tables isolation: disabled
[    0.000000] e820: last_pfn = 0x3fff0 max_arch_pfn = 0x400000000
[    0.000000] MTRR: Disabled
[    0.000000] x86/PAT: MTRRs disabled, skipping PAT initialization too.
[    0.000000] CPU MTRRs all blank - virtualized system.
[    0.000000] x86/PAT: Configuration [0-7]: WB  WT  UC- UC  WB  WT  UC- UC  
[    0.000000] found SMP MP-table at [mem 0x0009fff0-0x0009ffff] mapped at [ffff88000009fff0]
[    0.000000] Scanning 1 areas for low memory corruption
[    0.000000] RAMDISK: [mem 0x362dc000-0x37165fff]
[    0.000000] ACPI: Early table checksum verification disabled
[    0.000000] ACPI: RSDP 0x00000000000E0000 000024 (v02 VBOX  )
[    0.000000] ACPI: XSDT 0x000000003FFF0030 00003C (v01 VBOX   VBOXXSDT 00000001 ASL  00000061)
[    0.000000] ACPI: FACP 0x000000003FFF00F0 0000F4 (v04 VBOX   VBOXFACP 00000001 ASL  00000061)
[    0.000000] ACPI: DSDT 0x000000003FFF0610 002353 (v02 VBOX   VBOXBIOS 00000002 INTL 20100528)
[    0.000000] ACPI: FACS 0x000000003FFF0200 000040
[    0.000000] ACPI: FACS 0x000000003FFF0200 000040
[    0.000000] ACPI: APIC 0x000000003FFF0240 00005C (v02 VBOX   VBOXAPIC 00000001 ASL  00000061)
[    0.000000] ACPI: SSDT 0x000000003FFF02A0 00036C (v01 VBOX   VBOXCPUT 00000002 INTL 20100528)
[    0.000000] No NUMA configuration found
[    0.000000] Faking a node at [mem 0x0000000000000000-0x000000003ffeffff]
[    0.000000] NODE_DATA(0) allocated [mem 0x3ffeb000-0x3ffeffff]
[    0.000000] kvm-clock: Using msrs 4b564d01 and 4b564d00
[    0.000000] kvm-clock: cpu 0, msr 0:3ffe3001, primary cpu clock
[    0.000000] kvm-clock: using sched offset of 3573916538 cycles
[    0.000000] clocksource: kvm-clock: mask: 0xffffffffffffffff max_cycles: 0x1cd42e4dffb, max_idle_ns: 881590591483 ns
[    0.000000] Zone ranges:
[    0.000000]   DMA      [mem 0x0000000000001000-0x0000000000ffffff]
[    0.000000]   DMA32    [mem 0x0000000001000000-0x000000003ffeffff]
[    0.000000]   Normal   empty
[    0.000000]   Device   empty
[    0.000000] Movable zone start for each node
[    0.000000] Early memory node ranges
[    0.000000]   node   0: [mem 0x0000000000001000-0x000000000009efff]
[    0.000000]   node   0: [mem 0x0000000000100000-0x000000003ffeffff]
[    0.000000] Initmem setup node 0 [mem 0x0000000000001000-0x000000003ffeffff]
[    0.000000] ACPI: PM-Timer IO Port: 0x4008
[    0.000000] IOAPIC[0]: apic_id 2, version 32, address 0xfec00000, GSI 0-23
[    0.000000] ACPI: INT_SRC_OVR (bus 0 bus_irq 0 global_irq 2 dfl dfl)
[    0.000000] ACPI: INT_SRC_OVR (bus 0 bus_irq 9 global_irq 9 low level)
[    0.000000] Using ACPI (MADT) for SMP configuration information
[    0.000000] smpboot: Allowing 2 CPUs, 0 hotplug CPUs
[    0.000000] PM: Registered nosave memory: [mem 0x00000000-0x00000fff]
[    0.000000] PM: Registered nosave memory: [mem 0x0009f000-0x0009ffff]
[    0.000000] PM: Registered nosave memory: [mem 0x000a0000-0x000effff]
[    0.000000] PM: Registered nosave memory: [mem 0x000f0000-0x000fffff]
[    0.000000] e820: [mem 0x40000000-0xfebfffff] available for PCI devices
[    0.000000] Booting paravirtualized kernel on KVM
[    0.000000] clocksource: refined-jiffies: mask: 0xffffffff max_cycles: 0xffffffff, max_idle_ns: 7645519600211568 ns
[    0.000000] setup_percpu: NR_CPUS:512 nr_cpumask_bits:512 nr_cpu_ids:2 nr_node_ids:1
[    0.000000] PERCPU: Embedded 33 pages/cpu @ffff88003fc00000 s95192 r8192 d31784 u1048576
[    0.000000] Built 1 zonelists in Node order, mobility grouping on.  Total pages: 257912
[    0.000000] Policy zone: DMA32
[    0.000000] Kernel command line: BOOT_IMAGE=/boot/vmlinuz-4.4.0-210-generic root=LABEL=cloudimg-rootfs ro console=tty1 console=ttyS0
[    0.000000] PID hash table entries: 4096 (order: 3, 32768 bytes)
[    0.000000] Memory: 997792K/1048120K available (8644K kernel code, 1332K rwdata, 4044K rodata, 1492K init, 1164K bss, 50328K reserved, 0K cma-reserved)
[    0.000000] SLUB: HWalign=64, Order=0-3, MinObjects=0, CPUs=2, Nodes=1
[    0.000000] Hierarchical RCU implementation.
[    0.000000] 	Build-time adjustment of leaf fanout to 64.
[    0.000000] 	RCU restricting CPUs from NR_CPUS=512 to nr_cpu_ids=2.
[    0.000000] RCU: Adjusting geometry for rcu_fanout_leaf=64, nr_cpu_ids=2
[    0.000000] NR_IRQS:33024 nr_irqs:440 16
[    0.000000] Console: colour VGA+ 80x25
[    0.000000] console [tty1] enabled
[    0.000000] console [ttyS0] enabled
[    0.000000] tsc: Detected 2304.006 MHz processor
[    0.463684] Calibrating delay loop (skipped) preset value.. 4608.01 BogoMIPS (lpj=9216024)
[    0.469723] pid_max: default: 32768 minimum: 301
[    0.473443] ACPI: Core revision 20150930
[    0.477478] ACPI: 2 ACPI AML tables successfully acquired and loaded
[    0.483558] Security Framework initialized
[    0.487765] Yama: becoming mindful.
[    0.491260] AppArmor: AppArmor initialized
[    0.495074] Dentry cache hash table entries: 131072 (order: 8, 1048576 bytes)
[    0.507140] Inode-cache hash table entries: 65536 (order: 7, 524288 bytes)
[    0.521229] Mount-cache hash table entries: 2048 (order: 2, 16384 bytes)
[    0.531657] Mountpoint-cache hash table entries: 2048 (order: 2, 16384 bytes)
[    0.542438] Initializing cgroup subsys io
[    0.546908] Initializing cgroup subsys memory
[    0.553335] Initializing cgroup subsys devices
[    0.558207] Initializing cgroup subsys freezer
[    0.562607] Initializing cgroup subsys net_cls
[    0.566732] Initializing cgroup subsys perf_event
[    0.571123] Initializing cgroup subsys net_prio
[    0.576453] Initializing cgroup subsys hugetlb
[    0.580182] Initializing cgroup subsys pids
[    0.594542] mce: CPU supports 0 MCE banks
[    0.598359] Last level iTLB entries: 4KB 64, 2MB 8, 4MB 8
[    0.603726] Last level dTLB entries: 4KB 64, 2MB 0, 4MB 0, 1GB 4
[    0.610312] Spectre V1 : Mitigation: usercopy/swapgs barriers and __user pointer sanitization
[    0.620328] Spectre V2 : Mitigation: Enhanced IBRS
[    0.625930] Spectre V2 : Spectre v2 / SpectreRSB mitigation: Filling RSB on context switch
[    0.632082] Speculative Store Bypass: Vulnerable
[    0.635478] SRBDS: Mitigation: TSX disabled
[    0.667279] Freeing SMP alternatives memory: 36K
[    0.735265] ftrace: allocating 32380 entries in 127 pages
[    1.177660] smpboot: APIC(0) Converting physical 0 to logical package 0
[    1.184826] smpboot: Max logical packages: 1
[    1.199283] ..TIMER: vector=0x30 apic1=0 pin1=2 apic2=-1 pin2=-1
[    1.312725] APIC calibration not consistent with PM-Timer: 102ms instead of 100ms
[    1.319168] APIC delta adjusted to PM-Timer: 6294403 (6455564)
[    1.324057] smpboot: CPU0: Intel(R) Core(TM) i7-10510U CPU @ 1.80GHz (family: 0x6, model: 0x8e, stepping: 0xc)
[    1.332393] Performance Events: unsupported p6 CPU model 142 no PMU driver, software events only.
[    1.404520] KVM setup paravirtual spinlock
[    1.412001] x86: Booting SMP configuration:
[    1.416449] .... node  #0, CPUs:      #1
[    1.421297] kvm-clock: cpu 1, msr 0:3ffe3041, secondary cpu clock
[    1.436238] mce: CPU supports 0 MCE banks
[    1.440639] TSC synchronization [CPU#0 -> CPU#1]:
[    1.444173] Measured 47445 cycles TSC warp between CPUs, turning off TSC clock.
[    1.449070] tsc: Marking TSC unstable due to check_tsc_sync_source failed
[    0.473525] x86: Booted up 1 node, 2 CPUs
[    0.476002] smpboot: Total of 2 processors activated (9216.02 BogoMIPS)
[    0.484098] devtmpfs: initialized
[    0.489677] evm: security.selinux
[    0.492005] evm: security.SMACK64
[    0.494364] evm: security.SMACK64EXEC
[    0.496001] evm: security.SMACK64TRANSMUTE
[    0.500001] evm: security.SMACK64MMAP
[    0.504001] evm: security.ima
[    0.506110] evm: security.capability
[    0.508267] clocksource: jiffies: mask: 0xffffffff max_cycles: 0xffffffff, max_idle_ns: 7645041785100000 ns
[    0.512008] futex hash table entries: 512 (order: 3, 32768 bytes)
[    0.516372] pinctrl core: initialized pinctrl subsystem
[    0.520499] RTC time:  0:20:56, date: 03/19/23
[    0.528489] NET: Registered protocol family 16
[    0.540005] cpuidle: using governor ladder
[    0.552011] cpuidle: using governor menu
[    0.556213] PCCT header not found.
[    0.560121] ACPI: bus type PCI registered
[    0.564003] acpiphp: ACPI Hot Plug PCI Controller Driver version: 0.5
[    0.568386] PCI: Using configuration type 1 for base access
[    0.588475] ACPI: Added _OSI(Module Device)
[    0.592003] ACPI: Added _OSI(Processor Device)
[    0.596002] ACPI: Added _OSI(3.0 _SCP Extensions)
[    0.599396] ACPI: Added _OSI(Processor Aggregator Device)
[    0.604829] ACPI: Executed 1 blocks of module-level executable AML code
[    0.613666] ACPI: Interpreter enabled
[    0.616021] ACPI: (supports S0 S5)
[    0.620005] ACPI: Using IOAPIC for interrupt routing
[    0.624295] PCI: Using host bridge windows from ACPI; if necessary, use "pci=nocrs" and report a bug
[    0.634779] ACPI: PCI Root Bridge [PCI0] (domain 0000 [bus 00-ff])
[    0.636005] acpi PNP0A03:00: _OSC: OS supports [ASPM ClockPM Segments MSI]
[    0.640467] acpi PNP0A03:00: _OSC: not requesting OS control; OS requires [ExtendedConfig ASPM ClockPM MSI]
[    0.644007] acpi PNP0A03:00: fail to add MMCONFIG information, can't access extended PCI configuration space under this bridge.
[    0.652384] PCI host bridge to bus 0000:00
[    0.655869] pci_bus 0000:00: root bus resource [io  0x0000-0x0cf7 window]
[    0.656003] pci_bus 0000:00: root bus resource [io  0x0d00-0xffff window]
[    0.660002] pci_bus 0000:00: root bus resource [mem 0x000a0000-0x000bffff window]
[    0.664004] pci_bus 0000:00: root bus resource [mem 0x40000000-0xfdffffff window]
[    0.668003] pci_bus 0000:00: root bus resource [bus 00-ff]
[    0.679791] pci 0000:00:01.1: legacy IDE quirk: reg 0x10: [io  0x01f0-0x01f7]
[    0.680002] pci 0000:00:01.1: legacy IDE quirk: reg 0x14: [io  0x03f6]
[    0.684007] pci 0000:00:01.1: legacy IDE quirk: reg 0x18: [io  0x0170-0x0177]
[    0.688012] pci 0000:00:01.1: legacy IDE quirk: reg 0x1c: [io  0x0376]
[    0.714134] pci 0000:00:07.0: quirk: [io  0x4000-0x403f] claimed by PIIX4 ACPI
[    0.716031] pci 0000:00:07.0: quirk: [io  0x4100-0x410f] claimed by PIIX4 SMB
[    0.730062] ACPI: PCI Interrupt Link [LNKA] (IRQs 5 9 10 *11)
[    0.736168] ACPI: PCI Interrupt Link [LNKB] (IRQs 5 9 *10 11)
[    0.741684] ACPI: PCI Interrupt Link [LNKC] (IRQs 5 *9 10 11)
[    0.746351] ACPI: PCI Interrupt Link [LNKD] (IRQs 5 9 10 *11)
[    0.752608] ACPI: Enabled 2 GPEs in block 00 to 07
[    0.756201] vgaarb: setting as boot device: PCI:0000:00:02.0
[    0.760000] vgaarb: device added: PCI:0000:00:02.0,decodes=io+mem,owns=io+mem,locks=none
[    0.760012] vgaarb: loaded
[    0.764029] vgaarb: bridge control possible 0000:00:02.0
[    0.768342] SCSI subsystem initialized
[    0.772176] ACPI: bus type USB registered
[    0.776033] usbcore: registered new interface driver usbfs
[    0.780030] usbcore: registered new interface driver hub
[    0.784008] usbcore: registered new device driver usb
[    0.788417] PCI: Using ACPI for IRQ routing
[    0.792665] NetLabel: Initializing
[    0.796001] NetLabel:  domain hash size = 128
[    0.798968] NetLabel:  protocols = UNLABELED CIPSOv4
[    0.800010] NetLabel:  unlabeled traffic allowed by default
[    0.804103] amd_nb: Cannot enumerate AMD northbridges
[    0.808198] clocksource: Switched to clocksource kvm-clock
[    0.823532] AppArmor: AppArmor Filesystem Enabled
[    0.823532] pnp: PnP ACPI init
[    0.823532] pnp: PnP ACPI: found 3 devices
[    0.889279] clocksource: acpi_pm: mask: 0xffffff max_cycles: 0xffffff, max_idle_ns: 2085701024 ns
[    0.893222] NET: Registered protocol family 2
[    0.900244] TCP established hash table entries: 8192 (order: 4, 65536 bytes)
[    0.906166] TCP bind hash table entries: 8192 (order: 5, 131072 bytes)
[    0.909892] TCP: Hash tables configured (established 8192 bind 8192)
[    0.909892] UDP hash table entries: 512 (order: 2, 16384 bytes)
[    0.909892] UDP-Lite hash table entries: 512 (order: 2, 16384 bytes)
[    0.909892] NET: Registered protocol family 1
[    0.909892] pci 0000:00:00.0: Limiting direct PCI/PCI transfers
[    0.909892] pci 0000:00:01.0: Activating ISA DMA hang workarounds
[    0.909892] Unpacking initramfs...
[    0.909892] Freeing initrd memory: 14888K
[    0.909892] clocksource: tsc: mask: 0xffffffffffffffff max_cycles: 0x2135fd711f6, max_idle_ns: 440795262176 ns
[    0.909892] platform rtc_cmos: registered platform RTC device (no PNP device found)
[    0.909892] Scanning for low memory corruption every 60 seconds
[    1.265796] audit: initializing netlink subsys (disabled)
[    1.271132] audit: type=2000 audit(1679185261.189:1): initialized
[    1.276744] Initialise system trusted keyring
[    1.282174] HugeTLB registered 2 MB page size, pre-allocated 0 pages
[    1.288358] zbud: loaded
[    1.290813] VFS: Disk quotas dquot_6.6.0
[    1.293770] VFS: Dquot-cache hash table entries: 512 (order 0, 4096 bytes)
[    1.298831] squashfs: version 4.0 (2009/01/31) Phillip Lougher
[    1.304309] fuse init (API version 7.23)
[    1.307734] Key type big_key registered
[    1.310490] Allocating IMA MOK and blacklist keyrings.
[    1.320562] Key type asymmetric registered
[    1.323947] Asymmetric key parser 'x509' registered
[    1.327477] Block layer SCSI generic (bsg) driver version 0.4 loaded (major 249)
[    1.333115] io scheduler noop registered
[    1.336093] io scheduler deadline registered (default)
[    1.339582] io scheduler cfq registered
[    1.342773] pci_hotplug: PCI Hot Plug PCI Core version: 0.5
[    1.346894] pciehp: PCI Express Hot Plug Controller Driver version: 0.4
[    1.352153] ACPI: AC Adapter [AC] (on-line)
[    1.355201] input: Power Button as /devices/LNXSYSTM:00/LNXPWRBN:00/input/input0
[    1.362097] ACPI: Power Button [PWRF]
[    1.366232] input: Sleep Button as /devices/LNXSYSTM:00/LNXSLPBN:00/input/input1
[    1.371766] ACPI: Sleep Button [SLPF]
[    1.375645] GHES: HEST is not enabled!
[    1.376916] ACPI: Battery Slot [BAT0] (battery present)
[    1.382702] Serial: 8250/16550 driver, 32 ports, IRQ sharing enabled
[    1.411935] 00:02: ttyS0 at I/O 0x3f8 (irq = 4, base_baud = 115200) is a 16550A
[    1.431898] Linux agpgart interface v0.103
[    1.443682] loop: module loaded
[    1.448981] scsi host0: ata_piix
[    1.452880] scsi host1: ata_piix
[    1.455338] ata1: PATA max UDMA/33 cmd 0x1f0 ctl 0x3f6 bmdma 0xd000 irq 14
[    1.461835] ata2: PATA max UDMA/33 cmd 0x170 ctl 0x376 bmdma 0xd008 irq 15
[    1.469214] libphy: Fixed MDIO Bus: probed
[    1.473158] tun: Universal TUN/TAP device driver, 1.6
[    1.477223] tun: (C) 1999-2004 Max Krasnyansky <maxk@qualcomm.com>
[    1.482634] PPP generic driver version 2.4.2
[    1.485935] ehci_hcd: USB 2.0 'Enhanced' Host Controller (EHCI) Driver
[    1.490526] ehci-pci: EHCI PCI platform driver
[    1.493803] ehci-platform: EHCI generic platform driver
[    1.497497] ohci_hcd: USB 1.1 'Open' Host Controller (OHCI) Driver
[    1.501722] ohci-pci: OHCI PCI platform driver
[    1.504951] ohci-platform: OHCI generic platform driver
[    1.508729] uhci_hcd: USB Universal Host Controller Interface driver
[    1.513138] i8042: PNP: PS/2 Controller [PNP0303:PS2K,PNP0f03:PS2M] at 0x60,0x64 irq 1,12
[    1.521515] serio: i8042 KBD port at 0x60,0x64 irq 1
[    1.524965] serio: i8042 AUX port at 0x60,0x64 irq 12
[    1.529308] mousedev: PS/2 mouse device common for all mice
[    1.536780] rtc_cmos rtc_cmos: rtc core: registered rtc_cmos as rtc0
[    1.541579] input: AT Translated Set 2 keyboard as /devices/platform/i8042/serio0/input/input2
[    1.548654] rtc_cmos rtc_cmos: alarms up to one day, 114 bytes nvram
[    1.554232] i2c /dev entries driver
[    1.559271] device-mapper: uevent: version 1.0.3
[    1.566275] device-mapper: ioctl: 4.34.0-ioctl (2015-10-28) initialised: dm-devel@redhat.com
[    1.573881] ledtrig-cpu: registered to indicate activity on CPUs
[    1.585124] NET: Registered protocol family 10
[    1.590411] NET: Registered protocol family 17
[    1.594757] Key type dns_resolver registered
[    1.600501] registered taskstats version 1
[    1.604358] Loading compiled-in X.509 certificates
[    1.608921] Loaded X.509 cert 'Build time autogenerated kernel key: cf00e047681d67edb2720680708b7d9498083038'
[    1.618190] zswap: loaded using pool lzo/zbud
[    1.675654] Key type trusted registered
[    1.686518] Key type encrypted registered
[    1.690073] AppArmor: AppArmor sha1 policy hashing enabled
[    1.693852] ima: No TPM chip found, activating TPM-bypass!
[    1.697771] ima: Allocated hash algorithm: sha1
[    1.701031] evm: HMAC attrs: 0x1
[    1.704550]   Magic number: 15:675:304
[    1.707521] tty tty33: hash matches
[    1.710632] rtc_cmos rtc_cmos: setting system clock to 2023-03-19 00:20:57 UTC (1679185257)
[    1.717139] BIOS EDD facility v0.16 2004-Jun-25, 0 devices found
[    1.721242] EDD information not available.
[    1.725991] Freeing unused kernel memory: 1492K
[    1.729186] Write protecting the kernel read-only data: 14336k
[    1.733783] Freeing unused kernel memory: 1584K
[    1.737432] Freeing unused kernel memory: 52K
Loading, please wait...
starting version 229
[    1.767171] random: systemd-udevd: uninitialized urandom read (16 bytes read, 9 bits of entropy available)
[    1.767818] random: udevadm: uninitialized urandom read (16 bytes read, 9 bits of entropy available)
[    1.767835] random: udevadm: uninitialized urandom read (16 bytes read, 9 bits of entropy available)
[    1.777207] random: udevadm: uninitialized urandom read (16 bytes read, 9 bits of entropy available)
[    1.777242] random: udevadm: uninitialized urandom read (16 bytes read, 9 bits of entropy available)
[    1.777418] random: udevadm: uninitialized urandom read (16 bytes read, 9 bits of entropy available)
[    1.777461] random: udevadm: uninitialized urandom read (16 bytes read, 9 bits of entropy available)
[    1.777551] random: udevadm: uninitialized urandom read (16 bytes read, 9 bits of entropy available)
[    1.777594] random: udevadm: uninitialized urandom read (16 bytes read, 9 bits of entropy available)
[    1.777661] random: udevadm: uninitialized urandom read (16 bytes read, 9 bits of entropy available)
[    1.909644] e1000: Intel(R) PRO/1000 Network Driver - version 7.3.21-k8-NAPI
[    1.918384] e1000: Copyright (c) 1999-2006 Intel Corporation.
[    1.926452] SSE version of gcm_enc/dec engaged.
[    1.931430] Fusion MPT base driver 3.04.20
[    1.938217] Copyright (c) 1999-2008 LSI Corporation
[    1.970963] Fusion MPT SPI Host driver 3.04.20
[    2.498832] input: ImExPS/2 Generic Explorer Mouse as /devices/platform/i8042/serio1/input/input4
[    2.527118] e1000 0000:00:03.0 eth0: (PCI:33MHz:32-bit) 02:be:82:6b:cc:1d
[    2.532715] e1000 0000:00:03.0 eth0: Intel(R) PRO/1000 Network Connection
[    3.314499] e1000 0000:00:08.0 eth1: (PCI:33MHz:32-bit) 08:00:27:72:38:0e
[    3.322759] e1000 0000:00:08.0 eth1: Intel(R) PRO/1000 Network Connection
[    3.331600] e1000 0000:00:03.0 enp0s3: renamed from eth0
[    3.336686] mptbase: ioc0: Initiating bringup
[    3.357818] e1000 0000:00:08.0 enp0s8: renamed from eth1
[    3.436541] ioc0: LSI53C1030 A0: Capabilities={Initiator}
[    4.566524] scsi host2: ioc0: LSI53C1030 A0, FwRev=00000000h, Ports=1, MaxQ=256, IRQ=20
[    5.309884] scsi 2:0:0:0: Direct-Access     VBOX     HARDDISK         1.0  PQ: 0 ANSI: 5
[    5.320113] scsi target2:0:0: Beginning Domain Validation
[    5.335616] scsi target2:0:0: Domain Validation skipping write tests
[    5.341837] scsi target2:0:0: Ending Domain Validation
[    5.348130] scsi target2:0:0: asynchronous
[    5.357096] scsi 2:0:1:0: Direct-Access     VBOX     HARDDISK         1.0  PQ: 0 ANSI: 5
[    5.366577] scsi target2:0:1: Beginning Domain Validation
[    5.382083] scsi target2:0:1: Domain Validation skipping write tests
[    5.386005] scsi target2:0:1: Ending Domain Validation
[    5.397196] scsi target2:0:1: asynchronous
[    5.432979] sd 2:0:0:0: Attached scsi generic sg0 type 0
[    5.437708] sd 2:0:0:0: [sda] 83886080 512-byte logical blocks: (42.9 GB/40.0 GiB)
[    5.444505] sd 2:0:0:0: [sda] Write Protect is off
[    5.444932] sd 2:0:1:0: [sdb] 20480 512-byte logical blocks: (10.5 MB/10.0 MiB)
[    5.445771] sd 2:0:1:0: [sdb] Write Protect is off
[    5.446232] sd 2:0:1:0: [sdb] Incomplete mode parameter data
[    5.446233] sd 2:0:1:0: [sdb] Assuming drive cache: write through
[    5.452033] sd 2:0:1:0: [sdb] Attached SCSI disk
[    5.458442] sd 2:0:1:0: Attached scsi generic sg1 type 0
[    5.476812] sd 2:0:0:0: [sda] Incomplete mode parameter data
[    5.480685] sd 2:0:0:0: [sda] Assuming drive cache: write through
[    5.489856]  sda: sda1
[    5.495037] sd 2:0:0:0: [sda] Attached SCSI disk
Begin: Loading essential drivers ... [    7.116680] md: linear personality registered for level -1
[    7.125271] md: multipath personality registered for level -4
[    7.133116] md: raid0 personality registered for level 0
[    7.151206] md: raid1 personality registered for level 1
[    7.420980] raid6: sse2x1   gen() 46710 MB/s
[    9.423457] raid6: sse2x1   xor() 136186 MB/s
[   10.420431] raid6: sse2x2   gen() 269349 MB/s
[   12.422655] raid6: sse2x2   xor() 187283 MB/s
[   12.497335] raid6: sse2x4   gen() 17748 MB/s
[   12.580449] raid6: sse2x4   xor() 13354 MB/s
[   12.584343] raid6: using algorithm sse2x2 gen() 269349 MB/s
[   12.588500] raid6: .... xor() 187283 MB/s, rmw enabled
[   12.592741] raid6: using ssse3x2 recovery algorithm
[   12.598452] xor: measuring software checksum speed
[   12.640717]    prefetch64-sse: 28565.000 MB/sec
[   12.680318]    generic_sse: 23621.000 MB/sec
[   12.684011] xor: using function: prefetch64-sse (28565.000 MB/sec)
[   12.690235] async_tx: api initialized (async)
[   12.730763] md: raid6 personality registered for level 6
[   12.735348] md: raid5 personality registered for level 5
[   12.739168] md: raid4 personality registered for level 4
[   12.759624] md: raid10 personality registered for level 10
done.
Begin: Running /scripts/init-premount ... done.
Begin: Mounting root file system ... Begin: Running /scripts/local-top ... done.
Begin: Running /scripts/local-premount ... [   12.839527] Btrfs loaded
Scanning for Btrfs filesystems
done.
Warning: fsck not present, so skipping root file system
[   12.914752] EXT4-fs (sda1): mounted filesystem with ordered data mode. Opts: (null)
done.
Begin: Running /scripts/local-bottom ... done.
Begin: Running /scripts/init-bottom ... done.
[   13.075996] systemd[1]: systemd 229 running in system mode. (+PAM +AUDIT +SELINUX +IMA +APPARMOR +SMACK +SYSVINIT +UTMP +LIBCRYPTSETUP +GCRYPT +GNUTLS +ACL +XZ -LZ4 +SECCOMP +BLKID +ELFUTILS +KMOD -IDN)
[   13.089330] systemd[1]: Detected virtualization oracle.
[   13.093171] systemd[1]: Detected architecture x86-64.

Welcome to [1mUbuntu 16.04.7 LTS[0m!

[   13.107191] systemd[1]: Set hostname to <ubuntu>.
[   13.118417] systemd[1]: Initializing machine ID from random generator.
[   13.123147] systemd[1]: Installed transient /etc/machine-id file.
[   13.341658] systemd[1]: Listening on Journal Socket.
[[0;32m  OK  [0m] Listening on Journal Socket.
[   13.350391] systemd[1]: Listening on Journal Socket (/dev/log).
[[0;32m  OK  [0m] Listening on Journal Socket (/dev/log).
[   13.360142] systemd[1]: Reached target Encrypted Volumes.
[[0;32m  OK  [0m] Reached target Encrypted Volumes.
[   13.371167] systemd[1]: Listening on fsck to fsckd communication Socket.
[[0;32m  OK  [0m] Listening on fsck to fsckd communication Socket.
[   13.380998] systemd[1]: Listening on LVM2 metadata daemon socket.
[[0;32m  OK  [0m] Listening on LVM2 metadata daemon socket.
[   13.389632] systemd[1]: Reached target User and Group Name Lookups.
[[0;32m  OK  [0m] Reached target User and Group Name Lookups.
[   13.399348] systemd[1]: Listening on /dev/initctl Compatibility Named Pipe.
[[0;32m  OK  [0m] Listening on /dev/initctl Compatibility Named Pipe.
[   13.408799] systemd[1]: Listening on LVM2 poll daemon socket.
[[0;32m  OK  [0m] Listening on LVM2 poll daemon socket.
[   13.417369] systemd[1]: Reached target System Time Synchronized.
[[0;32m  OK  [0m] Reached target System Time Synchronized.
[   13.426611] systemd[1]: Created slice User and Session Slice.
[[0;32m  OK  [0m] Created slice User and Session Slice.
[   13.435161] systemd[1]: Listening on udev Kernel Socket.
[[0;32m  OK  [0m] Listening on udev Kernel Socket.
[   13.443651] systemd[1]: Created slice System Slice.
[[0;32m  OK  [0m] Created slice System Slice.
[   13.451663] systemd[1]: Created slice system-serial\x2dgetty.slice.
[[0;32m  OK  [0m] Created slice system-serial\x2dgetty.slice.
[   13.462864] systemd[1]: Reached target Slices.
[[0;32m  OK  [0m] Reached target Slices.
[   13.497036] systemd[1]: Starting Set console keymap...
         Starting Set console keymap...
[   13.510635] systemd[1]: Starting Nameserver information manager...
         Starting Nameserver information manager...
[   13.523350] systemd[1]: Starting File System Check on Root Device...
         Starting File System Check on Root Device...
[   13.538626] systemd[1]: Mounting Huge Pages File System...
         Mounting Huge Pages File System...
[   13.554862] systemd[1]: Mounting Debug File System...
         Mounting Debug File System...
[   13.574122] systemd[1]: Listening on Syslog Socket.
[[0;32m  OK  [0m] Listening on Syslog Socket.
[   13.586513] systemd[1]: Set up automount Arbitrary Executable File Formats File System Automount Point.
[[   13.597445] random: nonblocking pool is initialized
[0;32m  OK  [0m] Set up automount Arbitrary Executab...ats File System Automount Point.
[   13.607070] systemd[1]: Started Trigger resolvconf update for networkd DNS.
[[0;32m  OK  [0m] Started Trigger resolvconf update for networkd DNS.
[   13.621244] systemd[1]: Listening on Journal Audit Socket.
[[0;32m  OK  [0m] Listening on Journal Audit Socket.
[   13.640632] systemd[1]: Starting Journal Service...
         Starting Journal Service...
[   13.650994] systemd[1]: Mounting POSIX Message Queue File System...
         Mounting POSIX Message Queue File System...
[   13.665917] systemd[1]: Starting Create list of required static device nodes for the current kernel...
         Starting Create list of required st... nodes for the current kernel...
[   13.683292] systemd[1]: Started Forward Password Requests to Wall Directory Watch.
[[0;32m  OK  [0m] Started Forward Password Requests to Wall Directory Watch.
[   13.699881] systemd[1]: Starting Load Kernel Modules...
         Starting Load Kernel Modules...
[   13.719623] systemd[1]: Reached target Swap.
[[0;32m  OK  [0m] Reached target Swap.
[   13.729403] systemd[1]: Listening on Device-mapper event daemon FIFOs.
[   13.736307] Loading iSCSI transport class v2.0-870.
[[0;32m  OK  [0m] Listening on Device-mapper event daemon FIFOs.
[   13.745117] systemd[1]: Starting Monitoring of LVM2 mirrors, snapshots etc. using dmeventd or progress polling...
         Starting Monitoring of LVM2 mirrors... dmeventd or progress polling...
[   13.765350] systemd[1]: Starting Uncomplicated firewall...
[   13.773984] iscsi: registered transport (tcp)
         Starting Uncomplicated firewall...
[   13.783427] systemd[1]: Listening on udev Control Socket.
[[0;32m  OK  [0m] Listening on udev Control Socket.
[   13.801579] systemd[1]: Mounted Huge Pages File System.
[[0;32m  OK  [0m] Mounted Huge Pages File System.
[   13.816764] systemd[1]: Mounted POSIX Message Queue File System.
[[0;32m  OK  [0m] Mounted POSIX Message Queue File System.
[   13.828852] systemd[1]: Mounted Debug File System.
[[0;32m  OK  [0m] Mounted Debug File System.
[   13.841097] systemd[1]: Started Journal Service.
[[0;32m  OK  [0m] Started Journal Service.
[[0;32m  OK  [0m] Started Set console keymap.
[[0;32m  OK  [0m] Started File System Check on Root Device.
[   13.893472] iscsi: registered transport (iser)
[[0;32m  OK  [0m] Started Create list of required sta...ce nodes for the current kernel.
[[0;32m  OK  [0m] Started Load Kernel Modules.
[[0;32m  OK  [0m] Started Uncomplicated firewall.
[[0;32m  OK  [0m] Started Nameserver information manager.
[[0;32m  OK  [0m] Started LVM2 metadata daemon.
[[0;32m  OK  [0m] Started File System Check Daemon to report status.
         Starting Apply Kernel Variables...
         Mounting FUSE Control File System...
         Starting Create Static Device Nodes in /dev...
         Starting Remount Root and Kernel File Systems...
[[0;32m  OK  [0m] Mounted FUSE Control File System.
[[0;32m  OK  [0m] Started Apply Kernel Variables.
[[0;32m  OK  [0m] Started Create Static Device Nodes in /dev.
[[0;32m  OK  [0m] Started Remount Root and Kernel File Systems.
         Starting Flush Journal to Persistent Storage...
         Starting Load/Save Random Seed...
         Starting udev Coldplug all Devices...
         Starting udev Kernel Device Manager...
[[0;32m  OK  [0m] Started Load/Save Random Seed.
[[0;32m  OK  [0m] Started Flush Journal to Persistent Storage.
[[0;32m  OK  [0m] Started udev Coldplug all Devices.
[[0;32m  OK  [0m] Started udev Kernel Device Manager.
[[0;32m  OK  [0m] Started Dispatch Password Requests to Console Directory Watch.
[[0;32m  OK  [0m] Found device /dev/ttyS0.
[[0;32m  OK  [0m] Listening on Load/Save RF Kill Switch Status /dev/rfkill Watch.
[[0;32m  OK  [0m] Started Monitoring of LVM2 mirrors,...ng dmeventd or progress polling.
[[0;32m  OK  [0m] Reached target Local File Systems (Pre).
[[0;32m  OK  [0m] Reached target Local File Systems.
         Starting Commit a transient machine-id on disk...
         Starting Initial cloud-init job (pre-networking)...
         Starting LSB: AppArmor initialization...
         Starting Set console font and keymap...
         Starting Create Volatile Files and Directories...
         Starting Tell Plymouth To Write Out Runtime Data...
[[0;32m  OK  [0m] Started Commit a transient machine-id on disk.
[[0;32m  OK  [0m] Started Create Volatile Files and Directories.
[[0;32m  OK  [0m] Started Tell Plymouth To Write Out Runtime Data.
[   16.105038] cloud-init[612]: Cloud-init v. 21.1-19-gbad84ad4-0ubuntu1~16.04.2 running 'init-local' at Sun, 19 Mar 2023 00:21:11 +0000. Up 15.79 seconds.
         Starting Update UTMP about System Boot/Shutdown...
[[0;32m  OK  [0m] Started Update UTMP about System Boot/Shutdown.
[[0;32m  OK  [0m] Started Set console font and keymap.
[[0;32m  OK  [0m] Created slice system-getty.slice.
[[0;32m  OK  [0m] Started Initial cloud-init job (pre-networking).
[[0;32m  OK  [0m] Reached target Network (Pre).
[[0;32m  OK  [0m] Started LSB: AppArmor initialization.
         Starting Load AppArmor profiles managed internally by snapd...
         Starting Raise network interfaces...
[[0;32m  OK  [0m] Started Load AppArmor profiles managed internally by snapd.
[[0;32m  OK  [0m] Started Raise network interfaces.
         Starting Initial cloud-init job (metadata service crawler)...
[[0;32m  OK  [0m] Reached target Network.
[   17.833600] cloud-init[963]: Cloud-init v. 21.1-19-gbad84ad4-0ubuntu1~16.04.2 running 'init' at Sun, 19 Mar 2023 00:21:12 +0000. Up 17.16 seconds.
[   17.839763] cloud-init[963]: ci-info: ++++++++++++++++++++++++++++++++++++++Net device info+++++++++++++++++++++++++++++++++++++++
[   17.845510] cloud-init[963]: ci-info: +--------+-------+----------------------------+---------------+--------+-------------------+
[   17.851849] cloud-init[963]: ci-info: | Device |   Up  |          Address           |      Mask     | Scope  |     Hw-Address    |
[   17.858271] cloud-init[963]: ci-info: +--------+-------+----------------------------+---------------+--------+-------------------+
[   17.865666] cloud-init[963]: ci-info: | enp0s3 |  True |         10.0.2.15          | 255.255.255.0 | global | 02:be:82:6b:cc:1d |
[   17.871774] cloud-init[963]: ci-info: | enp0s3 |  True | fe80::be:82ff:fe6b:cc1d/64 |       .       |  link  | 02:be:82:6b:cc:1d |
[   17.877135] cloud-init[963]: ci-info: | enp0s8 | False |             .              |       .       |   .    | 08:00:27:72:38:0e |
[   17.882355] cloud-init[963]: ci-info: |   lo   |  True |         127.0.0.1          |   255.0.0.0   |  host  |         .         |
[   17.887798] cloud-init[963]: ci-info: |   lo   |  True |          ::1/128           |       .       |  host  |         .         |
[   17.893374] cloud-init[963]: ci-info: +--------+-------+----------------------------+---------------+--------+-------------------+
[   17.899314] cloud-init[963]: ci-info: +++++++++++++++++++++++++++Route IPv4 info++++++++++++++++++++++++++++
[   17.905346] cloud-init[963]: ci-info: +-------+-------------+----------+---------------+-----------+-------+
[   17.910480] cloud-init[963]: ci-info: | Route | Destination | Gateway  |    Genmask    | Interface | Flags |
[   17.915556] cloud-init[963]: ci-info: +-------+-------------+----------+---------------+-----------+-------+
[   17.920915] cloud-init[963]: ci-info: |   0   |   0.0.0.0   | 10.0.2.2 |    0.0.0.0    |   enp0s3  |   UG  |
[   17.925926] cloud-init[963]: ci-info: |   1   |   10.0.2.0  | 0.0.0.0  | 255.255.255.0 |   enp0s3  |   U   |
[   17.930837] cloud-init[963]: ci-info: +-------+-------------+----------+---------------+-----------+-------+
[   17.936303] cloud-init[963]: ci-info: +++++++++++++++++++Route IPv6 info+++++++++++++++++++
[   17.941143] cloud-init[963]: ci-info: +-------+-------------+---------+-----------+-------+
[   17.945572] cloud-init[963]: ci-info: | Route | Destination | Gateway | Interface | Flags |
[   17.950052] cloud-init[963]: ci-info: +-------+-------------+---------+-----------+-------+
[   17.955104] cloud-init[963]: ci-info: |   0   |  fe80::/64  |    ::   |   enp0s3  |   U   |
[   17.960649] cloud-init[963]: ci-info: |   3   |   ff00::/8  |    ::   |   enp0s3  |   U   |
[   17.966749] cloud-init[963]: ci-info: +-------+-------------+---------+-----------+-------+
[   17.971369] cloud-init[963]: Generating public/private rsa key pair.
[   17.975645] cloud-init[963]: Your identification has been saved in /etc/ssh/ssh_host_rsa_key.
[   17.981213] cloud-init[963]: Your public key has been saved in /etc/ssh/ssh_host_rsa_key.pub.
[   17.987432] cloud-init[963]: The key fingerprint is:
[[   17.991327] cloud-init[963]: SHA256:rnEC+jErZKnuCeTbSi5kPk2Hf8sLJCoghbcfXuYHibY root@ubuntu-xenial
[   17.993443] cloud-init[963]: The key's randomart image is:
[   17.994077] cloud-init[963]: +---[RSA 2048]----+
[   17.994390] cloud-init[963]: |                 |
[   17.994794] cloud-init[963]: | .               |
[   17.995128] cloud-init[963]: |. o              |
[   17.995507] cloud-init[963]: | o . . .         |
[   17.995921] cloud-init[963]: |o..o*.= S        |
[   17.996716] cloud-init[963]: |=o=BoO o         |
[   17.997061] cloud-init[963]: |*B+ E.+ +        |
[   17.997421] cloud-init[963]: |Bo=o =oB         |
[   17.997781] cloud-init[963]: |+Booo o+o        |
[   17.998109] cloud-init[963]: +----[SHA256]-----+
[   17.998461] cloud-init[963]: Generating public/private dsa key pair.
[   17.998829] cloud-init[963]: Your identification has been saved in /etc/ssh/ssh_host_dsa_key.
[   17.999223] cloud-init[963]: Your public key has been saved in /etc/ssh/ssh_host_dsa_key.pub.
[   17.999614] cloud-init[963]: The key fingerprint is:
[   17.999950] cloud-init[963]: SHA256:8va/eAbVTaPhwB87KACUModMd0z/CZmzA5A92RzBgjk root@ubuntu-xenial
[   18.000346] cloud-init[963]: The key's randomart image is:
[   18.001129] cloud-init[963]: +---[DSA 1024]----+
[   18.001485] cloud-init[963]: |  o.o=Xo=o+      |
[   18.001843] cloud-init[963]: |   =.EoB.+oo o ..|
[   18.002162] cloud-init[963]: |    + ..+*  =.=o.|
[   18.002539] cloud-init[963]: |        ..=.o*. .|
[   18.002898] cloud-init[963]: |      . So.+  .  |
[   18.003261] cloud-init[963]: |       o  o      |
[   18.003624] cloud-init[963]: |        o  .     |
[   18.004021] cloud-init[963]: |       . . .o    |
[   18.004864] cloud-init[963]: |          o+o.   |
[   18.005207] cloud-init[963]: +----[SHA256]-----+
[   18.005586] cloud-init[963]: Generating public/private ecdsa key pair.
[   18.005971] cloud-init[963]: Your identification has been saved in /etc/ssh/ssh_host_ecdsa_key.
[   18.006378] cloud-init[963]: Your public key has been saved in /etc/ssh/ssh_host_ecdsa_key.pub.
[   18.006814] cloud-init[963]: The key fingerprint is:
[   18.007226] cloud-init[963]: SHA256:8kh2ogf+iggNZahtdxvxiWZjMb051p4NoTLPPheUQhQ root@ubuntu-xenial
[   18.007583] cloud-init[963]: The key's randomart image is:
[   18.007931] cloud-init[963]: +---[ECDSA 256]---+
[   18.008759] cloud-init[963]: |       .E.       |
[   18.009078] cloud-init[963]: | .     ..        |
[   18.009437] cloud-init[963]: |. o   +.. ..     |
[   18.009801] cloud-init[963]: |.+     *.*o.     |
[   18.010134] cloud-init[963]: |o o o / Soo      |
[   18.010465] cloud-init[963]: | + o X / o.+     |
[   18.010829] cloud-init[963]: |. . o + + o..    |
[   18.011189] cloud-init[963]: |.. . o .. .      |
[   18.011556] cloud-init[963]: |. . ... .o       |
[   18.012009] cloud-init[963]: +----[SHA256]-----+
[   18.012889] cloud-init[963]: Generating public/private ed25519 key pair.
[   18.013250] cloud-init[963]: Your identification has been saved in /etc/ssh/ssh_host_ed25519_key.
[   18.013603] cloud-init[963]: Your public key has been saved in /etc/ssh/ssh_host_ed25519_key.pub.
[   18.013963] cloud-init[963]: The key fingerprint is:
[   18.014397] cloud-init[963]: SHA256:mJyLIrRhl8jp3S7dPrq/xXu6sAP+ZVb/uhuCQG+r8HY root@ubuntu-xenial
[   18.014729] cloud-init[963]: The key's randomart image is:
[   18.015062] cloud-init[963]: +--[ED25519 256]--+
[   18.015431] cloud-init[963]: |                 |
[   18.015787] cloud-init[963]: |                 |
[   18.016583] cloud-init[963]: |       .         |
[   18.016985] cloud-init[963]: |. o ...+.        |
[   18.017379] cloud-init[963]: | B o  =.So .     |
[   18.017820] cloud-init[963]: |+ = .o .+ + .    |
[   18.018290] cloud-init[963]: |.o..+o+. O . o   |
[   18.018749] cloud-init[963]: | . o.oo=OE... o  |
[   18.018811] cloud-init[963]: |    .+BO=++  ++. |
[   18.018909] cloud-init[963]: +----[SHA256]-----+
[0;32m  OK  [0m] Started Initial cloud-init job (metadata service crawler).
[[0;32m  OK  [0m] Reached target System Initialization.
         Starting Socket activation for snappy daemon.
         Starting LXD - unix socket.
[[0;32m  OK  [0m] Started Message of the Day.
[[0;32m  OK  [0m] Started ACPI Events Check.
[[0;32m  OK  [0m] Reached target Paths.
[[0;32m  OK  [0m] Started Daily Cleanup of Temporary Directories.
[[0;32m  OK  [0m] Listening on ACPID Listen Socket.
[[0;32m  OK  [0m] Listening on UUID daemon activation socket.
[[0;32m  OK  [0m] Started Daily apt download activities.
[[0;32m  OK  [0m] Started Ubuntu Advantage update messaging.
[[0;32m  OK  [0m] Started Daily apt upgrade and clean activities.
[[0;32m  OK  [0m] Reached target Timers.
[[0;32m  OK  [0m] Listening on D-Bus System Message Bus Socket.
[[0;32m  OK  [0m] Reached target Cloud-config availability.
[[0;32m  OK  [0m] Reached target Network is Online.
         Starting iSCSI initiator daemon (iscsid)...
[[0;32m  OK  [0m] Listening on Socket activation for snappy daemon.
[[0;32m  OK  [0m] Listening on LXD - unix socket.
[[0;32m  OK  [0m] Reached target Sockets.
[[0;32m  OK  [0m] Reached target Basic System.
         Starting Accounts Service...
[[0;32m  OK  [0m] Started FUSE filesystem for LXC.
         Starting Login Service...
[[0;32m  OK  [0m] Started Regular background program processing daemon.
         Starting Pollinate to seed the pseudo random number generator...
         Starting Virtualbox guest utils...
         Starting LXD - container startup/shutdown...
         Starting System Logging Service...
[[0;32m  OK  [0m] Started ACPI event daemon.
         Starting /etc/rc.local Compatibility...
[[0;32m  OK  [0m] Started Deferred execution scheduler.
[[0;32m  OK  [0m] Started D-Bus System Message Bus.
         Starting LSB: MD monitoring daemon...
         Starting LSB: Record successful boot for GRUB...
         Starting Snap Daemon...
[[0;32m  OK  [0m] Started System Logging Service.
[[0;32m  OK  [0m] Started iSCSI initiator daemon (iscsid).
[[0;32m  OK  [0m] Started /etc/rc.local Compatibility.
[[0;32m  OK  [0m] Started Login Service.
[[0;32m  OK  [0m] Started Unattended Upgrades Shutdown.
         Starting Authenticate and Authorize Users to Run Privileged Tasks...
         Starting Login to default iSCSI targets...
[[0;32m  OK  [0m] Started LSB: Record successful boot for GRUB.
[[0;32m  OK  [0m] Started Authenticate and Authorize Users to Run Privileged Tasks.
[[0;32m  OK  [0m] Started Accounts Service.
[[0;32m  OK  [0m] Started Login to default iSCSI targets.
[[0;32m  OK  [0m] Reached target Remote File Systems (Pre).
[[0;32m  OK  [0m] Reached target Remote File Systems.
         Starting LSB: daemon to balance interrupts for SMP systems...
         Starting Permit User Sessions...
         Starting LSB: automatic crash report generation...
         Starting LSB: Set the CPU Frequency Scaling governor to "ondemand"...
[[0;32m  OK  [0m] Started LXD - container startup/shutdown.
[[0;32m  OK  [0m] Started LSB: MD monitoring daemon.
[[0;32m  OK  [0m] Started Permit User Sessions.
         Starting Terminate Plymouth Boot Screen...
         Starting Hold until boot process finishes up...
[[0;32m  OK  [0m] Started Terminate Plymouth Boot Screen.
[[0;32m  OK  [0m] Started Hold until boot process finishes up.
[[0;32m  OK  [0m] Started Getty on tty1.
[[0;32m  OK  [0m] Started Serial Getty on ttyS0.
[[0;32m  OK  [0m] Reached target Login Prompts.
         Starting Set console scheme...
[[0;32m  OK  [0m] Started LSB: daemon to balance interrupts for SMP systems.
[[0;32m  OK  [0m] Started LSB: automatic crash report generation.
[[0;32m  OK  [0m] Started LSB: Set the CPU Frequency Scaling governor to "ondemand".
[[0;32m  OK  [0m] Started Set console scheme.
[[0;32m  OK  [0m] Started Virtualbox guest utils.
[[0;32m  OK  [0m] Started Snap Daemon.
         Starting Wait until snapd is fully seeded...
[[0;32m  OK  [0m] Started Pollinate to seed the pseudo random number generator.
         Starting OpenBSD Secure Shell server...
[[0;32m  OK  [0m] Started OpenBSD Secure Shell server.
[[0;32m  OK  [0m] Created slice User Slice of vagrant.
         Starting User Manager for UID 1000...
[[0;32m  OK  [0m] Started Session 1 of user vagrant.
[[0;32m  OK  [0m] Started User Manager for UID 1000.
[[0;32m  OK  [0m] Started Wait until snapd is fully seeded.
         Starting Apply the settings specified in cloud-config...
[[0;32m  OK  [0m] Reached target Multi-User System.
[[0;32m  OK  [0m] Reached target Graphical Interface.
         Starting Update UTMP about System Runlevel Changes...
[[0;32m  OK  [0m] Started Update UTMP about System Runlevel Changes.
[   21.450645] cloud-init[1416]: Generating locales (this might take a while)...
[   22.470004] cloud-init[1416]:   en_US.UTF-8... done
[   22.473695] cloud-init[1416]: Generation complete.
[   22.871294] cloud-init[1416]: Cloud-init v. 21.1-19-gbad84ad4-0ubuntu1~16.04.2 running 'modules:config' at Sun, 19 Mar 2023 00:21:17 +0000. Up 21.31 seconds.
[[0;32m  OK  [0m] Started Apply the settings specified in cloud-config.
         Starting Execute cloud user/final scripts...
ci-info: no authorized SSH keys fingerprints found for user ubuntu.
<14>Mar 19 00:21:19 ec2: 
<14>Mar 19 00:21:19 ec2: #############################################################
<14>Mar 19 00:21:19 ec2: -----BEGIN SSH HOST KEY FINGERPRINTS-----
<14>Mar 19 00:21:19 ec2: 1024 SHA256:8va/eAbVTaPhwB87KACUModMd0z/CZmzA5A92RzBgjk root@ubuntu-xenial (DSA)
<14>Mar 19 00:21:19 ec2: 256 SHA256:8kh2ogf+iggNZahtdxvxiWZjMb051p4NoTLPPheUQhQ root@ubuntu-xenial (ECDSA)
<14>Mar 19 00:21:19 ec2: 256 SHA256:mJyLIrRhl8jp3S7dPrq/xXu6sAP+ZVb/uhuCQG+r8HY root@ubuntu-xenial (ED25519)
<14>Mar 19 00:21:19 ec2: 2048 SHA256:rnEC+jErZKnuCeTbSi5kPk2Hf8sLJCoghbcfXuYHibY root@ubuntu-xenial (RSA)
<14>Mar 19 00:21:19 ec2: -----END SSH HOST KEY FINGERPRINTS-----
<14>Mar 19 00:21:19 ec2: #############################################################
-----BEGIN SSH HOST KEY KEYS-----
ecdsa-sha2-nistp256 AAAAE2VjZHNhLXNoYTItbmlzdHAyNTYAAAAIbmlzdHAyNTYAAABBBOGyGPX2rqvLKDiP24sKzx1AUvn0u9+eYyxRNqmCtMxHf1rwh3Y64yeugBuoX85og4smPEiNGC+nNtybi0HgB9U= root@ubuntu-xenial
ssh-ed25519 AAAAC3NzaC1lZDI1NTE5AAAAIGtnV5zqQ+gf8KTL8M5H85XL+gLj5QRD0txsZruWYLXp root@ubuntu-xenial
ssh-rsa AAAAB3NzaC1yc2EAAAADAQABAAABAQCvXJHeAEdLy/KH5GG7pNlXFvBb15FjSANL9C+LYKCxsxUe2X0PB1M2J9B1ozUL3t0UHrC7j//umNHOcbLIhp05UatakNThTrWmkwzJjBmPRGBd0PqnMefggr5X85FtREXBpFZFUAHAV4R4q2J8jU3dqdNQrqSGo1+PKw6VFS7767S6awGvl+y0DYZRoXQCxuWhmBj3pNrlE7gMlY2pxj220S6OifRsF4/5JAEIut0H1kEeVoSkjyz/zE+v2i/BdBWtD/EgmtWpscs9XAYM50XVS8xQlClbzKTAfwJGtthTV/F8H/KkV5bFc+UsZ9Aqg65iNad1+jZCBjzhhBjzIUT5 root@ubuntu-xenial
-----END SSH HOST KEY KEYS-----
[   23.445045] cloud-init[1576]: Cloud-init v. 21.1-19-gbad84ad4-0ubuntu1~16.04.2 running 'modules:final' at Sun, 19 Mar 2023 00:21:19 +0000. Up 23.21 seconds.
[   23.452594] cloud-init[1576]: ci-info: no authorized SSH keys fingerprints found for user ubuntu.
[   23.459999] cloud-init[1576]: Cloud-init v. 21.1-19-gbad84ad4-0ubuntu1~16.04.2 finished at Sun, 19 Mar 2023 00:21:19 +0000. Datasource DataSourceNoCloud [seed=/dev/sdb][dsmode=net].  Up 23.44 seconds
[[0;32m  OK  [0m] Started Execute cloud user/final scripts.
[[0;32m  OK  [0m] Reached target Cloud-init target.

Ubuntu 16.04.7 LTS ubuntu-xenial ttyS0

ubuntu-xenial login: 