[    0.000000] Initializing cgroup subsys cpuset
[    0.000000] Initializing cgroup subsys cpu
[    0.000000] Initializing cgroup subsys cpuacct
[    0.000000] Linux version 4.4.0-210-generic (buildd@lgw01-amd64-009) (gcc version 5.4.0 20160609 (Ubuntu 5.4.0-6ubuntu1~16.04.12) ) #242-Ubuntu SMP Fri Apr 16 09:57:56 UTC 2021 (Ubuntu 4.4.0-210.242-generic 4.4.262)
[    0.000000] Command line: BOOT_IMAGE=/boot/vmlinuz-4.4.0-210-generic root=LABEL=cloudimg-rootfs ro console=tty1 console=ttyS0
[    0.000000] KERNEL supported cpus:
[    0.000000]   Intel GenuineIntel
[    0.000000]   AMD AuthenticAMD
[    0.000000]   Centaur CentaurHauls
[    0.000000] x86/fpu: Legacy x87 FPU detected.
[    0.000000] e820: BIOS-provided physical RAM map:
[    0.000000] BIOS-e820: [mem 0x0000000000000000-0x000000000009fbff] usable
[    0.000000] BIOS-e820: [mem 0x000000000009fc00-0x000000000009ffff] reserved
[    0.000000] BIOS-e820: [mem 0x00000000000f0000-0x00000000000fffff] reserved
[    0.000000] BIOS-e820: [mem 0x0000000000100000-0x000000003ffeffff] usable
[    0.000000] BIOS-e820: [mem 0x000000003fff0000-0x000000003fffffff] ACPI data
[    0.000000] BIOS-e820: [mem 0x00000000fec00000-0x00000000fec00fff] reserved
[    0.000000] BIOS-e820: [mem 0x00000000fee00000-0x00000000fee00fff] reserved
[    0.000000] BIOS-e820: [mem 0x00000000fffc0000-0x00000000ffffffff] reserved
[    0.000000] NX (Execute Disable) protection: active
[    0.000000] SMBIOS 2.5 present.
[    0.000000] Hypervisor detected: KVM
[    0.000000] Kernel/User page tables isolation: disabled
[    0.000000] e820: last_pfn = 0x3fff0 max_arch_pfn = 0x400000000
[    0.000000] MTRR: Disabled
[    0.000000] x86/PAT: MTRRs disabled, skipping PAT initialization too.
[    0.000000] CPU MTRRs all blank - virtualized system.
[    0.000000] x86/PAT: Configuration [0-7]: WB  WT  UC- UC  WB  WT  UC- UC  
[    0.000000] found SMP MP-table at [mem 0x0009fff0-0x0009ffff] mapped at [ffff88000009fff0]
[    0.000000] Scanning 1 areas for low memory corruption
[    0.000000] RAMDISK: [mem 0x362dc000-0x37165fff]
[    0.000000] ACPI: Early table checksum verification disabled
[    0.000000] ACPI: RSDP 0x00000000000E0000 000024 (v02 VBOX  )
[    0.000000] ACPI: XSDT 0x000000003FFF0030 00003C (v01 VBOX   VBOXXSDT 00000001 ASL  00000061)
[    0.000000] ACPI: FACP 0x000000003FFF00F0 0000F4 (v04 VBOX   VBOXFACP 00000001 ASL  00000061)
[    0.000000] ACPI: DSDT 0x000000003FFF0610 002353 (v02 VBOX   VBOXBIOS 00000002 INTL 20100528)
[    0.000000] ACPI: FACS 0x000000003FFF0200 000040
[    0.000000] ACPI: FACS 0x000000003FFF0200 000040
[    0.000000] ACPI: APIC 0x000000003FFF0240 00005C (v02 VBOX   VBOXAPIC 00000001 ASL  00000061)
[    0.000000] ACPI: SSDT 0x000000003FFF02A0 00036C (v01 VBOX   VBOXCPUT 00000002 INTL 20100528)
[    0.000000] No NUMA configuration found
[    0.000000] Faking a node at [mem 0x0000000000000000-0x000000003ffeffff]
[    0.000000] NODE_DATA(0) allocated [mem 0x3ffeb000-0x3ffeffff]
[    0.000000] kvm-clock: Using msrs 4b564d01 and 4b564d00
[    0.000000] kvm-clock: cpu 0, msr 0:3ffe3001, primary cpu clock
[    0.000000] kvm-clock: using sched offset of 3575248756 cycles
[    0.000000] clocksource: kvm-clock: mask: 0xffffffffffffffff max_cycles: 0x1cd42e4dffb, max_idle_ns: 881590591483 ns
[    0.000000] Zone ranges:
[    0.000000]   DMA      [mem 0x0000000000001000-0x0000000000ffffff]
[    0.000000]   DMA32    [mem 0x0000000001000000-0x000000003ffeffff]
[    0.000000]   Normal   empty
[    0.000000]   Device   empty
[    0.000000] Movable zone start for each node
[    0.000000] Early memory node ranges
[    0.000000]   node   0: [mem 0x0000000000001000-0x000000000009efff]
[    0.000000]   node   0: [mem 0x0000000000100000-0x000000003ffeffff]
[    0.000000] Initmem setup node 0 [mem 0x0000000000001000-0x000000003ffeffff]
[    0.000000] ACPI: PM-Timer IO Port: 0x4008
[    0.000000] IOAPIC[0]: apic_id 2, version 32, address 0xfec00000, GSI 0-23
[    0.000000] ACPI: INT_SRC_OVR (bus 0 bus_irq 0 global_irq 2 dfl dfl)
[    0.000000] ACPI: INT_SRC_OVR (bus 0 bus_irq 9 global_irq 9 low level)
[    0.000000] Using ACPI (MADT) for SMP configuration information
[    0.000000] smpboot: Allowing 2 CPUs, 0 hotplug CPUs
[    0.000000] PM: Registered nosave memory: [mem 0x00000000-0x00000fff]
[    0.000000] PM: Registered nosave memory: [mem 0x0009f000-0x0009ffff]
[    0.000000] PM: Registered nosave memory: [mem 0x000a0000-0x000effff]
[    0.000000] PM: Registered nosave memory: [mem 0x000f0000-0x000fffff]
[    0.000000] e820: [mem 0x40000000-0xfebfffff] available for PCI devices
[    0.000000] Booting paravirtualized kernel on KVM
[    0.000000] clocksource: refined-jiffies: mask: 0xffffffff max_cycles: 0xffffffff, max_idle_ns: 7645519600211568 ns
[    0.000000] setup_percpu: NR_CPUS:512 nr_cpumask_bits:512 nr_cpu_ids:2 nr_node_ids:1
[    0.000000] PERCPU: Embedded 33 pages/cpu @ffff88003fc00000 s95192 r8192 d31784 u1048576
[    0.000000] Built 1 zonelists in Node order, mobility grouping on.  Total pages: 257912
[    0.000000] Policy zone: DMA32
[    0.000000] Kernel command line: BOOT_IMAGE=/boot/vmlinuz-4.4.0-210-generic root=LABEL=cloudimg-rootfs ro console=tty1 console=ttyS0
[    0.000000] PID hash table entries: 4096 (order: 3, 32768 bytes)
[    0.000000] Memory: 997792K/1048120K available (8644K kernel code, 1332K rwdata, 4044K rodata, 1492K init, 1164K bss, 50328K reserved, 0K cma-reserved)
[    0.000000] SLUB: HWalign=64, Order=0-3, MinObjects=0, CPUs=2, Nodes=1
[    0.000000] Hierarchical RCU implementation.
[    0.000000] 	Build-time adjustment of leaf fanout to 64.
[    0.000000] 	RCU restricting CPUs from NR_CPUS=512 to nr_cpu_ids=2.
[    0.000000] RCU: Adjusting geometry for rcu_fanout_leaf=64, nr_cpu_ids=2
[    0.000000] NR_IRQS:33024 nr_irqs:440 16
[    0.000000] Console: colour VGA+ 80x25
[    0.000000] console [tty1] enabled
[    0.000000] console [ttyS0] enabled
[    0.000000] tsc: Detected 2304.006 MHz processor
[    0.435673] Calibrating delay loop (skipped) preset value.. 4608.01 BogoMIPS (lpj=9216024)
[    0.441644] pid_max: default: 32768 minimum: 301
[    0.444942] ACPI: Core revision 20150930
[    0.448730] ACPI: 2 ACPI AML tables successfully acquired and loaded
[    0.453804] Security Framework initialized
[    0.456732] Yama: becoming mindful.
[    0.460587] AppArmor: AppArmor initialized
[    0.463822] Dentry cache hash table entries: 131072 (order: 8, 1048576 bytes)
[    0.472206] Inode-cache hash table entries: 65536 (order: 7, 524288 bytes)
[    0.479928] Mount-cache hash table entries: 2048 (order: 2, 16384 bytes)
[    0.485016] Mountpoint-cache hash table entries: 2048 (order: 2, 16384 bytes)
[    0.493090] Initializing cgroup subsys io
[    0.497652] Initializing cgroup subsys memory
[    0.500893] Initializing cgroup subsys devices
[    0.504063] Initializing cgroup subsys freezer
[    0.508517] Initializing cgroup subsys net_cls
[    0.513072] Initializing cgroup subsys perf_event
[    0.516412] Initializing cgroup subsys net_prio
[    0.521192] Initializing cgroup subsys hugetlb
[    0.524622] Initializing cgroup subsys pids
[    0.538939] mce: CPU supports 0 MCE banks
[    0.543597] Last level iTLB entries: 4KB 64, 2MB 8, 4MB 8
[    0.549850] Last level dTLB entries: 4KB 64, 2MB 0, 4MB 0, 1GB 4
[    0.555170] Spectre V1 : Mitigation: usercopy/swapgs barriers and __user pointer sanitization
[    0.564310] Spectre V2 : Mitigation: Enhanced IBRS
[    0.568381] Spectre V2 : Spectre v2 / SpectreRSB mitigation: Filling RSB on context switch
[    0.574282] Speculative Store Bypass: Vulnerable
[    0.578387] SRBDS: Mitigation: TSX disabled
[    0.612995] Freeing SMP alternatives memory: 36K
[    0.682311] ftrace: allocating 32380 entries in 127 pages
[    1.105647] smpboot: APIC(0) Converting physical 0 to logical package 0
[    1.112278] smpboot: Max logical packages: 1
[    1.126866] ..TIMER: vector=0x30 apic1=0 pin1=2 apic2=-1 pin2=-1
[    1.239906] APIC calibration not consistent with PM-Timer: 102ms instead of 100ms
[    1.245682] APIC delta adjusted to PM-Timer: 6256260 (6404770)
[    1.250586] smpboot: CPU0: Intel(R) Core(TM) i7-10510U CPU @ 1.80GHz (family: 0x6, model: 0x8e, stepping: 0xc)
[    1.258329] Performance Events: unsupported p6 CPU model 142 no PMU driver, software events only.
[    1.328988] KVM setup paravirtual spinlock
[    1.334618] x86: Booting SMP configuration:
[    1.338302] .... node  #0, CPUs:      #1
[    1.342368] kvm-clock: cpu 1, msr 0:3ffe3041, secondary cpu clock
[    1.357015] mce: CPU supports 0 MCE banks
[    1.361222] TSC synchronization [CPU#0 -> CPU#1]:
[    1.364755] Measured 43481 cycles TSC warp between CPUs, turning off TSC clock.
[    1.369671] tsc: Marking TSC unstable due to check_tsc_sync_source failed
[    0.441769] x86: Booted up 1 node, 2 CPUs
[    0.444005] smpboot: Total of 2 processors activated (9216.02 BogoMIPS)
[    0.452530] devtmpfs: initialized
[    0.457152] evm: security.selinux
[    0.460004] evm: security.SMACK64
[    0.462432] evm: security.SMACK64EXEC
[    0.464001] evm: security.SMACK64TRANSMUTE
[    0.466771] evm: security.SMACK64MMAP
[    0.468002] evm: security.ima
[    0.470094] evm: security.capability
[    0.472250] clocksource: jiffies: mask: 0xffffffff max_cycles: 0xffffffff, max_idle_ns: 7645041785100000 ns
[    0.476009] futex hash table entries: 512 (order: 3, 32768 bytes)
[    0.480304] pinctrl core: initialized pinctrl subsystem
[    0.484285] RTC time: 12:39:38, date: 03/13/23
[    0.488973] NET: Registered protocol family 16
[    0.504011] cpuidle: using governor ladder
[    0.520008] cpuidle: using governor menu
[    0.523433] PCCT header not found.
[    0.524229] ACPI: bus type PCI registered
[    0.527113] acpiphp: ACPI Hot Plug PCI Controller Driver version: 0.5
[    0.528395] PCI: Using configuration type 1 for base access
[    0.548341] ACPI: Added _OSI(Module Device)
[    0.552002] ACPI: Added _OSI(Processor Device)
[    0.555126] ACPI: Added _OSI(3.0 _SCP Extensions)
[    0.556002] ACPI: Added _OSI(Processor Aggregator Device)
[    0.560939] ACPI: Executed 1 blocks of module-level executable AML code
[    0.568062] ACPI: Interpreter enabled
[    0.571388] ACPI: (supports S0 S5)
[    0.572003] ACPI: Using IOAPIC for interrupt routing
[    0.576282] PCI: Using host bridge windows from ACPI; if necessary, use "pci=nocrs" and report a bug
[    0.589540] ACPI: PCI Root Bridge [PCI0] (domain 0000 [bus 00-ff])
[    0.592005] acpi PNP0A03:00: _OSC: OS supports [ASPM ClockPM Segments MSI]
[    0.596470] acpi PNP0A03:00: _OSC: not requesting OS control; OS requires [ExtendedConfig ASPM ClockPM MSI]
[    0.600007] acpi PNP0A03:00: fail to add MMCONFIG information, can't access extended PCI configuration space under this bridge.
[    0.604540] PCI host bridge to bus 0000:00
[    0.608003] pci_bus 0000:00: root bus resource [io  0x0000-0x0cf7 window]
[    0.612003] pci_bus 0000:00: root bus resource [io  0x0d00-0xffff window]
[    0.616003] pci_bus 0000:00: root bus resource [mem 0x000a0000-0x000bffff window]
[    0.620002] pci_bus 0000:00: root bus resource [mem 0x40000000-0xfdffffff window]
[    0.624003] pci_bus 0000:00: root bus resource [bus 00-ff]
[    0.634416] pci 0000:00:01.1: legacy IDE quirk: reg 0x10: [io  0x01f0-0x01f7]
[    0.636005] pci 0000:00:01.1: legacy IDE quirk: reg 0x14: [io  0x03f6]
[    0.640003] pci 0000:00:01.1: legacy IDE quirk: reg 0x18: [io  0x0170-0x0177]
[    0.644002] pci 0000:00:01.1: legacy IDE quirk: reg 0x1c: [io  0x0376]
[    0.668003] pci 0000:00:07.0: quirk: [io  0x4000-0x403f] claimed by PIIX4 ACPI
[    0.672030] pci 0000:00:07.0: quirk: [io  0x4100-0x410f] claimed by PIIX4 SMB
[    0.684436] ACPI: PCI Interrupt Link [LNKA] (IRQs 5 9 10 *11)
[    0.692363] ACPI: PCI Interrupt Link [LNKB] (IRQs 5 9 *10 11)
[    0.698319] ACPI: PCI Interrupt Link [LNKC] (IRQs 5 *9 10 11)
[    0.704544] ACPI: PCI Interrupt Link [LNKD] (IRQs 5 9 10 *11)
[    0.710036] ACPI: Enabled 2 GPEs in block 00 to 07
[    0.712195] vgaarb: setting as boot device: PCI:0000:00:02.0
[    0.715818] vgaarb: device added: PCI:0000:00:02.0,decodes=io+mem,owns=io+mem,locks=none
[    0.716003] vgaarb: loaded
[    0.720002] vgaarb: bridge control possible 0000:00:02.0
[    0.724311] SCSI subsystem initialized
[    0.728164] ACPI: bus type USB registered
[    0.732033] usbcore: registered new interface driver usbfs
[    0.736024] usbcore: registered new interface driver hub
[    0.740008] usbcore: registered new device driver usb
[    0.744415] PCI: Using ACPI for IRQ routing
[    0.748592] NetLabel: Initializing
[    0.752001] NetLabel:  domain hash size = 128
[    0.756001] NetLabel:  protocols = UNLABELED CIPSOv4
[    0.759305] NetLabel:  unlabeled traffic allowed by default
[    0.760109] amd_nb: Cannot enumerate AMD northbridges
[    0.764255] clocksource: Switched to clocksource kvm-clock
[    0.782779] AppArmor: AppArmor Filesystem Enabled
[    0.782779] pnp: PnP ACPI init
[    0.782779] pnp: PnP ACPI: found 3 devices
[    0.839333] clocksource: acpi_pm: mask: 0xffffff max_cycles: 0xffffff, max_idle_ns: 2085701024 ns
[    0.840212] NET: Registered protocol family 2
[    0.850512] TCP established hash table entries: 8192 (order: 4, 65536 bytes)
[    0.856037] TCP bind hash table entries: 8192 (order: 5, 131072 bytes)
[    0.859806] TCP: Hash tables configured (established 8192 bind 8192)
[    0.859806] UDP hash table entries: 512 (order: 2, 16384 bytes)
[    0.859806] UDP-Lite hash table entries: 512 (order: 2, 16384 bytes)
[    0.859806] NET: Registered protocol family 1
[    0.859806] pci 0000:00:00.0: Limiting direct PCI/PCI transfers
[    0.859806] pci 0000:00:01.0: Activating ISA DMA hang workarounds
[    0.859806] Unpacking initramfs...
[    0.859806] Freeing initrd memory: 14888K
[    0.859806] clocksource: tsc: mask: 0xffffffffffffffff max_cycles: 0x2135fd711f6, max_idle_ns: 440795262176 ns
[    0.859806] platform rtc_cmos: registered platform RTC device (no PNP device found)
[    0.859806] Scanning for low memory corruption every 60 seconds
[    1.202335] audit: initializing netlink subsys (disabled)
[    1.206201] audit: type=2000 audit(1678711184.371:1): initialized
[    1.210572] Initialise system trusted keyring
[    1.214802] HugeTLB registered 2 MB page size, pre-allocated 0 pages
[    1.221088] zbud: loaded
[    1.223807] VFS: Disk quotas dquot_6.6.0
[    1.226744] VFS: Dquot-cache hash table entries: 512 (order 0, 4096 bytes)
[    1.231541] squashfs: version 4.0 (2009/01/31) Phillip Lougher
[    1.238163] fuse init (API version 7.23)
[    1.241168] Key type big_key registered
[    1.243861] Allocating IMA MOK and blacklist keyrings.
[    1.261932] Key type asymmetric registered
[    1.265450] Asymmetric key parser 'x509' registered
[    1.268917] Block layer SCSI generic (bsg) driver version 0.4 loaded (major 249)
[    1.274482] io scheduler noop registered
[    1.277265] io scheduler deadline registered (default)
[    1.280845] io scheduler cfq registered
[    1.283582] pci_hotplug: PCI Hot Plug PCI Core version: 0.5
[    1.287645] pciehp: PCI Express Hot Plug Controller Driver version: 0.4
[    1.292253] ACPI: AC Adapter [AC] (off-line)
[    1.295163] input: Power Button as /devices/LNXSYSTM:00/LNXPWRBN:00/input/input0
[    1.300167] ACPI: Power Button [PWRF]
[    1.302748] input: Sleep Button as /devices/LNXSYSTM:00/LNXSLPBN:00/input/input1
[    1.307991] ACPI: Sleep Button [SLPF]
[    1.311128] GHES: HEST is not enabled!
[    1.312314] ACPI: Battery Slot [BAT0] (battery present)
[    1.317909] Serial: 8250/16550 driver, 32 ports, IRQ sharing enabled
[    1.346340] 00:02: ttyS0 at I/O 0x3f8 (irq = 4, base_baud = 115200) is a 16550A
[    1.365610] Linux agpgart interface v0.103
[    1.377664] loop: module loaded
[    1.382931] scsi host0: ata_piix
[    1.386997] scsi host1: ata_piix
[    1.389940] ata1: PATA max UDMA/33 cmd 0x1f0 ctl 0x3f6 bmdma 0xd000 irq 14
[    1.393870] ata2: PATA max UDMA/33 cmd 0x170 ctl 0x376 bmdma 0xd008 irq 15
[    1.399533] libphy: Fixed MDIO Bus: probed
[    1.402741] tun: Universal TUN/TAP device driver, 1.6
[    1.406251] tun: (C) 1999-2004 Max Krasnyansky <maxk@qualcomm.com>
[    1.410914] PPP generic driver version 2.4.2
[    1.414401] ehci_hcd: USB 2.0 'Enhanced' Host Controller (EHCI) Driver
[    1.418863] ehci-pci: EHCI PCI platform driver
[    1.421987] ehci-platform: EHCI generic platform driver
[    1.425602] ohci_hcd: USB 1.1 'Open' Host Controller (OHCI) Driver
[    1.429754] ohci-pci: OHCI PCI platform driver
[    1.432990] ohci-platform: OHCI generic platform driver
[    1.436443] uhci_hcd: USB Universal Host Controller Interface driver
[    1.440775] i8042: PNP: PS/2 Controller [PNP0303:PS2K,PNP0f03:PS2M] at 0x60,0x64 irq 1,12
[    1.449222] serio: i8042 KBD port at 0x60,0x64 irq 1
[    1.452117] serio: i8042 AUX port at 0x60,0x64 irq 12
[    1.456853] mousedev: PS/2 mouse device common for all mice
[    1.464452] input: AT Translated Set 2 keyboard as /devices/platform/i8042/serio0/input/input2
[    1.468196] rtc_cmos rtc_cmos: rtc core: registered rtc_cmos as rtc0
[    1.468626] rtc_cmos rtc_cmos: alarms up to one day, 114 bytes nvram
[    1.468633] i2c /dev entries driver
[    1.468713] device-mapper: uevent: version 1.0.3
[    1.468789] device-mapper: ioctl: 4.34.0-ioctl (2015-10-28) initialised: dm-devel@redhat.com
[    1.468804] ledtrig-cpu: registered to indicate activity on CPUs
[    1.474019] NET: Registered protocol family 10
[    1.474237] NET: Registered protocol family 17
[    1.474250] Key type dns_resolver registered
[    1.474645] registered taskstats version 1
[    1.474654] Loading compiled-in X.509 certificates
[    1.475067] Loaded X.509 cert 'Build time autogenerated kernel key: cf00e047681d67edb2720680708b7d9498083038'
[    1.475081] zswap: loaded using pool lzo/zbud
[    1.478268] Key type trusted registered
[    1.480676] Key type encrypted registered
[    1.480679] AppArmor: AppArmor sha1 policy hashing enabled
[    1.480681] ima: No TPM chip found, activating TPM-bypass!
[    1.480686] ima: Allocated hash algorithm: sha1
[    1.480734] evm: HMAC attrs: 0x1
[    1.481186]   Magic number: 15:362:683
[    1.483031] rtc_cmos rtc_cmos: setting system clock to 2023-03-13 12:39:40 UTC (1678711180)
[    1.483086] BIOS EDD facility v0.16 2004-Jun-25, 0 devices found
[    1.483087] EDD information not available.
[    1.599869] Freeing unused kernel memory: 1492K
[    1.616249] Write protecting the kernel read-only data: 14336k
[    1.626386] Freeing unused kernel memory: 1584K
[    1.632912] Freeing unused kernel memory: 52K
Loading, please wait...
starting version 229
[    1.657368] random: systemd-udevd: uninitialized urandom read (16 bytes read, 9 bits of entropy available)
[    1.657375] random: udevadm: uninitialized urandom read (16 bytes read, 9 bits of entropy available)
[    1.657393] random: udevadm: uninitialized urandom read (16 bytes read, 9 bits of entropy available)
[    1.665239] random: udevadm: uninitialized urandom read (16 bytes read, 9 bits of entropy available)
[    1.665270] random: udevadm: uninitialized urandom read (16 bytes read, 9 bits of entropy available)
[    1.665391] random: udevadm: uninitialized urandom read (16 bytes read, 9 bits of entropy available)
[    1.665451] random: udevadm: uninitialized urandom read (16 bytes read, 9 bits of entropy available)
[    1.665486] random: udevadm: uninitialized urandom read (16 bytes read, 9 bits of entropy available)
[    1.665560] random: udevadm: uninitialized urandom read (16 bytes read, 9 bits of entropy available)
[    1.665594] random: udevadm: uninitialized urandom read (16 bytes read, 9 bits of entropy available)
[    1.762104] e1000: Intel(R) PRO/1000 Network Driver - version 7.3.21-k8-NAPI
[    1.767894] e1000: Copyright (c) 1999-2006 Intel Corporation.
[    1.797159] Fusion MPT base driver 3.04.20
[    1.800972] Copyright (c) 1999-2008 LSI Corporation
[    1.825143] SSE version of gcm_enc/dec engaged.
[    1.836967] Fusion MPT SPI Host driver 3.04.20
[    2.014050] input: ImExPS/2 Generic Explorer Mouse as /devices/platform/i8042/serio1/input/input4
[    2.400756] e1000 0000:00:03.0 eth0: (PCI:33MHz:32-bit) 02:be:82:6b:cc:1d
[    2.406055] e1000 0000:00:03.0 eth0: Intel(R) PRO/1000 Network Connection
[    2.413641] e1000 0000:00:03.0 enp0s3: renamed from eth0
[    2.418231] mptbase: ioc0: Initiating bringup
[    2.514196] ioc0: LSI53C1030 A0: Capabilities={Initiator}
[    2.949759] scsi host2: ioc0: LSI53C1030 A0, FwRev=00000000h, Ports=1, MaxQ=256, IRQ=20
[    3.413854] scsi 2:0:0:0: Direct-Access     VBOX     HARDDISK         1.0  PQ: 0 ANSI: 5
[    3.424639] scsi target2:0:0: Beginning Domain Validation
[    3.437110] scsi target2:0:0: Domain Validation skipping write tests
[    3.443918] scsi target2:0:0: Ending Domain Validation
[    3.449891] scsi target2:0:0: asynchronous
[    3.457763] scsi 2:0:1:0: Direct-Access     VBOX     HARDDISK         1.0  PQ: 0 ANSI: 5
[    3.465756] scsi target2:0:1: Beginning Domain Validation
[    3.478227] scsi target2:0:1: Domain Validation skipping write tests
[    3.483667] scsi target2:0:1: Ending Domain Validation
[    3.488410] scsi target2:0:1: asynchronous
[    3.520559] sd 2:0:0:0: [sda] 83886080 512-byte logical blocks: (42.9 GB/40.0 GiB)
[    3.542719] sd 2:0:0:0: Attached scsi generic sg0 type 0
[    3.548981] sd 2:0:1:0: [sdb] 20480 512-byte logical blocks: (10.5 MB/10.0 MiB)
[    3.555668] sd 2:0:0:0: [sda] Write Protect is off
[    3.555689] sd 2:0:1:0: Attached scsi generic sg1 type 0
[    3.556615] sd 2:0:1:0: [sdb] Write Protect is off
[    3.557084] sd 2:0:1:0: [sdb] Incomplete mode parameter data
[    3.557085] sd 2:0:1:0: [sdb] Assuming drive cache: write through
[    3.576599] sd 2:0:0:0: [sda] Incomplete mode parameter data
[    3.580403] sd 2:0:0:0: [sda] Assuming drive cache: write through
[    3.614463]  sda: sda1
[    3.624076] sd 2:0:1:0: [sdb] Attached SCSI disk
[    3.631921] sd 2:0:0:0: [sda] Attached SCSI disk
Begin: Loading essential drivers ... [    5.198247] md: linear personality registered for level -1
[    5.207158] md: multipath personality registered for level -4
[    5.214868] md: raid0 personality registered for level 0
[    5.232333] md: raid1 personality registered for level 1
[    5.308390] raid6: sse2x1   gen() 10896 MB/s
[    5.380792] raid6: sse2x1   xor()  8136 MB/s
[    5.452216] raid6: sse2x2   gen() 17102 MB/s
[    5.524983] raid6: sse2x2   xor() 11884 MB/s
[    5.592234] raid6: sse2x4   gen() 19142 MB/s
[    5.660079] raid6: sse2x4   xor() 12195 MB/s
[    5.663517] raid6: using algorithm sse2x4 gen() 19142 MB/s
[    5.667438] raid6: .... xor() 12195 MB/s, rmw enabled
[    5.671178] raid6: using ssse3x2 recovery algorithm
[    5.677550] xor: measuring software checksum speed
[   10.488890]    prefetch64-sse: 1674321.704 MB/sec
[   10.592398]    generic_sse: 57472.000 MB/sec
[   10.595839] xor: using function: prefetch64-sse (1674321.704 MB/sec)
[   10.603941] async_tx: api initialized (async)
[   10.638890] md: raid6 personality registered for level 6
[   10.643513] md: raid5 personality registered for level 5
[   10.647505] md: raid4 personality registered for level 4
[   10.668713] md: raid10 personality registered for level 10
done.
Begin: Running /scripts/init-premount ... done.
Begin: Mounting root file system ... Begin: Running /scripts/local-top ... done.
Begin: Running /scripts/local-premount ... [   10.734066] Btrfs loaded
Scanning for Btrfs filesystems
done.
Warning: fsck not present, so skipping root file system
[   10.906099] EXT4-fs (sda1): mounted filesystem with ordered data mode. Opts: (null)
done.
Begin: Running /scripts/local-bottom ... done.
Begin: Running /scripts/init-bottom ... done.
[   11.055773] systemd[1]: systemd 229 running in system mode. (+PAM +AUDIT +SELINUX +IMA +APPARMOR +SMACK +SYSVINIT +UTMP +LIBCRYPTSETUP +GCRYPT +GNUTLS +ACL +XZ -LZ4 +SECCOMP +BLKID +ELFUTILS +KMOD -IDN)
[   11.067697] systemd[1]: Detected virtualization oracle.
[   11.071361] systemd[1]: Detected architecture x86-64.

Welcome to [1mUbuntu 16.04.7 LTS[0m!

[   11.083058] systemd[1]: Set hostname to <ubuntu>.
[   11.090289] systemd[1]: Initializing machine ID from random generator.
[   11.095019] systemd[1]: Installed transient /etc/machine-id file.
[   11.283845] systemd[1]: Created slice System Slice.
[[0;32m  OK  [0m] Created slice System Slice.
[   11.289706] systemd[1]: Listening on Syslog Socket.
[[0;32m  OK  [0m] Listening on Syslog Socket.
[   11.295388] systemd[1]: Listening on /dev/initctl Compatibility Named Pipe.
[[0;32m  OK  [0m] Listening on /dev/initctl Compatibility Named Pipe.
[   11.302904] systemd[1]: Listening on Journal Socket (/dev/log).
[[0;32m  OK  [0m] Listening on Journal Socket (/dev/log).
[   11.309562] systemd[1]: Set up automount Arbitrary Executable File Formats File System Automount Point.
[[0;32m  OK  [0m] Set up automount Arbitrary Executab...ats File System Automount Point.
[   11.319034] systemd[1]: Reached target Encrypted Volumes.
[[0;32m  OK  [0m] Reached target Encrypted Volumes.
[   11.325558] systemd[1]: Started Trigger resolvconf update for networkd DNS.
[[0;32m  OK  [0m] Started Trigger resolvconf update for networkd DNS.
[   11.333314] systemd[1]: Reached target User and Group Name Lookups.
[[0;32m  OK  [0m] Reached target User and Group Name Lookups.
[   11.340570] systemd[1]: Reached target Swap.
[[0;32m  OK  [0m] Reached target Swap.
[   11.345741] systemd[1]: Reached target System Time Synchronized.
[[0;32m  OK  [0m] Reached target System Time Synchronized.
[   11.352713] systemd[1]: Created slice system-serial\x2dgetty.slice.
[[0;32m  OK  [0m] Created slice system-serial\x2dgetty.slice.
[   11.359649] systemd[1]: Listening on LVM2 metadata daemon socket.
[[0;32m  OK  [0m] Listening on LVM2 metadata daemon socket.
[   11.366480] systemd[1]: Listening on udev Control Socket.
[[0;32m  OK  [0m] Listening on udev Control Socket.
[   11.372655] systemd[1]: Started Forward Password Requests to Wall Directory Watch.
[[0;32m  OK  [0m] Started Forward Password Requests to Wall Directory Watch.
[   11.380964] systemd[1]: Listening on Journal Audit Socket.
[[0;32m  OK  [0m] Listening on Journal Audit Socket.
[   11.387448] systemd[1]: Created slice User and Session Slice.
[[0;32m  OK  [0m] Created slice User and Session Slice.
[   11.394292] systemd[1]: Listening on udev Kernel Socket.
[[0;32m  OK  [0m] Listening on udev Kernel Socket.
[   11.400742] systemd[1]: Listening on LVM2 poll daemon socket.
[[0;32m  OK  [0m] Listening on LVM2 poll daemon socket.
[   11.407245] systemd[1]: Listening on Device-mapper event daemon FIFOs.
[[0;32m  OK  [0m] Listening on Device-mapper event daemon FIFOs.
[   11.414488] systemd[1]: Reached target Slices.
[[0;32m  OK  [0m] Reached target Slices.
[   11.419826] systemd[1]: Listening on Journal Socket.
[[0;32m  OK  [0m] Listening on Journal Socket.
[   11.441738] systemd[1]: Starting Create list of required static device nodes for the current kernel...
         Starting Create list of required st... nodes for the current kernel...
[   11.461525] systemd[1]: Starting Nameserver information manager...
         Starting Nameserver information manager...
[   11.469090] systemd[1]: Mounting Huge Pages File System...
         Mounting Huge Pages File System...
[   11.476828] systemd[1]: Starting Set console keymap...
         Starting Set console keymap...
[   11.483341] systemd[1]: Mounting Debug File System...
         Mounting Debug File System...
[   11.489696] systemd[1]: Starting Journal Service...
         Starting Journal Service...
[   11.496669] systemd[1]: Mounting POSIX Message Queue File System...
         Mounting POSIX Message Queue File System...
[   11.508718] systemd[1]: Starting Uncomplicated firewall...
         Starting Uncomplicated firewall...
[   11.517200] systemd[1]: Starting Monitoring of LVM2 mirrors, snapshots etc. using dmeventd or progress polling...
         Starting Monitoring of LVM2 mirrors... dmeventd or progress polling...
[   11.531802] systemd[1]: Starting Load Kernel Modules...
         Starting Load Kernel Modules...
[   11.540236] systemd[1]: Listening on fsck to fsckd communication Socket.
[[0;32m  OK  [0m] Listening on fsck to fsckd communication Socket.
[   11.548774] systemd[1]: Starting File System Check on Root Device...
         Starting File System Check on Root Device...
[   11.559493] systemd[1]: Mounted Huge Pages File System.
[[0;32m  OK  [0m] Mounted Huge Pages File System.
[   11.566032] systemd[1]: Mounted POSIX Message Queue File System.
[[0;32m  OK  [0m] Mounted POSIX Message Queue File System.
[   11.573187] systemd[1]: Mounted Debug File System.
[[0;32m  OK  [0m] Mounted Debug File System.
[   11.579443] systemd[1]: Started Create list of required static device nodes for the current kernel.
[[0;32m  OK  [0m] Started Create list of required sta...ce nodes for the current kernel.
[   11.591307] systemd[1]: Started Uncomplicated firewall.
[[0;32m  OK  [0m] Started Uncomplicated firewall.
[   11.599360] Loading iSCSI transport class v2.0-870.
[   11.600429] systemd[1]: Started Nameserver information manager.
[[0;32m  OK  [0m] Started Nameserver information manager.
[   11.611526] systemd[1]: Started Journal Service.
[[0;32m  OK  [0m] Started Journal Service.
[   11.620784] random: nonblocking pool is initialized
[[0;32m  OK  [0m] Started File System Check on Root Device.
[   11.631261] iscsi: registered transport (tcp)
[[0;32m  OK  [0m] Started LVM2 metadata daemon.
[[0;32m  OK  [0m] Started File System Check Daemon to report status.
         Starting Remount Root and Kernel File Systems...
         Starting Create Static Device Nodes in /dev...
[   11.669359] EXT4-fs (sda1): re-mounted. Opts: (null)
[[0;32m  OK  [0m] Started Set console keymap.
[[0;32m  OK  [0m] Started Remount Root and Kernel File Systems.
         Starting Flush Journal to Persistent Storage...
         Starting Load/Save Random Seed...
         Starting udev Coldplug all Devices...
[[0;32m  OK  [0m] Started Load/Save Random Seed.
[   11.718441] systemd-journald[381]: Received request to flush runtime journal from PID 1
[[0;32m  OK  [0m] Started Create Static Device Nodes in /dev.
         Starting udev Kernel Device Manager...
[[0;32m  OK  [0m] Started Flush Journal to Persistent Storage.
[   11.801349] iscsi: registered transport (iser)
[[0;32m  OK  [0m] Started udev Coldplug all Devices.
[[0;32m  OK  [0m] Started Load Kernel Modules.
         Mounting FUSE Control File System...
         Starting Apply Kernel Variables...
[[0;32m  OK  [0m] Mounted FUSE Control File System.
[[0;32m  OK  [0m] Started udev Kernel Device Manager.
[[0;32m  OK  [0m] Started Dispatch Password Requests to Console Directory Watch.
[[0;32m  OK  [0m] Started Apply Kernel Variables.
[[0;32m  OK  [0m] Found device /dev/ttyS0.
[[0;32m  OK  [0m] Listening on Load/Save RF Kill Switch Status /dev/rfkill Watch.
[[0;32m  OK  [0m] Started Monitoring of LVM2 mirrors,...ng dmeventd or progress polling.
[[0;32m  OK  [0m] Reached target Local File Systems (Pre).
[[0;32m  OK  [0m] Reached target Local File Systems.
         Starting Create Volatile Files and Directories...
         Starting Set console font and keymap...
         Starting LSB: AppArmor initialization...
         Starting Commit a transient machine-id on disk...
         Starting Tell Plymouth To Write Out Runtime Data...
         Starting Initial cloud-init job (pre-networking)...
[[0;32m  OK  [0m] Started Create Volatile Files and Directories.
[[0;32m  OK  [0m] Started Commit a transient machine-id on disk.
[[0;32m  OK  [0m] Started Tell Plymouth To Write Out Runtime Data.
         Starting Update UTMP about System Boot/Shutdown...
[[0;32m  OK  [0m] Started Update UTMP about System Boot/Shutdown.
[[0;32m  OK  [0m] Started Set console font and keymap.
[[0;32m  OK  [0m] Created slice system-getty.slice.
[[0;32m  OK  [0m] Started LSB: AppArmor initialization.
         Starting Load AppArmor profiles managed internally by snapd...
[[0;32m  OK  [0m] Started Load AppArmor profiles managed internally by snapd.
[   14.182320] cloud-init[655]: Cloud-init v. 21.1-19-gbad84ad4-0ubuntu1~16.04.2 running 'init-local' at Mon, 13 Mar 2023 12:39:52 +0000. Up 13.83 seconds.
[[0;32m  OK  [0m] Started Initial cloud-init job (pre-networking).
[[0;32m  OK  [0m] Reached target Network (Pre).
         Starting Raise network interfaces...
[[0;32m  OK  [0m] Started Raise network interfaces.
[[0;32m  OK  [0m] Reached target Network.
         Starting Initial cloud-init job (metadata service crawler)...
[   15.266998] cloud-init[955]: Cloud-init v. 21.1-19-gbad84ad4-0ubuntu1~16.04.2 running 'init' at Mon, 13 Mar 2023 12:39:53 +0000. Up 14.72 seconds.
[   15.273899] cloud-init[955]: ci-info: ++++++++++++++++++++++++++++++++++++++Net device info++++++++++++++++++++++++++++++++++++++
[   15.280338] cloud-init[955]: ci-info: +--------+------+----------------------------+---------------+--------+-------------------+
[   15.286661] cloud-init[955]: ci-info: | Device |  Up  |          Address           |      Mask     | Scope  |     Hw-Address    |
[   15.293689] [[0;32m  OK  [0mcloud-init[955]: ci-info: +--------+------+----------------------------+---------------+--------+-------------------+
[   15.297519] cloud-init[955]: ci-info: | enp0s3 | True |         10.0.2.15          | 255.255.255.0 | global | 02:be:82:6b:cc:1d |
[   15.297937] cloud-init[955]: ci-info: | enp0s3 | True | fe80::be:82ff:fe6b:cc1d/64 |       .       |  link  | 02:be:82:6b:cc:1d |
[   15.298291] cloud-init[955]: ci-info: |   lo   | True |         127.0.0.1          |   255.0.0.0   |  host  |         .         |
[   15.298621] cloud-init[955]: ci-info: |   lo   | True |          ::1/128           |       .       |  host  |         .         |
[   15.298686] cloud-init[955]: ci-info: +--------+------+----------------------------+---------------+--------+-------------------+
[   15.299067] cloud-init[955]: ci-info: +++++++++++++++++++++++++++Route IPv4 info++++++++++++++++++++++++++++
[   15.299399] cloud-init[955]: ci-info: +-------+-------------+----------+---------------+-----------+-------+
[   15.299749] cloud-init[955]: ci-info: | Route | Destination | Gateway  |    Genmask    | Interface | Flags |
[   15.300538] cloud-init[955]: ci-info: +-------+-------------+----------+---------------+-----------+-------+
[   15.300858] cloud-init[955]: ci-info: |   0   |   0.0.0.0   | 10.0.2.2 |    0.0.0.0    |   enp0s3  |   UG  |
[   15.301217] cloud-init[955]: ci-info: |   1   |   10.0.2.0  | 0.0.0.0  | 255.255.255.0 |   enp0s3  |   U   |
[   15.301582] cloud-init[955]: ci-info: +-------+-------------+----------+---------------+-----------+-------+
[   15.301931] cloud-init[955]: ci-info: +++++++++++++++++++Route IPv6 info+++++++++++++++++++
[   15.302306] cloud-init[955]: ci-info: +-------+-------------+---------+-----------+-------+
[   15.302696] cloud-init[955]: ci-info: | Route | Destination | Gateway | Interface | Flags |
[   15.303028] cloud-init[955]: ci-info: +-------+-------------+---------+-----------+-------+
[   15.303387] cloud-init[955]: ci-info: |   0   |  fe80::/64  |    ::   |   enp0s3  |   U   |
[   15.303737] cloud-init[955]: ci-info: |   3   |   ff00::/8  |    ::   |   enp0s3  |   U   |
[   15.304511] cloud-init[955]: ci-info: +-------+-------------+---------+-----------+-------+
[   15.304892] cloud-init[955]: Generating public/private rsa key pair.
[   15.305233] cloud-init[955]: Your identification has been saved in /etc/ssh/ssh_host_rsa_key.
[   15.305582] cloud-init[955]: Your public key has been saved in /etc/ssh/ssh_host_rsa_key.pub.
[   15.305986] cloud-init[955]: The key fingerprint is:
[   15.306320] cloud-init[955]: SHA256:4nuWUv61NrTQtc7OA9Sap614nWCFDqnICoDD2WgUIOo root@ubuntu-xenial
[   15.306678] cloud-init[955]: The key's randomart image is:
[   15.307027] cloud-init[955]: +---[RSA 2048]----+
[   15.307377] cloud-init[955]: |+..              |
[   15.307739] cloud-init[955]: |o.               |
[   15.308231] cloud-init[955]: |= +        . o   |
[   15.308466] cloud-init[955]: |== .      o o +  |
[   15.308833] cloud-init[955]: |.E   ...S. = = . |
[   15.309224] cloud-init[955]: |  .  .o.o . X o  |
[   15.309540] cloud-init[955]: |   . ..o . +.@ . |
[   15.309896] cloud-init[955]: |    . ..=  o*oB  |
[   15.310246] cloud-init[955]: |      .+ .ooo+o. |
[   15.310658] cloud-init[955]: +----[SHA256]-----+
[   15.311097] cloud-init[955]: Generating public/private dsa key pair.
[   15.311412] cloud-init[955]: Your identification has been saved in /etc/ssh/ssh_host_dsa_key.
[   15.311809] cloud-init[955]: Your public key has been saved in /etc/ssh/ssh_host_dsa_key.pub.
[   15.312564] cloud-init[955]: The key fingerprint is:
[   15.312919] cloud-init[955]: SHA256:RZtoOfdHIA6cjqy704EfaxJ03rpTndOL9BgCpWqOH08 root@ubuntu-xenial
[   15.313256] cloud-init[955]: The key's randomart image is:
[   15.313635] cloud-init[955]: +---[DSA 1024]----+
[   15.313972] cloud-init[955]: |       ...o .    |
[   15.314310] cloud-init[955]: |        +* + .   |
[   15.314682] cloud-init[955]: |     . == *   .  |
[   15.315002] cloud-init[955]: |    . *..+ . .   |
[   15.315336] cloud-init[955]: |   . * oS. o. .  |
[   15.315671] cloud-init[955]: |    * + + * ..   |
[   15.316632] cloud-init[955]: |   +.=E* o * .   |
[   15.316965] cloud-init[955]: |  . =+B   o o    |
[   15.317303] cloud-init[955]: |   .o=oo         |
[   15.317649] cloud-init[955]: +----[SHA256]-----+
[   15.318012] cloud-init[955]: Generating public/private ecdsa key pair.
[   15.318332] cloud-init[955]: Your identification has been saved in /etc/ssh/ssh_host_ecdsa_key.
[   15.318689] cloud-init[955]: Your public key has been saved in /etc/ssh/ssh_host_ecdsa_key.pub.
[   15.319022] cloud-init[955]: The key fingerprint is:
[   15.319407] cloud-init[955]: SHA256:+Pzb9mxyBzL/rJfft559WdjuPVUTLoMJ0O6fQB6I9y8 root@ubuntu-xenial
[   15.319730] cloud-init[955]: The key's randomart image is:
[   15.320203] cloud-init[955]: +---[ECDSA 256]---+
[   15.320472] cloud-init[955]: |       .o        |
[   15.320788] cloud-init[955]: |         o     . |
[   15.321136] cloud-init[955]: |      . o . o . .|
[   15.321477] cloud-init[955]: |     . + + o o o.|
[   15.321814] cloud-init[955]: |      o S .   ooo|
[   15.392566] cloud-init[955]: |       o =  o o +|
[   15.392709] cloud-init[955]: |        o + .+ o=|
[   15.392982] cloud-init[955]: |         E =o.+=@|
[   15.393261] cloud-init[955]: |          +o.==X#|
[   15.393645] cloud-init[955]: +----[SHA256]-----+
[   15.393712] cloud-init[955]: Generating public/private ed25519 key pair.
[   15.393761] cloud-init[955]: Your identification has been saved in /etc/ssh/ssh_host_ed25519_key.
[   15.393807] cloud-init[955]: Your public key has been saved in /etc/ssh/ssh_host_ed25519_key.pub.
[   15.394145] cloud-init[955]: The key fingerprint is:
[   15.394430] cloud-init[955]: SHA256:qiDOwQThPXhI20su61DWsaY29SJvyWlC4ha61ssa+kw root@ubuntu-xenial
[   15.394736] cloud-init[955]: The key's randomart image is:
[   15.394991] cloud-init[955]: +--[ED25519 256]--+
[   15.395269] cloud-init[955]: |..               |
[   15.395546] cloud-init[955]: |o.*              |
[   15.395815] cloud-init[955]: |.= *.            |
[   15.396573] cloud-init[955]: |. +.oo           |
[   15.396841] cloud-init[955]: | ooo=   S        |
[   15.397122] cloud-init[955]: |++++ . .         |
[   15.397410] cloud-init[955]: |=BE..oo          |
[   15.397684] cloud-init[955]: |BO=**o           |
[   15.398089] cloud-init[955]: |=B+*+            |
[   15.398230] cloud-init[955]: +----[SHA256]-----+
] Started Initial cloud-init job (metadata service crawler).
[[0;32m  OK  [0m] Reached target Network is Online.
         Starting iSCSI initiator daemon (iscsid)...
[[0;32m  OK  [0m] Reached target System Initialization.
[[0;32m  OK  [0m] Started Daily Cleanup of Temporary Directories.
         Starting Socket activation for snappy daemon.
[[0;32m  OK  [0m] Started ACPI Events Check.
[[0;32m  OK  [0m] Reached target Paths.
[[0;32m  OK  [0m] Listening on ACPID Listen Socket.
[[0;32m  OK  [0m] Listening on D-Bus System Message Bus Socket.
         Starting LXD - unix socket.
[[0;32m  OK  [0m] Started Ubuntu Advantage update messaging.
[[0;32m  OK  [0m] Started Daily apt download activities.
[[0;32m  OK  [0m] Started Daily apt upgrade and clean activities.
[[0;32m  OK  [0m] Started Message of the Day.
[[0;32m  OK  [0m] Reached target Timers.
[[0;32m  OK  [0m] Listening on UUID daemon activation socket.
[[0;32m  OK  [0m] Reached target Cloud-config availability.
[[0;32m  OK  [0m] Listening on Socket activation for snappy daemon.
[[0;32m  OK  [0m] Listening on LXD - unix socket.
[[0;32m  OK  [0m] Reached target Sockets.
[[0;32m  OK  [0m] Reached target Basic System.
         Starting LXD - container startup/shutdown...
         Starting Login Service...
         Starting System Logging Service...
[[0;32m  OK  [0m] Started FUSE filesystem for LXC.
         Starting Virtualbox guest utils...
         Starting Pollinate to seed the pseudo random number generator...
         Starting /etc/rc.local Compatibility...
         Starting Accounts Service...
         Starting LSB: Record successful boot for GRUB...
         Starting LSB: MD monitoring daemon...
[[0;32m  OK  [0m] Started Regular background program processing daemon.
[[0;32m  OK  [0m] Started ACPI event daemon.
[[0;32m  OK  [0m] Started Deferred execution scheduler.
[[0;32m  OK  [0m] Started D-Bus System Message Bus.
         Starting Snap Daemon...
[[0;32m  OK  [0m] Started System Logging Service.
[[0;32m  OK  [0m] Started iSCSI initiator daemon (iscsid).
[[0;32m  OK  [0m] Started /etc/rc.local Compatibility.
[[0;32m  OK  [0m] Started Login Service.
[[0;32m  OK  [0m] Started Unattended Upgrades Shutdown.
         Starting Authenticate and Authorize Users to Run Privileged Tasks...
         Starting Login to default iSCSI targets...
[[0;32m  OK  [0m] Started LSB: MD monitoring daemon.
[[0;32m  OK  [0m] Started LXD - container startup/shutdown.
[[0;32m  OK  [0m] Started LSB: Record successful boot for GRUB.
[[0;32m  OK  [0m] Started Authenticate and Authorize Users to Run Privileged Tasks.
[[0;32m  OK  [0m] Started Login to default iSCSI targets.
[[0;32m  OK  [0m] Started Accounts Service.
[[0;32m  OK  [0m] Reached target Remote File Systems (Pre).
[[0;32m  OK  [0m] Reached target Remote File Systems.
         Starting LSB: daemon to balance interrupts for SMP systems...
         Starting LSB: automatic crash report generation...
         Starting LSB: Set the CPU Frequency Scaling governor to "ondemand"...
         Starting Permit User Sessions...
[[0;32m  OK  [0m] Started Permit User Sessions.
         Starting Terminate Plymouth Boot Screen...
         Starting Hold until boot process finishes up...
[[0;32m  OK  [0m] Started Terminate Plymouth Boot Screen.
[[0;32m  OK  [0m] Started Hold until boot process finishes up.
[[0;32m  OK  [0m] Started Getty on tty1.
[[0;32m  OK  [0m] Started Serial Getty on ttyS0.
[[0;32m  OK  [0m] Reached target Login Prompts.
         Starting Set console scheme...
[[0;32m  OK  [0m] Started Set console scheme.
[[0;32m  OK  [0m] Started LSB: daemon to balance interrupts for SMP systems.
[[0;32m  OK  [0m] Started LSB: Set the CPU Frequency Scaling governor to "ondemand".
[[0;32m  OK  [0m] Started LSB: automatic crash report generation.
[[0;32m  OK  [0m] Started Virtualbox guest utils.
[[0;32m  OK  [0m] Started Pollinate to seed the pseudo random number generator.
         Starting OpenBSD Secure Shell server...
[[0;32m  OK  [0m] Started OpenBSD Secure Shell server.
[[0;32m  OK  [0m] Started Snap Daemon.
         Starting Wait until snapd is fully seeded...
[[0;32m  OK  [0m] Started Wait until snapd is fully seeded.
         Starting Apply the settings specified in cloud-config...
[[0;32m  OK  [0m] Reached target Multi-User System.
[[0;32m  OK  [0m] Reached target Graphical Interface.
         Starting Update UTMP about System Runlevel Changes...
[[0;32m  OK  [0m] Started Update UTMP about System Runlevel Changes.
[   17.120538] cloud-init[1296]: Generating locales (this might take a while)...
[   18.291533] cloud-init[1296]:   en_US.UTF-8... done
[   18.301857] cloud-init[1296]: Generation complete.
[[0;32m  OK  [0m] Created slice User Slice of vagrant.
         Starting User Manager for UID 1000...
[[0;32m  OK  [0m] Started Session 1 of user vagrant.
[[0;32m  OK  [0m] Started User Manager for UID 1000.
[   18.707264] cloud-init[1296]: Cloud-init v. 21.1-19-gbad84ad4-0ubuntu1~16.04.2 running 'modules:config' at Mon, 13 Mar 2023 12:39:55 +0000. Up 16.96 seconds.
[[0;32m  OK  [0m] Started Apply the settings specified in cloud-config.
         Starting Execute cloud user/final scripts...
ci-info: no authorized SSH keys fingerprints found for user ubuntu.
<14>Mar 13 12:39:58 ec2: 
<14>Mar 13 12:39:58 ec2: #############################################################
<14>Mar 13 12:39:58 ec2: -----BEGIN SSH HOST KEY FINGERPRINTS-----
<14>Mar 13 12:39:58 ec2: 1024 SHA256:RZtoOfdHIA6cjqy704EfaxJ03rpTndOL9BgCpWqOH08 root@ubuntu-xenial (DSA)
<14>Mar 13 12:39:58 ec2: 256 SHA256:+Pzb9mxyBzL/rJfft559WdjuPVUTLoMJ0O6fQB6I9y8 root@ubuntu-xenial (ECDSA)
<14>Mar 13 12:39:58 ec2: 256 SHA256:qiDOwQThPXhI20su61DWsaY29SJvyWlC4ha61ssa+kw root@ubuntu-xenial (ED25519)
<14>Mar 13 12:39:58 ec2: 2048 SHA256:4nuWUv61NrTQtc7OA9Sap614nWCFDqnICoDD2WgUIOo root@ubuntu-xenial (RSA)
<14>Mar 13 12:39:58 ec2: -----END SSH HOST KEY FINGERPRINTS-----
<14>Mar 13 12:39:58 ec2: #############################################################
-----BEGIN SSH HOST KEY KEYS-----
ecdsa-sha2-nistp256 AAAAE2VjZHNhLXNoYTItbmlzdHAyNTYAAAAIbmlzdHAyNTYAAABBBG9tUwEv7BAomVU707hxIoDIU28wFhkMdDxrecC9pSduNkKYC9uHnjGSvWR/8VwhfjsyNV+A0JrUqofmL8BUW8U= root@ubuntu-xenial
ssh-ed25519 AAAAC3NzaC1lZDI1NTE5AAAAIK6GMoy15sV3pHlaNs+C00NF32nmto0V2PpAxPj+3t7V root@ubuntu-xenial
ssh-rsa AAAAB3NzaC1yc2EAAAADAQABAAABAQC2axLVZCagC4S51+4Q9z3sPWwQseYMkkuEp4qaoJAi8PeqXOYUWxVf6J3CxKiVaI5ExEGZK3L1JBCy/S12KFoXpXkpszSl/yDM/FErSW0R7TnLQU2NcmWSN54iltdbQOcALRngaMHJQnIeC4JSBMM5bGUtRyexuw21slOsMVCe+UX1ALbY6vFmWzqP0DwPzHan0on8PEPzdYRyslXtOoXHga5HsGZ70FbhphWSunx1Npk3Vo2IbJcrYqC0PuFp3t+eCnSv00CXqP9+kVVahP+T+B5ATRlCIDYQsgbxNF2NJ2XI97wh6fHLPoQ+91r1apWqO7/hd3AubhjezSA0UlyX root@ubuntu-xenial
-----END SSH HOST KEY KEYS-----
[   19.443463] cloud-init[1367]: Cloud-init v. 21.1-19-gbad84ad4-0ubuntu1~16.04.2 running 'modules:final' at Mon, 13 Mar 2023 12:39:58 +0000. Up 19.16 seconds.
[   19.451716] cloud-init[1367]: ci-info: no authorized SSH keys fingerprints found for user ubuntu.
[   19.457450] cloud-init[1367]: Cloud-init v. 21.1-19-gbad84ad4-0ubuntu1~16.04.2 finished at Mon, 13 Mar 2023 12:39:58 +0000. Datasource DataSourceNoCloud [seed=/dev/sdb][dsmode=net].  Up 19.43 seconds
[[0;32m  OK  [0m] Started Execute cloud user/final scripts.
[[0;32m  OK  [0m] Reached target Cloud-init target.

Ubuntu 16.04.7 LTS ubuntu-xenial ttyS0

ubuntu-xenial login:          Stopping Session 3 of user vagrant.
[[0;32m  OK  [0m] Stopped target Graphical Interface.
         Stopping Accounts Service...
[[0;32m  OK  [0m] Closed Load/Save RF Kill Switch Status /dev/rfkill Watch.
[[0;32m  OK  [0m] Stopped target Timers.
[[0;32m  OK  [0m] Stopped Daily apt upgrade and clean activities.
[[0;32m  OK  [0m] Stopped Message of the Day.
         Stopping User Manager for UID 1000...
[[0;32m  OK  [0m] Stopped Ubuntu Advantage update messaging.
         Stopping ACPI event daemon...
[[0;32m  OK  [0m] Stopped Daily apt download activities.
         Stopping Authenticate and Authorize Users to Run Privileged Tasks...
[[0;32m  OK  [0m] Stopped target System Time Synchronized.
[[0;32m  OK  [0m] Stopped target Cloud-init target.
[[0;32m  OK  [0m] Stopped Execute cloud user/final scripts.
[[0;32m  OK  [0m] Stopped Apply the settings specified in cloud-config.
[[0;32m  OK  [0m] Stopped target Cloud-config availability.
[[0;32m  OK  [0m] Stopped target Multi-User System.
         Stopping OpenBSD Secure Shell server...
         Stopping D-Bus System Message Bus...
         Stopping LSB: MD monitoring daemon...
         Stopping LSB: daemon to balance interrupts for SMP systems...
         Stopping Virtualbox guest utils...
         Stopping LSB: Record successful boot for GRUB...
         Stopping FUSE filesystem for LXC...
[[0;32m  OK  [0m] Stopped Wait until snapd is fully seeded.
[[0;32m  OK  [0m] Stopped target Login Prompts.
         Stopping Getty on tty1...
         Stopping Serial Getty on ttyS0...
         Stopping Regular background program processing daemon...
         Stopping Deferred execution schedu         Stopping LXD - container startup/shutdown...
         Stopping LSB: automatic crash report generation...
[[0;32m  OK  [0m] Stopped Daily Cleanup of Temporary Directories.
         Stopping Unattended Upgrades Shutdown...
         Stopping LSB: Set the CPU Frequency Scaling governor to "ondemand"...
         Stopping System Logging Service...
[[0;32m  OK  [0m] Unmounted /var/lib/lxcfs.
[[0;32m  OK  [0m] Stopped System Logging Service.
[[0;32m  OK  [0m] Stopped Accounts Service.
[[0;32m  OK  [0m] Stopped Regular background program processing daemon.
[[0;32m  OK  [0m] Stopped ACPI event daemon.
[[0;32m  OK  [0m] Stopped Deferred execution scheduler.
[[0;32m  OK  [0m] Stopped Unattended Upgrades Shutdown.
[[0;32m  OK  [0m] Stopped Authenticate and Authorize Users to Run Privileged Tasks.
[[0;32m  OK  [0m] Stopped Getty on tty1.
[[0;32m  OK  [0m] Stopped Serial Getty on ttyS0.
[[0;32m  OK  [0m] Stopped OpenBSD Secure Shell server.
[[0;32m  OK  [0m] Stopped User Manager for UID 1000.
[[0;32m  OK  [0m] Stopped Session 3 of user vagrant.
[[0;32m  OK  [0m] Stopped D-Bus System Message Bus.
[[0;32m  OK  [0m] Stopped FUSE filesystem for LXC.
[[0;32m  OK  [0m] Stopped LXD - container startup/shutdown.
[[0;32m  OK  [0m] Stopped LSB: daemon to balance interrupts for SMP systems.
[[0;32m  OK  [0m] Stopped LSB: Set the CPU Frequency Scaling governor to "ondemand".
[[0;32m  OK  [0m] Stopped Virtualbox guest utils.
[[0;32m  OK  [0m] Stopped LSB: automatic crash report generation.
[[0;32m  OK  [0m] Stopped LSB: MD monitoring daemon.
[[0;32m  OK  [0m] Stopped LSB: Record successful boot for GRUB.
[[0;32m  OK  [0m] Removed slice User Slice of vagrant.
[[0;32m  OK  [0m] Removed slice system-serial\x2dgetty.slice.
[[0;32m  OK  [0m] Removed slice system-getty.slice.
         Stopping Permit User Sessions...
[[0;32m  OK  [0m] Stopped /etc/rc.local Compatibility.
         Stopping Login Service...
[[0;32m  OK  [0m] Stopped Permit User Sessions.
[[0;32m  OK  [0m] Stopped target Remote File Systems.
[[0;32m  OK  [0m] Stopped Login Service.
[[0;32m  OK  [0m] Stopped target User and Group Name Lookups.
[[0;32m  OK  [0m] Stopped target Basic System.
[[0;32m  OK  [0m] Stopped target Paths.
[[0;32m  OK  [0m] Stopped Forward Password Requests to Wall Directory Watch.
[[0;32m  OK  [0m] Stopped ACPI Events Check.
[[0;32m  OK  [0m] Stopped Dispatch Password Requests to Console Directory Watch.
[[0;32m  OK  [0m] Stopped target Sockets.
[[0;32m  OK  [0m] Closed Socket activation for snappy daemon.
[[0;32m  OK  [0m] Closed LXD - unix socket.
[[0;32m  OK  [0m] Closed Syslog Socket.
[[0;32m  OK  [0m] Closed UUID daemon activation socket.
[[0;32m  OK  [0m] Closed ACPID Listen Socket.
[[0;32m  OK  [0m] Stopped target Slices.
[[0;32m  OK  [0m] Closed D-Bus System Message Bus Socket.
[[0;32m  OK  [0m] Stopped target System Initialization.
[[0;32m  OK  [0m] Stopped target Encrypted Volumes.
[[0;32m  OK  [0m] Stopped Apply Kernel Variables.
[[0;32m  OK  [0m] Stopped Commit a transient machine-id on disk.
[[0;32m  OK  [0m] Stopped Create Volatile Files and Directories.
[[0;32m  OK  [0m] Stopped Load Kernel Modules.
[[0;32m  OK  [0m] Stopped target Local File Systems.
         Unmounting /vagrant...
         Unmounting /run/user/1000...
[[0;32m  OK  [0m] Stopped target Swap.
         Stopping Load/Save Random Seed...
[[0;32m  OK  [0m] Removed slice User and Session Slice.
[[0;32m  OK  [0m] Unmounted /vagrant.
[[0;32m  OK  [0m] Unmounted /run/user/1000.
[[0;32m  OK  [0m] Stopped Load/Save Random Seed.
[[0;32m  OK  [0m] Reached target Unmount All Filesystems.
[[0;32m  OK  [0m] Stopped target Remote File Systems (Pre).
         Stopping Login to default iSCSI targets...
[[0;32m  OK  [0m] Stopped target Local File Systems (Pre).
         Stopping Monitoring of LVM2 mirrors... dmeventd or progress polling...
[[0;32m  OK  [0m] Stopped Create Static Device Nodes in /dev.
[[0;32m  OK  [0m] Stopped Monitoring of LVM2 mirrors,...ng dmeventd or progress polling.
         Stopping LVM2 metadata daemon...
[[0;32m  OK  [0m] Stopped LVM2 metadata daemon.
[[0;32m  OK  [0m] Stopped Login to default iSCSI targets.
         Stopping iSCSI initiator daemon (iscsid)...
[[0;32m  OK  [0m] Stopped iSCSI initiator daemon (iscsid).
[[0;32m  OK  [0m] Stopped target Network is Online.
[[0;32m  OK  [0m] Stopped target Network.
[[0;32m  OK  [0m] Stopped target Network (Pre).
[[0;32m  OK  [0m] Stopped Initial cloud-init job (metadata service crawler).
[[0;32m  OK  [0m] Stopped Initial cloud-init job (pre-networking).
[[0;32m  OK  [0m] Stopped Remount Root and Kernel File Systems.
[[0;32m  OK  [0m] Reached target Shutdown.
[  175.125659] reboot: Power down
