[    0.000000] Initializing cgroup subsys cpuset
[    0.000000] Initializing cgroup subsys cpu
[    0.000000] Initializing cgroup subsys cpuacct
[    0.000000] Linux version 4.4.0-210-generic (buildd@lgw01-amd64-009) (gcc version 5.4.0 20160609 (Ubuntu 5.4.0-6ubuntu1~16.04.12) ) #242-Ubuntu SMP Fri Apr 16 09:57:56 UTC 2021 (Ubuntu 4.4.0-210.242-generic 4.4.262)
[    0.000000] Command line: BOOT_IMAGE=/boot/vmlinuz-4.4.0-210-generic root=LABEL=cloudimg-rootfs ro console=tty1 console=ttyS0
[    0.000000] KERNEL supported cpus:
[    0.000000]   Intel GenuineIntel
[    0.000000]   AMD AuthenticAMD
[    0.000000]   Centaur CentaurHauls
[    0.000000] x86/fpu: Legacy x87 FPU detected.
[    0.000000] e820: BIOS-provided physical RAM map:
[    0.000000] BIOS-e820: [mem 0x0000000000000000-0x000000000009fbff] usable
[    0.000000] BIOS-e820: [mem 0x000000000009fc00-0x000000000009ffff] reserved
[    0.000000] BIOS-e820: [mem 0x00000000000f0000-0x00000000000fffff] reserved
[    0.000000] BIOS-e820: [mem 0x0000000000100000-0x000000003ffeffff] usable
[    0.000000] BIOS-e820: [mem 0x000000003fff0000-0x000000003fffffff] ACPI data
[    0.000000] BIOS-e820: [mem 0x00000000fec00000-0x00000000fec00fff] reserved
[    0.000000] BIOS-e820: [mem 0x00000000fee00000-0x00000000fee00fff] reserved
[    0.000000] BIOS-e820: [mem 0x00000000fffc0000-0x00000000ffffffff] reserved
[    0.000000] NX (Execute Disable) protection: active
[    0.000000] SMBIOS 2.5 present.
[    0.000000] Hypervisor detected: KVM
[    0.000000] Kernel/User page tables isolation: disabled
[    0.000000] e820: last_pfn = 0x3fff0 max_arch_pfn = 0x400000000
[    0.000000] MTRR: Disabled
[    0.000000] x86/PAT: MTRRs disabled, skipping PAT initialization too.
[    0.000000] CPU MTRRs all blank - virtualized system.
[    0.000000] x86/PAT: Configuration [0-7]: WB  WT  UC- UC  WB  WT  UC- UC  
[    0.000000] found SMP MP-table at [mem 0x0009fff0-0x0009ffff] mapped at [ffff88000009fff0]
[    0.000000] Scanning 1 areas for low memory corruption
[    0.000000] RAMDISK: [mem 0x362dc000-0x37165fff]
[    0.000000] ACPI: Early table checksum verification disabled
[    0.000000] ACPI: RSDP 0x00000000000E0000 000024 (v02 VBOX  )
[    0.000000] ACPI: XSDT 0x000000003FFF0030 00003C (v01 VBOX   VBOXXSDT 00000001 ASL  00000061)
[    0.000000] ACPI: FACP 0x000000003FFF00F0 0000F4 (v04 VBOX   VBOXFACP 00000001 ASL  00000061)
[    0.000000] ACPI: DSDT 0x000000003FFF0610 002353 (v02 VBOX   VBOXBIOS 00000002 INTL 20100528)
[    0.000000] ACPI: FACS 0x000000003FFF0200 000040
[    0.000000] ACPI: FACS 0x000000003FFF0200 000040
[    0.000000] ACPI: APIC 0x000000003FFF0240 00005C (v02 VBOX   VBOXAPIC 00000001 ASL  00000061)
[    0.000000] ACPI: SSDT 0x000000003FFF02A0 00036C (v01 VBOX   VBOXCPUT 00000002 INTL 20100528)
[    0.000000] No NUMA configuration found
[    0.000000] Faking a node at [mem 0x0000000000000000-0x000000003ffeffff]
[    0.000000] NODE_DATA(0) allocated [mem 0x3ffeb000-0x3ffeffff]
[    0.000000] kvm-clock: Using msrs 4b564d01 and 4b564d00
[    0.000000] kvm-clock: cpu 0, msr 0:3ffe3001, primary cpu clock
[    0.000000] kvm-clock: using sched offset of 4947004958 cycles
[    0.000000] clocksource: kvm-clock: mask: 0xffffffffffffffff max_cycles: 0x1cd42e4dffb, max_idle_ns: 881590591483 ns
[    0.000000] Zone ranges:
[    0.000000]   DMA      [mem 0x0000000000001000-0x0000000000ffffff]
[    0.000000]   DMA32    [mem 0x0000000001000000-0x000000003ffeffff]
[    0.000000]   Normal   empty
[    0.000000]   Device   empty
[    0.000000] Movable zone start for each node
[    0.000000] Early memory node ranges
[    0.000000]   node   0: [mem 0x0000000000001000-0x000000000009efff]
[    0.000000]   node   0: [mem 0x0000000000100000-0x000000003ffeffff]
[    0.000000] Initmem setup node 0 [mem 0x0000000000001000-0x000000003ffeffff]
[    0.000000] ACPI: PM-Timer IO Port: 0x4008
[    0.000000] IOAPIC[0]: apic_id 2, version 32, address 0xfec00000, GSI 0-23
[    0.000000] ACPI: INT_SRC_OVR (bus 0 bus_irq 0 global_irq 2 dfl dfl)
[    0.000000] ACPI: INT_SRC_OVR (bus 0 bus_irq 9 global_irq 9 low level)
[    0.000000] Using ACPI (MADT) for SMP configuration information
[    0.000000] smpboot: Allowing 2 CPUs, 0 hotplug CPUs
[    0.000000] PM: Registered nosave memory: [mem 0x00000000-0x00000fff]
[    0.000000] PM: Registered nosave memory: [mem 0x0009f000-0x0009ffff]
[    0.000000] PM: Registered nosave memory: [mem 0x000a0000-0x000effff]
[    0.000000] PM: Registered nosave memory: [mem 0x000f0000-0x000fffff]
[    0.000000] e820: [mem 0x40000000-0xfebfffff] available for PCI devices
[    0.000000] Booting paravirtualized kernel on KVM
[    0.000000] clocksource: refined-jiffies: mask: 0xffffffff max_cycles: 0xffffffff, max_idle_ns: 7645519600211568 ns
[    0.000000] setup_percpu: NR_CPUS:512 nr_cpumask_bits:512 nr_cpu_ids:2 nr_node_ids:1
[    0.000000] PERCPU: Embedded 33 pages/cpu @ffff88003fc00000 s95192 r8192 d31784 u1048576
[    0.000000] Built 1 zonelists in Node order, mobility grouping on.  Total pages: 257912
[    0.000000] Policy zone: DMA32
[    0.000000] Kernel command line: BOOT_IMAGE=/boot/vmlinuz-4.4.0-210-generic root=LABEL=cloudimg-rootfs ro console=tty1 console=ttyS0
[    0.000000] PID hash table entries: 4096 (order: 3, 32768 bytes)
[    0.000000] Memory: 997792K/1048120K available (8644K kernel code, 1332K rwdata, 4044K rodata, 1492K init, 1164K bss, 50328K reserved, 0K cma-reserved)
[    0.000000] SLUB: HWalign=64, Order=0-3, MinObjects=0, CPUs=2, Nodes=1
[    0.000000] Hierarchical RCU implementation.
[    0.000000] 	Build-time adjustment of leaf fanout to 64.
[    0.000000] 	RCU restricting CPUs from NR_CPUS=512 to nr_cpu_ids=2.
[    0.000000] RCU: Adjusting geometry for rcu_fanout_leaf=64, nr_cpu_ids=2
[    0.000000] NR_IRQS:33024 nr_irqs:440 16
[    0.000000] Console: colour VGA+ 80x25
[    0.000000] console [tty1] enabled
[    0.000000] console [ttyS0] enabled
[    0.000000] tsc: Detected 2304.006 MHz processor
[    1.123238] Calibrating delay loop (skipped) preset value.. 4608.01 BogoMIPS (lpj=9216024)
[    1.132050] pid_max: default: 32768 minimum: 301
[    1.136081] ACPI: Core revision 20150930
[    1.140956] ACPI: 2 ACPI AML tables successfully acquired and loaded
[    1.147863] Security Framework initialized
[    1.153137] Yama: becoming mindful.
[    1.158604] AppArmor: AppArmor initialized
[    1.164570] Dentry cache hash table entries: 131072 (order: 8, 1048576 bytes)
[    1.187552] Inode-cache hash table entries: 65536 (order: 7, 524288 bytes)
[    1.215697] Mount-cache hash table entries: 2048 (order: 2, 16384 bytes)
[    1.241940] Mountpoint-cache hash table entries: 2048 (order: 2, 16384 bytes)
[    1.270512] Initializing cgroup subsys io
[    1.284300] Initializing cgroup subsys memory
[    1.300727] Initializing cgroup subsys devices
[    1.317703] Initializing cgroup subsys freezer
[    1.335600] Initializing cgroup subsys net_cls
[    1.350124] Initializing cgroup subsys perf_event
[    1.369293] Initializing cgroup subsys net_prio
[    1.385357] Initializing cgroup subsys hugetlb
[    1.399329] Initializing cgroup subsys pids
[    1.444232] mce: CPU supports 0 MCE banks
[    1.460082] Last level iTLB entries: 4KB 64, 2MB 8, 4MB 8
[    1.475425] Last level dTLB entries: 4KB 64, 2MB 0, 4MB 0, 1GB 4
[    1.496983] Spectre V1 : Mitigation: usercopy/swapgs barriers and __user pointer sanitization
[    1.526533] Spectre V2 : Mitigation: Enhanced IBRS
[    1.542528] Spectre V2 : Spectre v2 / SpectreRSB mitigation: Filling RSB on context switch
[    1.569495] Speculative Store Bypass: Vulnerable
[    1.586157] SRBDS: Mitigation: TSX disabled
[    1.684517] Freeing SMP alternatives memory: 36K
[    1.877440] ftrace: allocating 32380 entries in 127 pages
[    3.013557] smpboot: APIC(0) Converting physical 0 to logical package 0
[    3.035426] smpboot: Max logical packages: 1
[    3.092733] ..TIMER: vector=0x30 apic1=0 pin1=2 apic2=-1 pin2=-1
[    3.224628] smpboot: CPU0: Intel(R) Core(TM) i7-10510U CPU @ 1.80GHz (family: 0x6, model: 0x8e, stepping: 0xc)
[    3.251956] Performance Events: unsupported p6 CPU model 142 no PMU driver, software events only.
[    3.416373] KVM setup paravirtual spinlock
[    3.424926] x86: Booting SMP configuration:
[    3.430455] .... node  #0, CPUs:      #1
[    3.438380] kvm-clock: cpu 1, msr 0:3ffe3041, secondary cpu clock
[    3.478575] mce: CPU supports 0 MCE banks
[    3.486708] TSC synchronization [CPU#0 -> CPU#1]:
[    3.495807] Measured 85586 cycles TSC warp between CPUs, turning off TSC clock.
[    3.509284] tsc: Marking TSC unstable due to check_tsc_sync_source failed
[    0.810085] x86: Booted up 1 node, 2 CPUs
[    0.812009] smpboot: Total of 2 processors activated (9216.02 BogoMIPS)
[    0.825454] devtmpfs: initialized
[    0.834953] evm: security.selinux
[    0.836006] evm: security.SMACK64
[    0.840005] evm: security.SMACK64EXEC
[    0.844005] evm: security.SMACK64TRANSMUTE
[    0.848008] evm: security.SMACK64MMAP
[    0.852007] evm: security.ima
[    0.856005] evm: security.capability
[    0.860690] clocksource: jiffies: mask: 0xffffffff max_cycles: 0xffffffff, max_idle_ns: 7645041785100000 ns
[    0.864020] futex hash table entries: 512 (order: 3, 32768 bytes)
[    0.872334] pinctrl core: initialized pinctrl subsystem
[    0.876892] RTC time: 21:11:57, date: 02/20/23
[    0.885802] NET: Registered protocol family 16
[    0.900043] cpuidle: using governor ladder
[    0.916041] cpuidle: using governor menu
[    0.920028] PCCT header not found.
[    0.924515] ACPI: bus type PCI registered
[    0.928011] acpiphp: ACPI Hot Plug PCI Controller Driver version: 0.5
[    0.933688] PCI: Using configuration type 1 for base access
[    0.968625] ACPI: Added _OSI(Module Device)
[    0.972009] ACPI: Added _OSI(Processor Device)
[    0.976008] ACPI: Added _OSI(3.0 _SCP Extensions)
[    0.980006] ACPI: Added _OSI(Processor Aggregator Device)
[    0.990114] ACPI: Executed 1 blocks of module-level executable AML code
[    1.009965] ACPI: Interpreter enabled
[    1.016031] ACPI: (supports S0 S5)
[    1.020008] ACPI: Using IOAPIC for interrupt routing
[    1.024747] PCI: Using host bridge windows from ACPI; if necessary, use "pci=nocrs" and report a bug
[    1.048812] ACPI: PCI Root Bridge [PCI0] (domain 0000 [bus 00-ff])
[    1.064017] acpi PNP0A03:00: _OSC: OS supports [ASPM ClockPM Segments MSI]
[    1.107219] acpi PNP0A03:00: _OSC: not requesting OS control; OS requires [ExtendedConfig ASPM ClockPM MSI]
[    1.144030] acpi PNP0A03:00: fail to add MMCONFIG information, can't access extended PCI configuration space under this bridge.
[    1.169691] PCI host bridge to bus 0000:00
[    1.184014] pci_bus 0000:00: root bus resource [io  0x0000-0x0cf7 window]
[    1.208016] pci_bus 0000:00: root bus resource [io  0x0d00-0xffff window]
[    1.224011] pci_bus 0000:00: root bus resource [mem 0x000a0000-0x000bffff window]
[    1.240015] pci_bus 0000:00: root bus resource [mem 0x40000000-0xfdffffff window]
[    1.248006] pci_bus 0000:00: root bus resource [bus 00-ff]
[    1.271025] pci 0000:00:01.1: legacy IDE quirk: reg 0x10: [io  0x01f0-0x01f7]
[    1.284003] pci 0000:00:01.1: legacy IDE quirk: reg 0x14: [io  0x03f6]
[    1.292012] pci 0000:00:01.1: legacy IDE quirk: reg 0x18: [io  0x0170-0x0177]
[    1.300013] pci 0000:00:01.1: legacy IDE quirk: reg 0x1c: [io  0x0376]
[    1.362993] pci 0000:00:07.0: quirk: [io  0x4000-0x403f] claimed by PIIX4 ACPI
[    1.376087] pci 0000:00:07.0: quirk: [io  0x4100-0x410f] claimed by PIIX4 SMB
[    1.405259] ACPI: PCI Interrupt Link [LNKA] (IRQs 5 9 10 *11)
[    1.477075] ACPI: PCI Interrupt Link [LNKB] (IRQs 5 9 *10 11)
[    1.494233] ACPI: PCI Interrupt Link [LNKC] (IRQs 5 *9 10 11)
[    1.508302] ACPI: PCI Interrupt Link [LNKD] (IRQs 5 9 10 *11)
[    1.518843] ACPI: Enabled 2 GPEs in block 00 to 07
[    1.524219] vgaarb: setting as boot device: PCI:0000:00:02.0
[    1.528000] vgaarb: device added: PCI:0000:00:02.0,decodes=io+mem,owns=io+mem,locks=none
[    1.536007] vgaarb: loaded
[    1.536007] vgaarb: bridge control possible 0000:00:02.0
[    1.544509] SCSI subsystem initialized
[    1.552284] ACPI: bus type USB registered
[    1.560095] usbcore: registered new interface driver usbfs
[    1.568088] usbcore: registered new interface driver hub
[    1.576028] usbcore: registered new device driver usb
[    1.592614] PCI: Using ACPI for IRQ routing
[    1.614088] NetLabel: Initializing
[    1.624009] NetLabel:  domain hash size = 128
[    1.636005] NetLabel:  protocols = UNLABELED CIPSOv4
[    1.648031] NetLabel:  unlabeled traffic allowed by default
[    1.660086] amd_nb: Cannot enumerate AMD northbridges
[    1.668486] clocksource: Switched to clocksource kvm-clock
[    1.746837] AppArmor: AppArmor Filesystem Enabled
[    1.746837] pnp: PnP ACPI init
[    1.746837] pnp: PnP ACPI: found 3 devices
[    1.887381] clocksource: acpi_pm: mask: 0xffffff max_cycles: 0xffffff, max_idle_ns: 2085701024 ns
[    1.921659] NET: Registered protocol family 2
[    1.935985] TCP established hash table entries: 8192 (order: 4, 65536 bytes)
[    1.953728] TCP bind hash table entries: 8192 (order: 5, 131072 bytes)
[    1.979950] TCP: Hash tables configured (established 8192 bind 8192)
[    1.998976] UDP hash table entries: 512 (order: 2, 16384 bytes)
[    2.015914] UDP-Lite hash table entries: 512 (order: 2, 16384 bytes)
[    2.030019] NET: Registered protocol family 1
[    2.041432] pci 0000:00:00.0: Limiting direct PCI/PCI transfers
[    2.055417] pci 0000:00:01.0: Activating ISA DMA hang workarounds
[    2.071203] Unpacking initramfs...
[    2.609858] Freeing initrd memory: 14888K
[    2.769422] clocksource: tsc: mask: 0xffffffffffffffff max_cycles: 0x2135fd711f6, max_idle_ns: 440795262176 ns
[    2.786311] platform rtc_cmos: registered platform RTC device (no PNP device found)
[    2.801308] Scanning for low memory corruption every 60 seconds
[    2.810199] audit: initializing netlink subsys (disabled)
[    2.816957] audit: type=2000 audit(1676927523.734:1): initialized
[    2.824412] Initialise system trusted keyring
[    2.830620] HugeTLB registered 2 MB page size, pre-allocated 0 pages
[    2.839437] zbud: loaded
[    2.843699] VFS: Disk quotas dquot_6.6.0
[    2.848636] VFS: Dquot-cache hash table entries: 512 (order 0, 4096 bytes)
[    2.856479] squashfs: version 4.0 (2009/01/31) Phillip Lougher
[    2.863161] fuse init (API version 7.23)
[    2.867499] Key type big_key registered
[    2.871544] Allocating IMA MOK and blacklist keyrings.
[    2.889417] Key type asymmetric registered
[    2.893588] Asymmetric key parser 'x509' registered
[    2.898003] Block layer SCSI generic (bsg) driver version 0.4 loaded (major 249)
[    2.905528] io scheduler noop registered
[    2.909290] io scheduler deadline registered (default)
[    2.914903] io scheduler cfq registered
[    2.919186] pci_hotplug: PCI Hot Plug PCI Core version: 0.5
[    2.925763] pciehp: PCI Express Hot Plug Controller Driver version: 0.4
[    2.933558] ACPI: AC Adapter [AC] (off-line)
[    2.939633] input: Power Button as /devices/LNXSYSTM:00/LNXPWRBN:00/input/input0
[    2.947290] ACPI: Power Button [PWRF]
[    2.952105] input: Sleep Button as /devices/LNXSYSTM:00/LNXSLPBN:00/input/input1
[    2.960129] ACPI: Sleep Button [SLPF]
[    2.965977] GHES: HEST is not enabled!
[    2.967818] ACPI: Battery Slot [BAT0] (battery present)
[    2.976894] Serial: 8250/16550 driver, 32 ports, IRQ sharing enabled
[    3.010394] 00:02: ttyS0 at I/O 0x3f8 (irq = 4, base_baud = 115200) is a 16550A
[    3.044086] Linux agpgart interface v0.103
[    3.065567] loop: module loaded
[    3.073546] scsi host0: ata_piix
[    3.081086] scsi host1: ata_piix
[    3.085679] ata1: PATA max UDMA/33 cmd 0x1f0 ctl 0x3f6 bmdma 0xd000 irq 14
[    3.089553] ata2: PATA max UDMA/33 cmd 0x170 ctl 0x376 bmdma 0xd008 irq 15
[    3.100757] libphy: Fixed MDIO Bus: probed
[    3.107400] tun: Universal TUN/TAP device driver, 1.6
[    3.114243] tun: (C) 1999-2004 Max Krasnyansky <maxk@qualcomm.com>
[    3.122661] PPP generic driver version 2.4.2
[    3.129573] ehci_hcd: USB 2.0 'Enhanced' Host Controller (EHCI) Driver
[    3.137721] ehci-pci: EHCI PCI platform driver
[    3.143263] ehci-platform: EHCI generic platform driver
[    3.149529] ohci_hcd: USB 1.1 'Open' Host Controller (OHCI) Driver
[    3.157013] ohci-pci: OHCI PCI platform driver
[    3.162741] ohci-platform: OHCI generic platform driver
[    3.169151] uhci_hcd: USB Universal Host Controller Interface driver
[    3.177786] i8042: PNP: PS/2 Controller [PNP0303:PS2K,PNP0f03:PS2M] at 0x60,0x64 irq 1,12
[    3.191951] serio: i8042 KBD port at 0x60,0x64 irq 1
[    3.193817] serio: i8042 AUX port at 0x60,0x64 irq 12
[    3.205553] mousedev: PS/2 mouse device common for all mice
[    3.216889] rtc_cmos rtc_cmos: rtc core: registered rtc_cmos as rtc0
[    3.226502] rtc_cmos rtc_cmos: alarms up to one day, 114 bytes nvram
[    3.233784] i2c /dev entries driver
[    3.238859] device-mapper: uevent: version 1.0.3
[    3.245099] device-mapper: ioctl: 4.34.0-ioctl (2015-10-28) initialised: dm-devel@redhat.com
[    3.254447] ledtrig-cpu: registered to indicate activity on CPUs
[    3.292319] input: AT Translated Set 2 keyboard as /devices/platform/i8042/serio0/input/input2
[    3.324835] NET: Registered protocol family 10
[    3.330488] NET: Registered protocol family 17
[    3.335505] Key type dns_resolver registered
[    3.342365] registered taskstats version 1
[    3.347826] Loading compiled-in X.509 certificates
[    3.354035] Loaded X.509 cert 'Build time autogenerated kernel key: cf00e047681d67edb2720680708b7d9498083038'
[    3.364735] zswap: loaded using pool lzo/zbud
[    3.374757] Key type trusted registered
[    3.389778] Key type encrypted registered
[    3.395293] AppArmor: AppArmor sha1 policy hashing enabled
[    3.401254] ima: No TPM chip found, activating TPM-bypass!
[    3.408016] ima: Allocated hash algorithm: sha1
[    3.413462] evm: HMAC attrs: 0x1
[    3.419103]   Magic number: 11:323:197
[    3.423761] acpi PNP0100:00: hash matches
[    3.430320] rtc_cmos rtc_cmos: setting system clock to 2023-02-20 21:12:00 UTC (1676927520)
[    3.492679] BIOS EDD facility v0.16 2004-Jun-25, 0 devices found
[    3.500488] EDD information not available.
[    3.509083] Freeing unused kernel memory: 1492K
[    3.528049] Write protecting the kernel read-only data: 14336k
[    3.536422] Freeing unused kernel memory: 1584K
[    3.541780] Freeing unused kernel memory: 52K
Loading, please wait...
starting version 229
[    3.573752] random: systemd-udevd: uninitialized urandom read (16 bytes read, 11 bits of entropy available)
[    3.574526] random: udevadm: uninitialized urandom read (16 bytes read, 11 bits of entropy available)
[    3.574608] random: udevadm: uninitialized urandom read (16 bytes read, 11 bits of entropy available)
[    3.585774] random: udevadm: uninitialized urandom read (16 bytes read, 11 bits of entropy available)
[    3.585835] random: udevadm: uninitialized urandom read (16 bytes read, 11 bits of entropy available)
[    3.586052] random: udevadm: uninitialized urandom read (16 bytes read, 11 bits of entropy available)
[    3.586120] random: udevadm: uninitialized urandom read (16 bytes read, 11 bits of entropy available)
[    3.586182] random: udevadm: uninitialized urandom read (16 bytes read, 11 bits of entropy available)
[    3.586301] random: udevadm: uninitialized urandom read (16 bytes read, 11 bits of entropy available)
[    3.586398] random: udevadm: uninitialized urandom read (16 bytes read, 11 bits of entropy available)
[    3.761233] e1000: Intel(R) PRO/1000 Network Driver - version 7.3.21-k8-NAPI
[    3.764177] e1000: Copyright (c) 1999-2006 Intel Corporation.
[    3.782554] Fusion MPT base driver 3.04.20
[    3.788294] Copyright (c) 1999-2008 LSI Corporation
[    3.867834] Fusion MPT SPI Host driver 3.04.20
[    3.972467] SSE version of gcm_enc/dec engaged.
[    4.066431] input: ImExPS/2 Generic Explorer Mouse as /devices/platform/i8042/serio1/input/input4
[    5.058401] e1000 0000:00:03.0 eth0: (PCI:33MHz:32-bit) 02:be:82:6b:cc:1d
[    5.061480] e1000 0000:00:03.0 eth0: Intel(R) PRO/1000 Network Connection
[    5.087384] e1000 0000:00:03.0 enp0s3: renamed from eth0
[    5.115532] mptbase: ioc0: Initiating bringup
[    5.245354] ioc0: LSI53C1030 A0: Capabilities={Initiator}
[    6.075611] scsi host2: ioc0: LSI53C1030 A0, FwRev=00000000h, Ports=1, MaxQ=256, IRQ=20
[    6.263262] scsi 2:0:0:0: Direct-Access     VBOX     HARDDISK         1.0  PQ: 0 ANSI: 5
[    6.317221] scsi target2:0:0: Beginning Domain Validation
[    6.406367] scsi target2:0:0: Domain Validation skipping write tests
[    6.430717] scsi target2:0:0: Ending Domain Validation
[    6.450630] scsi target2:0:0: asynchronous
[    6.474166] scsi 2:0:1:0: Direct-Access     VBOX     HARDDISK         1.0  PQ: 0 ANSI: 5
[    6.494852] scsi target2:0:1: Beginning Domain Validation
[    6.537301] scsi target2:0:1: Domain Validation skipping write tests
[    6.548736] scsi target2:0:1: Ending Domain Validation
[    6.566117] scsi target2:0:1: asynchronous
[    6.650932] sd 2:0:0:0: Attached scsi generic sg0 type 0
[    6.667984] sd 2:0:0:0: [sda] 83886080 512-byte logical blocks: (42.9 GB/40.0 GiB)
[    6.668779] sd 2:0:1:0: [sdb] 20480 512-byte logical blocks: (10.5 MB/10.0 MiB)
[    6.670682] sd 2:0:1:0: [sdb] Write Protect is off
[    6.671400] sd 2:0:1:0: Attached scsi generic sg1 type 0
[    6.671931] sd 2:0:1:0: [sdb] Incomplete mode parameter data
[    6.671934] sd 2:0:1:0: [sdb] Assuming drive cache: write through
[    6.764829] sd 2:0:1:0: [sdb] Attached SCSI disk
[    6.919647] sd 2:0:0:0: [sda] Write Protect is off
[    6.946653] sd 2:0:0:0: [sda] Incomplete mode parameter data
[    6.985979] sd 2:0:0:0: [sda] Assuming drive cache: write through
[    7.117230]  sda: sda1
[    7.153526] sd 2:0:0:0: [sda] Attached SCSI disk
Begin: Loading essential drivers ... [   10.039477] md: linear personality registered for level -1
[   10.054434] md: multipath personality registered for level -4
[   10.089351] md: raid0 personality registered for level 0
[   10.133580] md: raid1 personality registered for level 1
[   10.729864] raid6: sse2x1   gen() 37333 MB/s
[   11.729143] raid6: sse2x1   xor() 53145 MB/s
[   13.729010] raid6: sse2x2   gen() 99082 MB/s
[   15.725319] raid6: sse2x2   xor() 68032 MB/s
[   15.797909] raid6: sse2x4   gen()  7247 MB/s
[   15.890892] raid6: sse2x4   xor()  4641 MB/s
[   15.902997] raid6: using algorithm sse2x2 gen() 99082 MB/s
[   15.931675] raid6: .... xor() 68032 MB/s, rmw enabled
[   15.959508] raid6: using ssse3x2 recovery algorithm
[   16.011413] xor: measuring software checksum speed
[   16.150320]    prefetch64-sse: 23890.000 MB/sec
[   16.265117]    generic_sse: 20539.000 MB/sec
[   16.279669] xor: using function: prefetch64-sse (23890.000 MB/sec)
[   16.296679] async_tx: api initialized (async)
[   16.425552] md: raid6 personality registered for level 6
[   16.439283] md: raid5 personality registered for level 5
[   16.448400] md: raid4 personality registered for level 4
[   16.507525] md: raid10 personality registered for level 10
done.
Begin: Running /scripts/init-premount ... done.
Begin: Mounting root file system ... Begin: Running /scripts/local-top ... done.
Begin: Running /scripts/local-premount ... [   16.764293] Btrfs loaded
Scanning for Btrfs filesystems
done.
Warning: fsck not present, so skipping root file system
[   16.933368] EXT4-fs (sda1): mounted filesystem with ordered data mode. Opts: (null)
done.
Begin: Running /scripts/local-bottom ... done.
Begin: Running /scripts/init-bottom ... done.
[   17.605600] systemd[1]: systemd 229 running in system mode. (+PAM +AUDIT +SELINUX +IMA +APPARMOR +SMACK +SYSVINIT +UTMP +LIBCRYPTSETUP +GCRYPT +GNUTLS +ACL +XZ -LZ4 +SECCOMP +BLKID +ELFUTILS +KMOD -IDN)
[   17.642067] systemd[1]: Detected virtualization oracle.
[   17.659972] systemd[1]: Detected architecture x86-64.

Welcome to [1mUbuntu 16.04.7 LTS[0m!

[   17.763394] systemd[1]: Set hostname to <ubuntu>.
[   17.821837] systemd[1]: Initializing machine ID from random generator.
[   17.851293] systemd[1]: Installed transient /etc/machine-id file.
[   18.142543] random: nonblocking pool is initialized
[   18.595577] systemd[1]: Created slice System Slice.
[[0;32m  OK  [0m] Created slice System Slice.
[   18.643650] systemd[1]: Listening on udev Control Socket.
[[0;32m  OK  [0m] Listening on udev Control Socket.
[   18.679099] systemd[1]: Reached target System Time Synchronized.
[[0;32m  OK  [0m] Reached target System Time Synchronized.
[   18.709964] systemd[1]: Listening on Device-mapper event daemon FIFOs.
[[0;32m  OK  [0m] Listening on Device-mapper event daemon FIFOs.
[   18.747689] systemd[1]: Listening on fsck to fsckd communication Socket.
[[0;32m  OK  [0m] Listening on fsck to fsckd communication Socket.
[   18.774017] systemd[1]: Listening on /dev/initctl Compatibility Named Pipe.
[[0;32m  OK  [0m] Listening on /dev/initctl Compatibility Named Pipe.
[   18.819723] systemd[1]: Started Trigger resolvconf update for networkd DNS.
[[0;32m  OK  [0m] Started Trigger resolvconf update for networkd DNS.
[   18.861820] systemd[1]: Created slice User and Session Slice.
[[0;32m  OK  [0m] Created slice User and Session Slice.
[   18.903805] systemd[1]: Listening on LVM2 poll daemon socket.
[[0;32m  OK  [0m] Listening on LVM2 poll daemon socket.
[   18.944396] systemd[1]: Reached target Encrypted Volumes.
[[0;32m  OK  [0m] Reached target Encrypted Volumes.
[   18.988015] systemd[1]: Listening on Journal Socket (/dev/log).
[[0;32m  OK  [0m] Listening on Journal Socket (/dev/log).
[   19.032649] systemd[1]: Listening on Syslog Socket.
[[0;32m  OK  [0m] Listening on Syslog Socket.
[   19.063227] systemd[1]: Set up automount Arbitrary Executable File Formats File System Automount Point.
[[0;32m  OK  [0m] Set up automount Arbitrary Executab...ats File System Automount Point.
[   19.100006] systemd[1]: Listening on LVM2 metadata daemon socket.
[[0;32m  OK  [0m] Listening on LVM2 metadata daemon socket.
[   19.131893] systemd[1]: Listening on Journal Audit Socket.
[[0;32m  OK  [0m] Listening on Journal Audit Socket.
[   19.174884] systemd[1]: Reached target Swap.
[[0;32m  OK  [0m] Reached target Swap.
[   19.216192] systemd[1]: Listening on udev Kernel Socket.
[[0;32m  OK  [0m] Listening on udev Kernel Socket.
[   19.255559] systemd[1]: Reached target Slices.
[[0;32m  OK  [0m] Reached target Slices.
[   19.283507] systemd[1]: Reached target User and Group Name Lookups.
[[0;32m  OK  [0m] Reached target User and Group Name Lookups.
[   19.316430] systemd[1]: Created slice system-serial\x2dgetty.slice.
[[0;32m  OK  [0m] Created slice system-serial\x2dgetty.slice.
[   19.348264] systemd[1]: Listening on Journal Socket.
[[0;32m  OK  [0m] Listening on Journal Socket.
[   19.393094] systemd[1]: Mounting Debug File System...
         Mounting Debug File System...
[   19.425730] systemd[1]: Starting Create list of required static device nodes for the current kernel...
         Starting Create list of required st... nodes for the current kernel...
[   19.479439] systemd[1]: Mounting Huge Pages File System...
         Mounting Huge Pages File System...
[   19.530705] systemd[1]: Starting File System Check on Root Device...
         Starting File System Check on Root Device...
[   19.613789] systemd[1]: Starting Journal Service...
         Starting Journal Service...
[   19.665259] systemd[1]: Starting Uncomplicated firewall...
         Starting Uncomplicated firewall...
[   19.805696] systemd[1]: Starting Load Kernel Modules...
         Starting Load Kernel Modules...
[   19.856774] systemd[1]: Starting Nameserver information manager...
         Starting Nameserver information manager...
[   19.890304] systemd[1]: Starting Set console keymap...
         Starting Set console keymap...
[   19.930744] systemd[1]: Mounting POSIX Message Queue File System...
         Mounting POSIX Message Queue File System...
[   19.962986] systemd[1]: Starting Monitoring of LVM2 mirrors, snapshots etc. using dmeventd or progress polling...
         Starting Monitoring of LVM2 mirrors... dmeventd or progress polling...
[   20.001596] systemd[1]: Started Forward Password Requests to Wall Directory Watch.
[[0;32m  OK  [0m] Started Forward Password Requests to Wall Directory Watch.
[   20.030191] Loading iSCSI transport class v2.0-870.
[   20.052657] systemd[1]: Mounted Huge Pages File System.
[[0;32m  OK  [0m] Mounted Huge Pages File System.
[   20.081343] systemd[1]: Mounted POSIX Message Queue File System.
[[0;32m  OK  [0m] Mounted POSIX Message Queue File System.
[   20.109050] systemd[1]: Mounted Debug File System.
[[0;32m  OK  [0m] Mounted Debug File System.
[   20.134398] systemd[1]: Started Journal Service.
[[0;32m  OK  [0m] Started Journal Service.
[   20.164804] iscsi: registered transport (tcp)
[[0;32m  OK  [0m] Started Create list of required sta...ce nodes for the current kernel.
[[0;32m  OK  [0m] Started File System Check on Root Device.
[[0;32m  OK  [0m] Started Uncomplicated firewall.
[[0;32m  OK  [0m] Started Set console keymap.
[[0;32m  OK  [0m] Started Nameserver information manager.
[[0;32m  OK  [0m] Started LVM2 metadata daemon.
[[0;32m  OK  [0m] Started File System Check Daemon to report status.
         Starting Remount Root and Kernel File Systems...
[   20.418697] EXT4-fs (sda1): re-mounted. Opts: (null)
         Starting Create Static Device Nodes in /dev...
[[0;32m  OK  [0m] Started Remount Root and Kernel File Systems.
         Starting udev Coldplug all Devices...
         Starting Flush Journal to Persistent Storage...
         Starting Load/Save Random Seed...
[[0;32m  OK  [0m] Started Load/Save Random Seed.
[   20.585191] systemd-journald[380]: Received request to flush runtime journal from PID 1
[[0;32m  OK  [0m] Started Flush Journal to Persistent Storage.
[[0;32m  OK  [0m] Started Create Static Device Nodes in /dev.
[   20.648650] iscsi: registered transport (iser)
         Starting udev Kernel Device Manager...
[[0;32m  OK  [0m] Started Load Kernel Modules.
[[0;32m  OK  [0m] Started Monitoring of LVM2 mirrors,...ng dmeventd or progress polling.
[[0;32m  OK  [0m] Reached target Local File Systems (Pre).
[[0;32m  OK  [0m] Reached target Local File Systems.
         Starting Tell Plymouth To Write Out Runtime Data...
         Starting Initial cloud-init job (pre-networking)...
         Starting Create Volatile Files and Directories...
         Starting LSB: AppArmor initialization...
         Starting Commit a transient machine-id on disk...
         Starting Set console font and keymap...
         Starting Apply Kernel Variables...
         Mounting FUSE Control File System...
[[0;32m  OK  [0m] Mounted FUSE Control File System.
[[0;32m  OK  [0m] Started udev Kernel Device Manager.
[[0;32m  OK  [0m] Started udev Coldplug all Devices.
[[0;32m  OK  [0m] Started Tell Plymouth To Write Out Runtime Data.
[[0;32m  OK  [0m] Started Create Volatile Files and Directories.
[[0;32m  OK  [0m] Started Commit a transient machine-id on disk.
[[0;32m  OK  [0m] Started Apply Kernel Variables.
[[0;32m  OK  [0m] Found device /dev/ttyS0.
[[0;32m  OK  [0m] Listening on Load/Save RF Kill Switch Status /dev/rfkill Watch.
         Starting Update UTMP about System Boot/Shutdown...
[[0;32m  OK  [0m] Started Dispatch Password Requests to Console Directory Watch.
[[0;32m  OK  [0m] Started Update UTMP about System Boot/Shutdown.
[[0;32m  OK  [0m] Started LSB: AppArmor initialization.
[   26.414143] cloud-init[481]: Cloud-init v. 21.1-19-gbad84ad4-0ubuntu1~16.04.2 running 'init-local' at Mon, 20 Feb 2023 21:12:21 +0000. Up 24.38 seconds.
         Starting Load AppArmor profiles managed internally by snapd...
[[0;32m  OK  [0m] Started Initial cloud-init job (pre-networking).
[[0;32m  OK  [0m] Started Load AppArmor profiles managed internally by snapd.
[[0;32m  OK  [0m] Reached target Network (Pre).
         Starting Raise network interfaces...
[[0;32m  OK  [0m] Started Set console font and keymap.
[[0;32m  OK  [0m] Created slice system-getty.slice.
[[0;32m  OK  [0m] Started Raise network interfaces.
[[0;32m  OK  [0m] Reached target Network.
         Starting Initial cloud-init job (metadata service crawler)...
[   33.260789] cloud-init[951]: Cloud-init v. 21.1-19-gbad84ad4-0ubuntu1~16.04.2 running 'init' at Mon, 20 Feb 2023 21:12:28 +0000. Up 31.56 seconds.
[   33.282139] cloud-init[951]: ci-info: ++++++++++++++++++++++++++++++++++++++Net device info++++++++++++++++++++++++++++++++++++++
[   33.296948] cloud-init[951]: ci-info: +--------+------+----------------------------+---------------+--------+-------------------+
[   33.311578] cloud-init[951]: ci-info: | Device |  Up  |          Address           |      Mask     | Scope  |     Hw-Address    |
[   33.326033] cloud-init[951]: ci-info: +--------+------+----------------------------+---------------+--------+-------------------+
[   33.339619] cloud-init[951]: ci-info: | enp0s3 | True |         10.0.2.15          | 255.255.255.0 | global | 02:be:82:6b:cc:1d |
[   33.353230] cloud-init[951]: ci-info: | enp0s3 | True | fe80::be:82ff:fe6b:cc1d/64 |       .       |  link  | 02:be:82:6b:cc:1d |
[   33.365931] cloud-init[951]: ci-info: |   lo   | True |         127.0.0.1          |   255.0.0.0   |  host  |         .         |
[   33.379238] cloud-init[951]: ci-info: |   lo   | True |          ::1/128           |       .       |  host  |         .         |
[   33.391663] cloud-init[951]: ci-info: +--------+------+----------------------------+---------------+--------+-------------------+
[   33.404972] cloud-init[951]: ci-info: +++++++++++++++++++++++++++Route IPv4 info++++++++++++++++++++++++++++
[   33.418275] cloud-init[951]: ci-info: +-------+-------------+----------+---------------+-----------+-------+
[   33.490303] cloud-init[951]: ci-info: | Route | Destination | Gateway  |    Genmask    | Interface | Flags |
[[   33.515298] cloud-init[951]: ci-info: +-------+-------------+----------+---------------+-----------+-------+
[   33.521818] cloud-init[951]: ci-info: |   0   |   0.0.0.0   | 10.0.2.2 |    0.0.0.0    |   enp0s3  |   UG  |
[   33.523115] cloud-init[951]: ci-info: |   1   |   10.0.2.0  | 0.0.0.0  | 255.255.255.0 |   enp0s3  |   U   |
[   33.523866] cloud-init[951]: ci-info: +-------+-------------+----------+---------------+-----------+-------+
[   33.525773] cloud-init[951]: ci-info: +++++++++++++++++++Route IPv6 info+++++++++++++++++++
[   33.526639] cloud-init[951]: ci-info: +-------+-------------+---------+-----------+-------+
[   33.527498] cloud-init[951]: ci-info: | Route | Destination | Gateway | Interface | Flags |
[   33.528764] cloud-init[951]: ci-info: +-------+-------------+---------+-----------+-------+
[   33.530185] cloud-init[951]: ci-info: |   0   |  fe80::/64  |    ::   |   enp0s3  |   U   |
[   33.530991] cloud-init[951]: ci-info: |   3   |   ff00::/8  |    ::   |   enp0s3  |   U   |
[   33.531846] cloud-init[951]: ci-info: +-------+-------------+---------+-----------+-------+
[   33.534076] cloud-init[951]: Generating public/private rsa key pair.
[   33.534890] cloud-init[951]: Your identification has been saved in /etc/ssh/ssh_host_rsa_key.
[   33.535721] cloud-init[951]: Your public key has been saved in /etc/ssh/ssh_host_rsa_key.pub.
[   33.537647] cloud-init[951]: The key fingerprint is:
[   33.538508] cloud-init[951]: SHA256:/yIzL8ozyeBYOmgloHu+MA0EpwFJGAu++lhjX3pmGrk root@ubuntu-xenial
[   33.539367] cloud-init[951]: The key's randomart image is:
[   33.541241] cloud-init[951]: +---[RSA 2048]----+
[   33.542193] cloud-init[951]: |X+.              |
[   33.542976] cloud-init[951]: |*=               |
[   33.543829] cloud-init[951]: |oo               |
[   33.545849] cloud-init[951]: |o .              |
[   33.546536] cloud-init[951]: |+.      S        |
[   33.547219] cloud-init[951]: |o+ .o.   .       |
[   33.547944] cloud-init[951]: |+oB=oo..  .      |
[   33.549859] cloud-init[951]: |oO=o.*O = ..     |
[   33.550521] cloud-init[951]: |oo+oE=o+ *...    |
[   33.551306] cloud-init[951]: +----[SHA256]-----+
[   33.551900] cloud-init[951]: Generating public/private dsa key pair.
[   33.553429] cloud-init[951]: Your identification has been saved in /etc/ssh/ssh_host_dsa_key.
[   33.554078] cloud-init[951]: Your public key has been saved in /etc/ssh/ssh_host_dsa_key.pub.
[   33.554749] cloud-init[951]: The key fingerprint is:
[   33.555476] cloud-init[951]: SHA256:spsHfi/9habxUveJ7bCzYAoP3N0/3uq0qiEyNLijzdc root@ubuntu-xenial
[   33.557037] cloud-init[951]: The key's randomart image is:
[   33.557690] cloud-init[951]: +---[DSA 1024]----+
[   33.558257] cloud-init[951]: |                 |
[   33.558860] cloud-init[951]: |                 |
[   33.559445] cloud-init[951]: |                 |
[   33.560553] cloud-init[951]: |     .           |
[   33.560980] cloud-init[951]: |    . + S        |
[   33.561642] cloud-init[951]: |     oo+. . o..  |
[   33.562500] cloud-init[951]: |    o.+*.oo=o+=..|
[   33.563112] cloud-init[951]: |   + .o=E.=*.=+=o|
[   33.563818] cloud-init[951]: |  . o.oo =+++=O=o|
[   33.565271] cloud-init[951]: +----[SHA256]-----+
[   33.566015] cloud-init[951]: Generating public/private ecdsa key pair.
[   33.566735] cloud-init[951]: Your identification has been saved in /etc/ssh/ssh_host_ecdsa_key.
[   33.567367] cloud-init[951]: Your public key has been saved in /etc/ssh/ssh_host_ecdsa_key.pub.
[   33.568898] cloud-init[951]: The key fingerprint is:
[   33.569589] cloud-init[951]: SHA256:aqUQF558xWfj5+KiLWdrqkO9eyCKLj5fFm+kfurcG28 root@ubuntu-xenial
[   33.570250] cloud-init[951]: The key's randomart image is:
[   33.571511] cloud-init[951]: +---[ECDSA 256]---+
[   33.571732] cloud-init[951]: |      .  ..      |
[   33.572356] cloud-init[951]: |     o o .. +    |
[   33.573160] cloud-init[951]: |    . = .  + .   |
[   33.573791] cloud-init[951]: |     o .    . .  |
[   33.574611] cloud-init[951]: |    .. oS    o   |
[   33.575241] cloud-init[951]: |     .B+o   . .  |
[   33.575922] cloud-init[951]: |   . *+= o . .   |
[   33.577606] cloud-init[951]: |... *.+.=E* .    |
[   33.578256] cloud-init[951]: |.++..=+=*@oo     |
[   33.578999] cloud-init[951]: +----[SHA256]-----+
[   33.579718] cloud-init[951]: Generating public/private ed25519 key pair.
[   33.581143] cloud-init[951]: Your identification has been saved in /etc/ssh/ssh_host_ed25519_key.
[   33.581850] cloud-init[951]: Your public key has been saved in /etc/ssh/ssh_host_ed25519_key.pub.
[   33.582503] cloud-init[951]: The key fingerprint is:
[   33.583198] cloud-init[951]: SHA256:MVbBCxFuse+y9bVosu/aWYUeO1xJQr6JiIjeVwS8VHA root@ubuntu-xenial
[   33.583379] cloud-init[951]: The key's randomart image is:
[   33.583560] cloud-init[951]: +--[ED25519 256]--+
[   33.583734] cloud-init[951]: |      .o*Eo. .   |
[   33.584253] cloud-init[951]: |       +++. o    |
[   33.584936] cloud-init[951]: |      . Oo . o . |
[   33.585188] cloud-init[951]: |    . .+o+o . =..|
[   33.585376] cloud-init[951]: |   . . .So.. oo.o|
[   33.586232] cloud-init[951]: |  . .   ..   o = |
[   33.586895] cloud-init[951]: |   . . .. o   B  |
[   33.587594] cloud-init[951]: |      .  +.o.= o |
[   33.589333] cloud-init[951]: |        . oBB .  |
[   33.589785] cloud-init[951]: +----[SHA256]-----+
[0;32m  OK  [0m] Started Initial cloud-init job (metadata service crawler).
[[0;32m  OK  [0m] Reached target System Initialization.
         Starting LXD - unix socket.
[[0;32m  OK  [0m] Started Daily Cleanup of Temporary Directories.
[[0;32m  OK  [0m] Started Message of the Day.
[[0;32m  OK  [0m] Started ACPI Events Check.
[[0;32m  OK  [0m] Reached target Paths.
         Starting Socket activation for snappy daemon.
[[0;32m  OK  [0m] Listening on ACPID Listen Socket.
[[0;32m  OK  [0m] Started Daily apt download activities.
[[0;32m  OK  [0m] Started Daily apt upgrade and clean activities.
[[0;32m  OK  [0m] Listening on UUID daemon activation socket.
[[0;32m  OK  [0m] Started Ubuntu Advantage update messaging.
[[0;32m  OK  [0m] Reached target Timers.
[[0;32m  OK  [0m] Listening on D-Bus System Message Bus Socket.
[[0;32m  OK  [0m] Reached target Network is Online.
         Starting iSCSI initiator daemon (iscsid)...
[[0;32m  OK  [0m] Reached target Cloud-config availability.
[[0;32m  OK  [0m] Listening on LXD - unix socket.
[[0;32m  OK  [0m] Listening on Socket activation for snappy daemon.
[[0;32m  OK  [0m] Reached target Sockets.
[[0;32m  OK  [0m] Reached target Basic System.
[[0;32m  OK  [0m] Started FUSE filesystem for LXC.
[[0;32m  OK  [0m] Started Regular background program processing daemon.
         Starting LSB: MD monitoring daemon...
         Starting /etc/rc.local Compatibility...
         Starting Virtualbox guest utils...
         Starting System Logging Service...
[[0;32m  OK  [0m] Started Deferred execution scheduler.
         Starting Login Service...
[[0;32m  OK  [0m] Started D-Bus System Message Bus.
         Starting Pollinate to seed the pseudo random number generator...
         Starting LSB: Record successful boot for GRUB...
[[0;32m  OK  [0m] Started ACPI event daemon.
         Starting Accounts Service...
         Starting Snap Daemon...
         Starting LXD - container startup/shutdown...
[[0;32m  OK  [0m] Started System Logging Service.
[[0;32m  OK  [0m] Started iSCSI initiator daemon (iscsid).
[[0;32m  OK  [0m] Started /etc/rc.local Compatibility.
         Starting Login to default iSCSI targets...
[[0;32m  OK  [0m] Started Login Service.
[[0;32m  OK  [0m] Started Unattended Upgrades Shutdown.
[[0;32m  OK  [0m] Started LSB: Record successful boot for GRUB.
[[0;32m  OK  [0m] Started LSB: MD monitoring daemon.
         Starting Authenticate and Authorize Users to Run Privileged Tasks...
[[0;32m  OK  [0m] Started Login to default iSCSI targets.
[[0;32m  OK  [0m] Started Authenticate and Authorize Users to Run Privileged Tasks.
[[0;32m  OK  [0m] Started Accounts Service.
[[0;32m  OK  [0m] Reached target Remote File Systems (Pre).
[[0;32m  OK  [0m] Reached target Remote File Systems.
         Starting Permit User Sessions...
         Starting LSB: automatic crash report generation...
         Starting LSB: Set the CPU Frequency Scaling governor to "ondemand"...
         Starting LSB: daemon to balance interrupts for SMP systems...
[[0;32m  OK  [0m] Started Virtualbox guest utils.
[[0;32m  OK  [0m] Started Permit User Sessions.
[[0;32m  OK  [0m] Started LXD - container startup/shutdown.
         Starting Hold until boot process finishes up...
         Starting Terminate Plymouth Boot Screen...
[[0;32m  OK  [0m] Started LSB: Set the CPU Frequency Scaling governor to "ondemand".
[[0;32m  OK  [0m] Started Hold until boot process finishes up.
[[0;32m  OK  [0m] Started Terminate Plymouth Boot Screen.
[[0;32m  OK  [0m] Started Serial Getty on ttyS0.
[[0;32m  OK  [0m] Started Getty on tty1.
[[0;32m  OK  [0m] Reached target Login Prompts.
         Starting Set console scheme...
[[0;32m  OK  [0m] Started LSB: automatic crash report generation.
[[0;32m  OK  [0m] Started Pollinate to seed the pseudo random number generator.
[[0;32m  OK  [0m] Started LSB: daemon to balance interrupts for SMP systems.
[[0;32m  OK  [0m] Started Set console scheme.
         Starting OpenBSD Secure Shell server...
[[0;32m  OK  [0m] Started OpenBSD Secure Shell server.
[[0;32m  OK  [0m] Started Snap Daemon.
         Starting Wait until snapd is fully seeded...
[[0;32m  OK  [0m] Created slice User Slice of vagrant.
         Starting User Manager for UID 1000...
[[0;32m  OK  [0m] Started Wait until snapd is fully seeded.
[[0;32m  OK  [0m] Started Session 1 of user vagrant.
         Starting Apply the settings specified in cloud-config...
[[0;32m  OK  [0m] Reached target Multi-User System.
[[0;32m  OK  [0m] Reached target Graphical Interface.
         Starting Update UTMP about System Runlevel Changes...
[[0;32m  OK  [0m] Started User Manager for UID 1000.
[[0;32m  OK  [0m] Started Update UTMP about System Runlevel Changes.
[   40.855489] cloud-init[1312]: Generating locales (this might take a while)...

Ubuntu 16.04.7 LTS ubuntu-xenial ttyS0

ubuntu-xenial login: [   43.829252] cloud-init[1312]:   en_US.UTF-8... done
[   43.832789] cloud-init[1312]: Generation complete.
[   44.916963] cloud-init[1312]: Cloud-init v. 21.1-19-gbad84ad4-0ubuntu1~16.04.2 running 'modules:config' at Mon, 20 Feb 2023 21:12:37 +0000. Up 40.50 seconds.
ci-info: no authorized SSH keys fingerprints found for user ubuntu.
<14>Feb 20 21:12:42 ec2: 
<14>Feb 20 21:12:42 ec2: #############################################################
<14>Feb 20 21:12:42 ec2: -----BEGIN SSH HOST KEY FINGERPRINTS-----
<14>Feb 20 21:12:42 ec2: 1024 SHA256:spsHfi/9habxUveJ7bCzYAoP3N0/3uq0qiEyNLijzdc root@ubuntu-xenial (DSA)
<14>Feb 20 21:12:42 ec2: 256 SHA256:aqUQF558xWfj5+KiLWdrqkO9eyCKLj5fFm+kfurcG28 root@ubuntu-xenial (ECDSA)
<14>Feb 20 21:12:42 ec2: 256 SHA256:MVbBCxFuse+y9bVosu/aWYUeO1xJQr6JiIjeVwS8VHA root@ubuntu-xenial (ED25519)
<14>Feb 20 21:12:42 ec2: 2048 SHA256:/yIzL8ozyeBYOmgloHu+MA0EpwFJGAu++lhjX3pmGrk root@ubuntu-xenial (RSA)
<14>Feb 20 21:12:42 ec2: -----END SSH HOST KEY FINGERPRINTS-----
<14>Feb 20 21:12:42 ec2: #############################################################
-----BEGIN SSH HOST KEY KEYS-----
ecdsa-sha2-nistp256 AAAAE2VjZHNhLXNoYTItbmlzdHAyNTYAAAAIbmlzdHAyNTYAAABBBGnIysmzOJ2qpamL14saCe972aP4QDOjwR1xko3BiNuzVBwjucvKdjPie6evRoF5cm9Q4fXgwQiW8d853hVB39Q= root@ubuntu-xenial
ssh-ed25519 AAAAC3NzaC1lZDI1NTE5AAAAIIXJhPrdtemoD3E4eaIS+yn7nsqrM5kEifxCMGBaZ8LC root@ubuntu-xenial
ssh-rsa AAAAB3NzaC1yc2EAAAADAQABAAABAQCtxO7u7tY+feparioGP5kOEriDbEUZaU9yTj5l9W7SYIa6ybEH4snaQtNIsre1infynyWaWdIDjx25CR21X0gNeZ+TH0BnXX/BTRJb0prPF3wk7NTiTa7KbWCB115jFpthIcthbcIcNFEDfq4z8wVF7UfW451Zlbd1o9FvUU0WYxdd3rSt5VxyiNwNLl+BjQzAVHd+sgmSLvViqxGzFPEjJrNvvzOcBjSvjIBbLyQ+0tY/U/su8xjsUmx0UaVOpukcHioz067ztDH2H1l1Souu9cw8CEUOYmQ+Wz5xqZ9Ddy5glOZZaWLXjKR6j0TIGsfYtimn2vDaRKEA/tJpYBw5 root@ubuntu-xenial
-----END SSH HOST KEY KEYS-----
[   45.917705] cloud-init[1553]: Cloud-init v. 21.1-19-gbad84ad4-0ubuntu1~16.04.2 running 'modules:final' at Mon, 20 Feb 2023 21:12:42 +0000. Up 45.67 seconds.
[   45.927237] cloud-init[1553]: ci-info: no authorized SSH keys fingerprints found for user ubuntu.
[   45.937730] cloud-init[1553]: Cloud-init v. 21.1-19-gbad84ad4-0ubuntu1~16.04.2 finished at Mon, 20 Feb 2023 21:12:42 +0000. Datasource DataSourceNoCloud [seed=/dev/sdb][dsmode=net].  Up 45.91 seconds
         Stopping User Manager for UID 1000...
         Stopping Authenticate and Authorize Users to Run Privileged Tasks...
         Stopping Session 3 of user vagrant.
[[0;32m  OK  [0m] Stopped target Cloud-init target.
[[0;32m  OK  [0m] Stopped Execute cloud user/final scripts.
[[0;32m  OK  [0m] Stopped Apply the settings specified in cloud-config.
         Stopping ACPI event daemon...
[[0;32m  OK  [0m] Stopped target Graphical Interface.
         Stopping Accounts Service...
[[0;32m  OK  [0m] Stopped target Multi-User System.
         Stopping OpenBSD Secure Shell server...
         Stopping FUSE filesystem for LXC...
         Stopping LSB: automatic crash report generation...
         Stopping Deferred execution scheduler...
         Stopping LSB: MD monitoring daemon...
         Stopping LSB: Record successful boot for GRUB...
         Stopping System Logging Service...
[[0;32m  OK  [0m] Stopped Wait until snapd is fully seeded.
[[0;32m  OK  [0m] Stopped targe         Stopping Serial Getty on ttyS0...
         Stopping LXD - container startup/shutdown...
         Stopping D-Bus System Message Bus...
         Stopping LSB: Set the CPU Frequency Scaling governor to "ondemand"...
[[0;32m  OK  [0m] Stopped target Timers.
[[0;32m  OK  [0m] Stopped Ubuntu Advantage update messaging.
[[0;32m  OK  [0m] Stopped Daily Cleanup of Temporary Directories.
[[0;32m  OK  [0m] Stopped Message of the Day.
[[0;32m  OK  [0m] Stopped target Cloud-config availability.
[[0;32m  OK  [0m] Stopped Daily apt upgrade and clean activities.
[[0;32m  OK  [0m] Stopped Daily apt download activities.
[[0;32m  OK  [0m] Stopped target System Time Synchronized.
         Stopping LSB: daemon to balance interrupts for SMP systems...
[[0;32m  OK  [0m] Closed Load/Save RF Kill Switch Status /dev/rfkill Watch.
         Stopping Virtualbox guest utils...
         Stopping Regular background program processing daemon...
[[0;32m  OK  [0m] Unmounted /var/lib/lxcfs.
[[0;32m  OK  [0m] Stopped Regular background program processing daemon.
[[0;32m  OK  [0m] Stopped System Logging Service.
[[0;32m  OK  [0m] Stopped Deferred execution scheduler.
[[0;32m  OK  [0m] Stopped ACPI event daemon.
[[0;32m  OK  [0m] Stopped Accounts Service.
[[0;32m  OK  [0m] Stopped Authenticate and Authorize Users to Run Privileged Tasks.
[[0;32m  OK  [0m] Stopped Serial Getty on ttyS0.
[[0;32m  OK  [0m] Stopped Getty on tty1.
[[0;32m  OK  [0m] Stopped OpenBSD Secure Shell server.
[[0;32m  OK  [0m] Stopped User Manager for UID 1000.
[[0;32m  OK  [0m] Stopped Session 3 of user vagrant.
[[0;32m  OK  [0m] Stopped D-Bus System Message Bus.
[[0;32m  OK  [0m] Stopped FUSE filesystem for LXC.
[[0;32m  OK  [0m] Stopped LSB: Record successful boot for GRUB.
[[0;32m  OK  [0m] Stopped LSB: MD monitoring daemon.
[[0;32m  OK  [0m] Stopped LXD - container startup/shutdown.
[[0;32m  OK  [0m] Stopped LSB: Set the CPU Frequency Scaling governor to "ondemand".
[[0;32m  OK  [0m] Stopped LSB: automatic crash report generation.
[[0;32m  OK  [0m] Stopped LSB: daemon to balance interrupts for SMP systems.
[[0;32m  OK  [0m] Stopped Virtualbox guest utils.
[[0;32m  OK  [0m] Removed slice User Slice of vagrant.
         Stopping Login Service...
[[0;32m  OK  [0m] Removed slice system-getty.slice.
         Stopping Permit User Sessions...
[[0;32m  OK  [0m] Stopped /etc/rc.local Compatibility.
[[0;32m  OK  [0m] Removed slice system-serial\x2dgetty.slice.
[[0;32m  OK  [0m] Stopped Permit User Sessions.
[[0;32m  OK  [0m] Stopped Login Service.
[[0;32m  OK  [0m] Stopped target User and Group Name Lookups.
[[0;32m  OK  [0m] Stopped target Basic System.
[[0;32m  OK  [0m] Stopped target Sockets.
[[0;32m  OK  [0m] Closed Syslog Socket.
[[0;32m  OK  [0m] Closed ACPID Listen Socket.
[[0;32m  OK  [0m] Closed UUID daemon activation socket.
[[0;32m  OK  [0m] Closed D-Bus System Message Bus Socket.
[[0;32m  OK  [0m] Closed LXD - unix socket.
[[0;32m  OK  [0m] Closed Socket activation for snappy daemon.
[[0;32m  OK  [0m] Stopped target Slices.
[[0;32m  OK  [0m] Removed slice User and Session Slice.
[[0;32m  OK  [0m] Stopped target Paths.
[[0;32m  OK  [0m] Stopped Dispatch Password Requests to Console Directory Watch.
[[0;32m  OK  [0m] Stopped Forward Password Requests to Wall Directory Watch.
[[0;32m  OK  [0m] Stopped ACPI Events Check.
[[0;32m  OK  [0m] Stopped target Remote File Systems.
[[0;32m  OK  [0m] Stopped target System Initialization.
[[0;32m  OK  [0m] Stopped Commit a transient machine-id on disk.
[[0;32m  OK  [0m] Stopped target Encrypted Volumes.
[[0;32m  OK  [0m] Stopped Apply Kernel Variables.
         Stopping Load/Save Random Seed...
[[0;32m  OK  [0m] Stopped Load Kernel Modules.
[[0;32m  OK  [0m] Stopped target Swap.
[[0;32m  OK  [0m] Stopped Create Volatile Files and Directories.
[[0;32m  OK  [0m] Stopped target Local File Systems.
         Unmounting /vagrant...
         Unmounting /run/user/1000...
[[0;32m  OK  [0m] Stopped Load/Save Random Seed.
[[0;32m  OK  [0m] Unmounted /vagrant.
[[0;32m  OK  [0m] Unmounted /run/user/1000.
[[0;32m  OK  [0m] Reached target Unmount All Filesystems.
[[0;32m  OK  [0m] Stopped target Local File Systems (Pre).
         Stopping Monitoring of LVM2 mirrors... dmeventd or progress polling...
[[0;32m  OK  [0m] Stopped Create Static Device Nodes in /dev.
[[0;32m  OK  [0m] Stopped target Remote File Systems (Pre).
         Stopping Login to default iSCSI targets...
[[0;32m  OK  [0m] Stopped Monitoring of LVM2 mirrors,...ng dmeventd or progress polling.
         Stopping LVM2 metadata daemon...
[[0;32m  OK  [0m] Stopped LVM2 metadata daemon.
[[0;32m  OK  [0m] Stopped Login to default iSCSI targets.
         Stopping iSCSI initiator daemon (iscsid)...
[[0;32m  OK  [0m] Stopped iSCSI initiator daemon (iscsid).
[[0;32m  OK  [0m] Stopped target Network is Online.
[[0;32m  OK  [0m] Stopped Initial cloud-init job (metadata service crawler).
[[0;32m  OK  [0m] Stopped target Network.
[[0;32m  OK  [0m] Stopped target Network (Pre).
[[0;32m  OK  [0m] Stopped Initial cloud-init job (pre-networking).
[[0;32m  OK  [0m] Stopped Remount Root and Kernel File Systems.
[[0;32m  OK  [0m] Reached target Shutdown.
[  109.660391] reboot: Power down
