[    0.000000] Initializing cgroup subsys cpuset
[    0.000000] Initializing cgroup subsys cpu
[    0.000000] Initializing cgroup subsys cpuacct
[    0.000000] Linux version 4.4.0-210-generic (buildd@lgw01-amd64-009) (gcc version 5.4.0 20160609 (Ubuntu 5.4.0-6ubuntu1~16.04.12) ) #242-Ubuntu SMP Fri Apr 16 09:57:56 UTC 2021 (Ubuntu 4.4.0-210.242-generic 4.4.262)
[    0.000000] Command line: BOOT_IMAGE=/boot/vmlinuz-4.4.0-210-generic root=LABEL=cloudimg-rootfs ro console=tty1 console=ttyS0
[    0.000000] KERNEL supported cpus:
[    0.000000]   Intel GenuineIntel
[    0.000000]   AMD AuthenticAMD
[    0.000000]   Centaur CentaurHauls
[    0.000000] x86/fpu: Legacy x87 FPU detected.
[    0.000000] e820: BIOS-provided physical RAM map:
[    0.000000] BIOS-e820: [mem 0x0000000000000000-0x000000000009fbff] usable
[    0.000000] BIOS-e820: [mem 0x000000000009fc00-0x000000000009ffff] reserved
[    0.000000] BIOS-e820: [mem 0x00000000000f0000-0x00000000000fffff] reserved
[    0.000000] BIOS-e820: [mem 0x0000000000100000-0x000000003ffeffff] usable
[    0.000000] BIOS-e820: [mem 0x000000003fff0000-0x000000003fffffff] ACPI data
[    0.000000] BIOS-e820: [mem 0x00000000fec00000-0x00000000fec00fff] reserved
[    0.000000] BIOS-e820: [mem 0x00000000fee00000-0x00000000fee00fff] reserved
[    0.000000] BIOS-e820: [mem 0x00000000fffc0000-0x00000000ffffffff] reserved
[    0.000000] NX (Execute Disable) protection: active
[    0.000000] SMBIOS 2.5 present.
[    0.000000] Hypervisor detected: KVM
[    0.000000] Kernel/User page tables isolation: disabled
[    0.000000] e820: last_pfn = 0x3fff0 max_arch_pfn = 0x400000000
[    0.000000] MTRR: Disabled
[    0.000000] x86/PAT: MTRRs disabled, skipping PAT initialization too.
[    0.000000] CPU MTRRs all blank - virtualized system.
[    0.000000] x86/PAT: Configuration [0-7]: WB  WT  UC- UC  WB  WT  UC- UC  
[    0.000000] found SMP MP-table at [mem 0x0009fff0-0x0009ffff] mapped at [ffff88000009fff0]
[    0.000000] Scanning 1 areas for low memory corruption
[    0.000000] RAMDISK: [mem 0x362dc000-0x37165fff]
[    0.000000] ACPI: Early table checksum verification disabled
[    0.000000] ACPI: RSDP 0x00000000000E0000 000024 (v02 VBOX  )
[    0.000000] ACPI: XSDT 0x000000003FFF0030 00003C (v01 VBOX   VBOXXSDT 00000001 ASL  00000061)
[    0.000000] ACPI: FACP 0x000000003FFF00F0 0000F4 (v04 VBOX   VBOXFACP 00000001 ASL  00000061)
[    0.000000] ACPI: DSDT 0x000000003FFF0610 002353 (v02 VBOX   VBOXBIOS 00000002 INTL 20100528)
[    0.000000] ACPI: FACS 0x000000003FFF0200 000040
[    0.000000] ACPI: FACS 0x000000003FFF0200 000040
[    0.000000] ACPI: APIC 0x000000003FFF0240 00005C (v02 VBOX   VBOXAPIC 00000001 ASL  00000061)
[    0.000000] ACPI: SSDT 0x000000003FFF02A0 00036C (v01 VBOX   VBOXCPUT 00000002 INTL 20100528)
[    0.000000] No NUMA configuration found
[    0.000000] Faking a node at [mem 0x0000000000000000-0x000000003ffeffff]
[    0.000000] NODE_DATA(0) allocated [mem 0x3ffeb000-0x3ffeffff]
[    0.000000] kvm-clock: Using msrs 4b564d01 and 4b564d00
[    0.000000] kvm-clock: cpu 0, msr 0:3ffe3001, primary cpu clock
[    0.000000] kvm-clock: using sched offset of 4071883077 cycles
[    0.000000] clocksource: kvm-clock: mask: 0xffffffffffffffff max_cycles: 0x1cd42e4dffb, max_idle_ns: 881590591483 ns
[    0.000000] Zone ranges:
[    0.000000]   DMA      [mem 0x0000000000001000-0x0000000000ffffff]
[    0.000000]   DMA32    [mem 0x0000000001000000-0x000000003ffeffff]
[    0.000000]   Normal   empty
[    0.000000]   Device   empty
[    0.000000] Movable zone start for each node
[    0.000000] Early memory node ranges
[    0.000000]   node   0: [mem 0x0000000000001000-0x000000000009efff]
[    0.000000]   node   0: [mem 0x0000000000100000-0x000000003ffeffff]
[    0.000000] Initmem setup node 0 [mem 0x0000000000001000-0x000000003ffeffff]
[    0.000000] ACPI: PM-Timer IO Port: 0x4008
[    0.000000] IOAPIC[0]: apic_id 2, version 32, address 0xfec00000, GSI 0-23
[    0.000000] ACPI: INT_SRC_OVR (bus 0 bus_irq 0 global_irq 2 dfl dfl)
[    0.000000] ACPI: INT_SRC_OVR (bus 0 bus_irq 9 global_irq 9 low level)
[    0.000000] Using ACPI (MADT) for SMP configuration information
[    0.000000] smpboot: Allowing 2 CPUs, 0 hotplug CPUs
[    0.000000] PM: Registered nosave memory: [mem 0x00000000-0x00000fff]
[    0.000000] PM: Registered nosave memory: [mem 0x0009f000-0x0009ffff]
[    0.000000] PM: Registered nosave memory: [mem 0x000a0000-0x000effff]
[    0.000000] PM: Registered nosave memory: [mem 0x000f0000-0x000fffff]
[    0.000000] e820: [mem 0x40000000-0xfebfffff] available for PCI devices
[    0.000000] Booting paravirtualized kernel on KVM
[    0.000000] clocksource: refined-jiffies: mask: 0xffffffff max_cycles: 0xffffffff, max_idle_ns: 7645519600211568 ns
[    0.000000] setup_percpu: NR_CPUS:512 nr_cpumask_bits:512 nr_cpu_ids:2 nr_node_ids:1
[    0.000000] PERCPU: Embedded 33 pages/cpu @ffff88003fc00000 s95192 r8192 d31784 u1048576
[    0.000000] Built 1 zonelists in Node order, mobility grouping on.  Total pages: 257912
[    0.000000] Policy zone: DMA32
[    0.000000] Kernel command line: BOOT_IMAGE=/boot/vmlinuz-4.4.0-210-generic root=LABEL=cloudimg-rootfs ro console=tty1 console=ttyS0
[    0.000000] PID hash table entries: 4096 (order: 3, 32768 bytes)
[    0.000000] Memory: 997792K/1048120K available (8644K kernel code, 1332K rwdata, 4044K rodata, 1492K init, 1164K bss, 50328K reserved, 0K cma-reserved)
[    0.000000] SLUB: HWalign=64, Order=0-3, MinObjects=0, CPUs=2, Nodes=1
[    0.000000] Hierarchical RCU implementation.
[    0.000000] 	Build-time adjustment of leaf fanout to 64.
[    0.000000] 	RCU restricting CPUs from NR_CPUS=512 to nr_cpu_ids=2.
[    0.000000] RCU: Adjusting geometry for rcu_fanout_leaf=64, nr_cpu_ids=2
[    0.000000] NR_IRQS:33024 nr_irqs:440 16
[    0.000000] Console: colour VGA+ 80x25
[    0.000000] console [tty1] enabled
[    0.000000] console [ttyS0] enabled
[    0.000000] tsc: Detected 2304.006 MHz processor
[    0.648154] Calibrating delay loop (skipped) preset value.. 4608.01 BogoMIPS (lpj=9216024)
[    0.656182] pid_max: default: 32768 minimum: 301
[    0.663341] ACPI: Core revision 20150930
[    0.668275] ACPI: 2 ACPI AML tables successfully acquired and loaded
[    0.676582] Security Framework initialized
[    0.680868] Yama: becoming mindful.
[    0.685006] AppArmor: AppArmor initialized
[    0.691276] Dentry cache hash table entries: 131072 (order: 8, 1048576 bytes)
[    0.711163] Inode-cache hash table entries: 65536 (order: 7, 524288 bytes)
[    0.720177] Mount-cache hash table entries: 2048 (order: 2, 16384 bytes)
[    0.733032] Mountpoint-cache hash table entries: 2048 (order: 2, 16384 bytes)
[    0.745219] Initializing cgroup subsys io
[    0.751378] Initializing cgroup subsys memory
[    0.757690] Initializing cgroup subsys devices
[    0.766547] Initializing cgroup subsys freezer
[    0.773517] Initializing cgroup subsys net_cls
[    0.781832] Initializing cgroup subsys perf_event
[    0.788150] Initializing cgroup subsys net_prio
[    0.794815] Initializing cgroup subsys hugetlb
[    0.801388] Initializing cgroup subsys pids
[    0.821758] mce: CPU supports 0 MCE banks
[    0.884252] Last level iTLB entries: 4KB 64, 2MB 8, 4MB 8
[    0.889966] Last level dTLB entries: 4KB 64, 2MB 0, 4MB 0, 1GB 4
[    0.901287] Spectre V1 : Mitigation: usercopy/swapgs barriers and __user pointer sanitization
[    0.914482] Spectre V2 : Mitigation: Enhanced IBRS
[    0.919926] Spectre V2 : Spectre v2 / SpectreRSB mitigation: Filling RSB on context switch
[    0.934652] Speculative Store Bypass: Vulnerable
[    0.939764] SRBDS: Mitigation: TSX disabled
[    0.985842] Freeing SMP alternatives memory: 36K
[    1.080747] ftrace: allocating 32380 entries in 127 pages
[    1.552224] smpboot: APIC(0) Converting physical 0 to logical package 0
[    1.558333] smpboot: Max logical packages: 1
[    1.575338] ..TIMER: vector=0x30 apic1=0 pin1=2 apic2=-1 pin2=-1
[    1.688799] smpboot: CPU0: Intel(R) Core(TM) i7-10510U CPU @ 1.80GHz (family: 0x6, model: 0x8e, stepping: 0xc)
[    1.702253] Performance Events: unsupported p6 CPU model 142 no PMU driver, software events only.
[    1.802635] KVM setup paravirtual spinlock
[    1.811525] x86: Booting SMP configuration:
[    1.815963] .... node  #0, CPUs:      #1
[    1.822029] kvm-clock: cpu 1, msr 0:3ffe3041, secondary cpu clock
[    1.839765] mce: CPU supports 0 MCE banks
[    1.846480] TSC synchronization [CPU#0 -> CPU#1]:
[    1.851358] Measured 57268 cycles TSC warp between CPUs, turning off TSC clock.
[    1.858781] tsc: Marking TSC unstable due to check_tsc_sync_source failed
[    0.559017] x86: Booted up 1 node, 2 CPUs
[    0.560014] smpboot: Total of 2 processors activated (9216.02 BogoMIPS)
[    0.569821] devtmpfs: initialized
[    0.574123] evm: security.selinux
[    0.576006] evm: security.SMACK64
[    0.580003] evm: security.SMACK64EXEC
[    0.584024] evm: security.SMACK64TRANSMUTE
[    0.588007] evm: security.SMACK64MMAP
[    0.592002] evm: security.ima
[    0.596002] evm: security.capability
[    0.604271] clocksource: jiffies: mask: 0xffffffff max_cycles: 0xffffffff, max_idle_ns: 7645041785100000 ns
[    0.608015] futex hash table entries: 512 (order: 3, 32768 bytes)
[    0.612416] pinctrl core: initialized pinctrl subsystem
[    0.616356] RTC time: 14:58:24, date: 03/14/23
[    0.624500] NET: Registered protocol family 16
[    0.640020] cpuidle: using governor ladder
[    0.656018] cpuidle: using governor menu
[    0.660151] PCCT header not found.
[    0.664159] ACPI: bus type PCI registered
[    0.668003] acpiphp: ACPI Hot Plug PCI Controller Driver version: 0.5
[    0.672531] PCI: Using configuration type 1 for base access
[    0.692584] ACPI: Added _OSI(Module Device)
[    0.696004] ACPI: Added _OSI(Processor Device)
[    0.700071] ACPI: Added _OSI(3.0 _SCP Extensions)
[    0.704004] ACPI: Added _OSI(Processor Aggregator Device)
[    0.712049] ACPI: Executed 1 blocks of module-level executable AML code
[    0.720081] ACPI: Interpreter enabled
[    0.724014] ACPI: (supports S0 S5)
[    0.728005] ACPI: Using IOAPIC for interrupt routing
[    0.732337] PCI: Using host bridge windows from ACPI; if necessary, use "pci=nocrs" and report a bug
[    0.745723] ACPI: PCI Root Bridge [PCI0] (domain 0000 [bus 00-ff])
[    0.748068] acpi PNP0A03:00: _OSC: OS supports [ASPM ClockPM Segments MSI]
[    0.752623] acpi PNP0A03:00: _OSC: not requesting OS control; OS requires [ExtendedConfig ASPM ClockPM MSI]
[    0.756019] acpi PNP0A03:00: fail to add MMCONFIG information, can't access extended PCI configuration space under this bridge.
[    0.764898] PCI host bridge to bus 0000:00
[    0.768007] pci_bus 0000:00: root bus resource [io  0x0000-0x0cf7 window]
[    0.772004] pci_bus 0000:00: root bus resource [io  0x0d00-0xffff window]
[    0.776008] pci_bus 0000:00: root bus resource [mem 0x000a0000-0x000bffff window]
[    0.780005] pci_bus 0000:00: root bus resource [mem 0x40000000-0xfdffffff window]
[    0.784052] pci_bus 0000:00: root bus resource [bus 00-ff]
[    0.794149] pci 0000:00:01.1: legacy IDE quirk: reg 0x10: [io  0x01f0-0x01f7]
[    0.796007] pci 0000:00:01.1: legacy IDE quirk: reg 0x14: [io  0x03f6]
[    0.800005] pci 0000:00:01.1: legacy IDE quirk: reg 0x18: [io  0x0170-0x0177]
[    0.804007] pci 0000:00:01.1: legacy IDE quirk: reg 0x1c: [io  0x0376]
[    0.835070] pci 0000:00:07.0: quirk: [io  0x4000-0x403f] claimed by PIIX4 ACPI
[    0.836039] pci 0000:00:07.0: quirk: [io  0x4100-0x410f] claimed by PIIX4 SMB
[    0.850326] ACPI: PCI Interrupt Link [LNKA] (IRQs 5 9 10 *11)
[    0.860490] ACPI: PCI Interrupt Link [LNKB] (IRQs 5 9 *10 11)
[    0.867926] ACPI: PCI Interrupt Link [LNKC] (IRQs 5 *9 10 11)
[    0.873269] ACPI: PCI Interrupt Link [LNKD] (IRQs 5 9 10 *11)
[    0.884246] ACPI: Enabled 2 GPEs in block 00 to 07
[    0.888236] vgaarb: setting as boot device: PCI:0000:00:02.0
[    0.892000] vgaarb: device added: PCI:0000:00:02.0,decodes=io+mem,owns=io+mem,locks=none
[    0.892007] vgaarb: loaded
[    0.896003] vgaarb: bridge control possible 0000:00:02.0
[    0.900555] SCSI subsystem initialized
[    0.904241] ACPI: bus type USB registered
[    0.908049] usbcore: registered new interface driver usbfs
[    0.916039] usbcore: registered new interface driver hub
[    0.920022] usbcore: registered new device driver usb
[    0.924559] PCI: Using ACPI for IRQ routing
[    0.928843] NetLabel: Initializing
[    0.932003] NetLabel:  domain hash size = 128
[    0.936002] NetLabel:  protocols = UNLABELED CIPSOv4
[    0.940045] NetLabel:  unlabeled traffic allowed by default
[    0.944156] amd_nb: Cannot enumerate AMD northbridges
[    0.948381] clocksource: Switched to clocksource kvm-clock
[    0.972184] AppArmor: AppArmor Filesystem Enabled
[    0.972184] pnp: PnP ACPI init
[    0.972184] pnp: PnP ACPI: found 3 devices
[    1.060710] clocksource: acpi_pm: mask: 0xffffff max_cycles: 0xffffff, max_idle_ns: 2085701024 ns
[    1.064653] NET: Registered protocol family 2
[    1.077354] TCP established hash table entries: 8192 (order: 4, 65536 bytes)
[    1.084099] TCP bind hash table entries: 8192 (order: 5, 131072 bytes)
[    1.087679] TCP: Hash tables configured (established 8192 bind 8192)
[    1.087679] UDP hash table entries: 512 (order: 2, 16384 bytes)
[    1.087679] UDP-Lite hash table entries: 512 (order: 2, 16384 bytes)
[    1.087679] NET: Registered protocol family 1
[    1.087679] pci 0000:00:00.0: Limiting direct PCI/PCI transfers
[    1.087679] pci 0000:00:01.0: Activating ISA DMA hang workarounds
[    1.087679] Unpacking initramfs...
[    1.597283] Freeing initrd memory: 14888K
[    1.602443] clocksource: tsc: mask: 0xffffffffffffffff max_cycles: 0x2135fd711f6, max_idle_ns: 440795262176 ns
[    1.613849] platform rtc_cmos: registered platform RTC device (no PNP device found)
[    1.622758] Scanning for low memory corruption every 60 seconds
[    1.630478] audit: initializing netlink subsys (disabled)
[    1.637806] audit: type=2000 audit(1678805908.858:1): initialized
[    1.644889] Initialise system trusted keyring
[    1.651286] HugeTLB registered 2 MB page size, pre-allocated 0 pages
[    1.662621] zbud: loaded
[    1.666881] VFS: Disk quotas dquot_6.6.0
[    1.673572] VFS: Dquot-cache hash table entries: 512 (order 0, 4096 bytes)
[    1.680762] squashfs: version 4.0 (2009/01/31) Phillip Lougher
[    1.690526] fuse init (API version 7.23)
[    1.695692] Key type big_key registered
[    1.701152] Allocating IMA MOK and blacklist keyrings.
[    1.728297] Key type asymmetric registered
[    1.732632] Asymmetric key parser 'x509' registered
[    1.740292] Block layer SCSI generic (bsg) driver version 0.4 loaded (major 249)
[    1.748348] io scheduler noop registered
[    1.754800] io scheduler deadline registered (default)
[    1.761590] io scheduler cfq registered
[    1.765900] pci_hotplug: PCI Hot Plug PCI Core version: 0.5
[    1.773850] pciehp: PCI Express Hot Plug Controller Driver version: 0.4
[    1.782000] ACPI: AC Adapter [AC] (off-line)
[    1.789988] input: Power Button as /devices/LNXSYSTM:00/LNXPWRBN:00/input/input0
[    1.797484] ACPI: Power Button [PWRF]
[    1.805123] input: Sleep Button as /devices/LNXSYSTM:00/LNXSLPBN:00/input/input1
[    1.813011] ACPI: Sleep Button [SLPF]
[    1.818477] GHES: HEST is not enabled!
[    1.822073] ACPI: Battery Slot [BAT0] (battery present)
[    1.830149] Serial: 8250/16550 driver, 32 ports, IRQ sharing enabled
[    1.864285] 00:02 ttyS0 at I/O 0x3f8 (irq = 4, base_baud = 115200) is a 16550A
[    1.899641] Linux agpgart interface v0.103
[    1.925334] loop: module loaded
[    1.932263] scsi host0: ata_piix
[    1.940311] scsi host1: ata_piix
[    1.943908] ata1: PATA max UDMA/33 cmd 0x1f0 ctl 0x3f6 bmdma 0xd000 irq 14
[    1.950051] ata2: PATA max UDMA/33 cmd 0x170 ctl 0x376 bmdma 0xd008 irq 15
[    1.960557] libphy: Fixed MDIO Bus: probed
[    1.965250] tun: Universal TUN/TAP device driver, 1.6
[    1.973438] tun: (C) 1999-2004 Max Krasnyansky <maxk@qualcomm.com>
[    1.980261] PPP generic driver version 2.4.2
[    1.986300] ehci_hcd: USB 2.0 'Enhanced' Host Controller (EHCI) Driver
[    1.995622] ehci-pci: EHCI PCI platform driver
[    1.999558] ehci-platform: EHCI generic platform driver
[    1.999558] ohci_hcd: USB 1.1 'Open' Host Controller (OHCI) Driver
[    1.999558] ohci-pci: OHCI PCI platform driver
[    1.999558] ohci-platform: OHCI generic platform driver
[    1.999558] uhci_hcd: USB Universal Host Controller Interface driver
[    1.999558] i8042: PNP: PS/2 Controller [PNP0303:PS2K,PNP0f03:PS2M] at 0x60,0x64 irq 1,12
[    2.049432] serio: i8042 KBD port at 0x60,0x64 irq 1
[    2.051700] serio: i8042 AUX port at 0x60,0x64 irq 12
[    2.063851] mousedev: PS/2 mouse device common for all mice
[    2.077885] rtc_cmos rtc_cmos: rtc core: registered rtc_cmos as rtc0
[    2.138147] input: AT Translated Set 2 keyboard as /devices/platform/i8042/serio0/input/input2
[    2.146974] rtc_cmos rtc_cmos: alarms up to one day, 114 bytes nvram
[    2.156858] i2c /dev entries driver
[    2.160861] device-mapper: uevent: version 1.0.3
[    2.181748] device-mapper: ioctl: 4.34.0-ioctl (2015-10-28) initialised: dm-devel@redhat.com
[    2.198654] ledtrig-cpu: registered to indicate activity on CPUs
[    2.214186] NET: Registered protocol family 10
[    2.222842] NET: Registered protocol family 17
[    2.227995] Key type dns_resolver registered
[    2.238631] registered taskstats version 1
[    2.244486] Loading compiled-in X.509 certificates
[    2.256759] Loaded X.509 cert 'Build time autogenerated kernel key: cf00e047681d67edb2720680708b7d9498083038'
[    2.272773] zswap: loaded using pool lzo/zbud
[    2.285062] Key type trusted registered
[    2.305411] Key type encrypted registered
[    2.311336] AppArmor: AppArmor sha1 policy hashing enabled
[    2.317280] ima: No TPM chip found, activating TPM-bypass!
[    2.325402] ima: Allocated hash algorithm: sha1
[    2.332645] evm: HMAC attrs: 0x1
[    2.342122]   Magic number: 15:958:990
[    2.347191] rtc_cmos rtc_cmos: setting system clock to 2023-03-14 14:58:25 UTC (1678805905)
[    2.360391] BIOS EDD facility v0.16 2004-Jun-25, 0 devices found
[    2.366706] EDD information not available.
[    2.376389] Freeing unused kernel memory: 1492K
[    2.396497] Write protecting the kernel read-only data: 14336k
[    2.406347] Freeing unused kernel memory: 1584K
[    2.411980] Freeing unused kernel memory: 52K
Loading, please wait...
starting version 229
[    2.451471] random: systemd-udevd: uninitialized urandom read (16 bytes read, 9 bits of entropy available)
[    2.454704] random: udevadm: uninitialized urandom read (16 bytes read, 9 bits of entropy available)
[    2.454737] random: udevadm: uninitialized urandom read (16 bytes read, 9 bits of entropy available)
[    2.466176] random: udevadm: uninitialized urandom read (16 bytes read, 9 bits of entropy available)
[    2.466213] random: udevadm: uninitialized urandom read (16 bytes read, 9 bits of entropy available)
[    2.466369] random: udevadm: uninitialized urandom read (16 bytes read, 9 bits of entropy available)
[    2.466410] random: udevadm: uninitialized urandom read (16 bytes read, 9 bits of entropy available)
[    2.466525] random: udevadm: uninitialized urandom read (16 bytes read, 9 bits of entropy available)
[    2.466569] random: udevadm: uninitialized urandom read (16 bytes read, 9 bits of entropy available)
[    2.466608] random: udevadm: uninitialized urandom read (16 bytes read, 9 bits of entropy available)
[    2.621624] e1000: Intel(R) PRO/1000 Network Driver - version 7.3.21-k8-NAPI
[    2.630806] e1000: Copyright (c) 1999-2006 Intel Corporation.
[    2.642271] Fusion MPT base driver 3.04.20
[    2.647949] Copyright (c) 1999-2008 LSI Corporation
[    2.679512] Fusion MPT SPI Host driver 3.04.20
[    2.730770] SSE version of gcm_enc/dec engaged.
[    2.965921] input: ImExPS/2 Generic Explorer Mouse as /devices/platform/i8042/serio1/input/input4
[    3.534928] e1000 0000:00:03.0 eth0: (PCI:33MHz:32-bit) 02:be:82:6b:cc:1d
[    3.544953] e1000 0000:00:03.0 eth0: Intel(R) PRO/1000 Network Connection
[    3.556827] mptbase: ioc0: Initiating bringup
[    3.557559] e1000 0000:00:03.0 enp0s3: renamed from eth0
[    3.643170] ioc0: LSI53C1030 A0: Capabilities={Initiator}
[    3.843328] scsi host2: ioc0: LSI53C1030 A0, FwRev=00000000h, Ports=1, MaxQ=256, IRQ=20
[    3.973714] scsi 2:0:0:0: Direct-Access     VBOX     HARDDISK         1.0  PQ: 0 ANSI: 5
[    3.982736] scsi target2:0:0: Beginning Domain Validation
[    4.016779] scsi target2:0:0: Domain Validation skipping write tests
[    4.020697] scsi target2:0:0: Ending Domain Validation
[    4.058108] scsi target2:0:0: asynchronous
[    4.074764] scsi 2:0:1:0: Direct-Access     VBOX     HARDDISK         1.0  PQ: 0 ANSI: 5
[    4.091593] scsi target2:0:1: Beginning Domain Validation
[    4.114447] scsi target2:0:1: Domain Validation skipping write tests
[    4.124766] scsi target2:0:1: Ending Domain Validation
[    4.131098] scsi target2:0:1: asynchronous
[    4.199642] sd 2:0:0:0: Attached scsi generic sg0 type 0
[    4.210380] sd 2:0:0:0: [sda] 83886080 512-byte logical blocks: (42.9 GB/40.0 GiB)
[    4.223344] sd 2:0:1:0: Attached scsi generic sg1 type 0
[    4.224793] sd 2:0:0:0: [sda] Write Protect is off
[    4.225438] sd 2:0:0:0: [sda] Incomplete mode parameter data
[    4.225439] sd 2:0:0:0: [sda] Assuming drive cache: write through
[    4.231332] sd 2:0:1:0: [sdb] 20480 512-byte logical blocks: (10.5 MB/10.0 MiB)
[    4.232925] sd 2:0:1:0: [sdb] Write Protect is off
[    4.233491] sd 2:0:1:0: [sdb] Incomplete mode parameter data
[    4.233492] sd 2:0:1:0: [sdb] Assuming drive cache: write through
[    4.256266]  sda: sda1
[    4.260604] sd 2:0:1:0: [sdb] Attached SCSI disk
[    4.261715] sd 2:0:0:0: [sda] Attached SCSI disk
Begin: Loading essential drivers ... [    6.173505] md: linear personality registered for level -1
[    6.184005] md: multipath personality registered for level -4
[    6.195266] md: raid0 personality registered for level 0
[    6.221042] md: raid1 personality registered for level 1
[    6.523210] raid6: sse2x1   gen() 36525 MB/s
[    7.525935] raid6: sse2x1   xor() 87405 MB/s
[    9.522334] raid6: sse2x2   gen() 216517 MB/s
[   10.522192] raid6: sse2x2   xor() 139085 MB/s
[   11.594410] raid6: sse2x4   gen() 15026 MB/s
[   11.665052] raid6: sse2x4   xor()  8129 MB/s
[   11.672316] raid6: using algorithm sse2x2 gen() 216517 MB/s
[   11.678808] raid6: .... xor() 139085 MB/s, rmw enabled
[   11.683776] raid6: using ssse3x2 recovery algorithm
[   11.694177] xor: measuring software checksum speed
[   11.736590]    prefetch64-sse: 18395.000 MB/sec
[   11.780778]    generic_sse: 20513.000 MB/sec
[   11.786334] xor: using function: generic_sse (20513.000 MB/sec)
[   11.794926] async_tx: api initialized (async)
[   11.849798] md: raid6 personality registered for level 6
[   11.857815] md: raid5 personality registered for level 5
[   11.863410] md: raid4 personality registered for level 4
[   11.897899] md: raid10 personality registered for level 10
done.
Begin: Running /scripts/init-premount ... done.
Begin: Mounting root file system ... Begin: Running /scripts/local-top ... done.
Begin: Running /scripts/local-premount ... [   12.005018] Btrfs loaded
Scanning for Btrfs filesystems
done.
Warning: fsck not present, so skipping root file system
[   12.143424] EXT4-fs (sda1): mounted filesystem with ordered data mode. Opts: (null)
done.
Begin: Running /scripts/local-bottom ... done.
Begin: Running /scripts/init-bottom ... done.
[   12.365859] systemd[1]: systemd 229 running in system mode. (+PAM +AUDIT +SELINUX +IMA +APPARMOR +SMACK +SYSVINIT +UTMP +LIBCRYPTSETUP +GCRYPT +GNUTLS +ACL +XZ -LZ4 +SECCOMP +BLKID +ELFUTILS +KMOD -IDN)
[   12.381740] systemd[1]: Detected virtualization oracle.
[   12.387285] systemd[1]: Detected architecture x86-64.

Welcome to [1mUbuntu 16.04.7 LTS[0m!

[   12.401731] systemd[1]: Set hostname to <ubuntu>.
[   12.411085] systemd[1]: Initializing machine ID from random generator.
[   12.416181] systemd[1]: Installed transient /etc/machine-id file.
[   12.613449] systemd[1]: Listening on Device-mapper event daemon FIFOs.
[[0;32m  OK  [0m] Listening on Device-mapper event daemon FIFOs.
[   12.623170] systemd[1]: Started Forward Password Requests to Wall Directory Watch.
[[0;32m  OK  [0m] Started Forward Password Requests to Wall Directory Watch.
[   12.633816] systemd[1]: Listening on LVM2 poll daemon socket.
[[0;32m  OK  [0m] Listening on LVM2 poll daemon socket.
[   12.642527] systemd[1]: Listening on fsck to fsckd communication Socket.
[[0;32m  OK  [0m] Listening on fsck to fsckd communication Socket.
[   12.652037] systemd[1]: Reached target Encrypted Volumes.
[[0;32m  OK  [0m] Reached target Encrypted Volumes.
[   12.661291] systemd[1]: Listening on /dev/initctl Compatibility Named Pipe.
[[0;32m  OK  [0m] Listening on /dev/initctl Compatibility Named Pipe.
[   12.672678] systemd[1]: Set up automount Arbitrary Executable File Formats File System Automount Point.
[[0;32m  OK  [0m] Set up automount Arbitrary Executab...ats File System Automount Point.
[   12.685317] systemd[1]: Listening on udev Control Socket.
[[0;32m  OK  [0m] Listening on udev Control Socket.
[   12.694450] systemd[1]: Reached target User and Group Name Lookups.
[[0;32m  OK  [0m] Reached target User and Group Name Lookups.
[   12.704351] systemd[1]: Listening on udev Kernel Socket.
[[0;32m  OK  [0m] Listening on udev Kernel Socket.
[   12.713451] systemd[1]: Created slice System Slice.
[[0;32m  OK  [0m] Created slice System Slice.
[   12.725538] systemd[1]: Created slice system-serial\x2dgetty.slice.
[[0;32m  OK  [0m] Created slice system-serial\x2dgetty.slice.
[   12.741073] systemd[1]: Listening on Syslog Socket.
[[0;32m  OK  [0m] Listening on Syslog Socket.
[   12.751589] systemd[1]: Listening on Journal Audit Socket.
[[0;32m  OK  [0m] Listening on Journal Audit Socket.
[   12.766950] systemd[1]: Created slice User and Session Slice.
[[0;32m  OK  [0m] Created slice User and Session Slice.
[   12.781324] systemd[1]: Reached target Slices.
[[0;32m  OK  [0m] Reached target Slices.
[   12.793820] systemd[1]: Reached target System Time Synchronized.
[[0;32m  OK  [0m[   12.804256] random: nonblocking pool is initialized
] Reached target System Time Synchronized.
[   12.813789] systemd[1]: Started Trigger resolvconf update for networkd DNS.
[[0;32m  OK  [0m] Started Trigger resolvconf update for networkd DNS.
[   12.830414] systemd[1]: Listening on LVM2 metadata daemon socket.
[[0;32m  OK  [0m] Listening on LVM2 metadata daemon socket.
[   12.843729] systemd[1]: Reached target Swap.
[[0;32m  OK  [0m] Reached target Swap.
[   12.854040] systemd[1]: Listening on Journal Socket (/dev/log).
[[0;32m  OK  [0m] Listening on Journal Socket (/dev/log).
[   12.866103] systemd[1]: Listening on Journal Socket.
[[0;32m  OK  [0m] Listening on Journal Socket.
[   12.948547] systemd[1]: Starting Journal Service...
         Starting Journal Service...
[   12.969272] systemd[1]: Starting Nameserver information manager...
         Starting Nameserver information manager...
[   12.989636] systemd[1]: Starting Create list of required static device nodes for the current kernel...
         Starting Create list of required st... nodes for the current kernel...
[   13.011676] systemd[1]: Starting Uncomplicated firewall...
         Starting Uncomplicated firewall...
[   13.027077] systemd[1]: Mounting POSIX Message Queue File System...
         Mounting POSIX Message Queue File System...
[   13.042821] systemd[1]: Starting Load Kernel Modules...
         Starting Load Kernel Modules...
[   13.055009] systemd[1]: Mounting Debug File System...
         Mounting Debug File System...
[   13.064535] systemd[1]: Starting Monitoring of LVM2 mirrors, snapshots etc. using dmeventd or progress polling...
[   13.077404] Loading iSCSI transport class v2.0-870.
         Starting Monitoring of LVM2 mirrors... dmeventd or progress polling...
[   13.090892] systemd[1]: Starting Set console keymap...
         Starting Set console keymap...
[   13.111514] systemd[1]: Mounting Huge Pages File System...
[   13.121548] iscsi: registered transport (tcp)
         Mounting Huge Pages File System...
[   13.154193] systemd[1]: Starting File System Check on Root Device...
         Starting File System Check on Root Device...
[   13.175612] systemd[1]: Mounted Huge Pages File System.
[[0;32m  OK  [0m] Mounted Huge Pages File System.
[   13.194590] systemd[1]: Mounted POSIX Message Queue File System.
[[0;32m  OK  [0m] Mounted POSIX Message Queue File System.
[   13.209700] systemd[1]: Mounted Debug File System.
[[0;32m  OK  [0m] Mounted Debug File System.
[   13.222011] systemd[1]: Started Journal Service.
[[0;32m  OK  [0m] Started Journal Service.
[[0;32m  OK  [0m] Started Create list of required sta...ce nodes for the current kernel.
[[0;32m  OK  [0m] Started Uncomplicated firewall.
[[0;32m  OK  [0m] Started Set console keymap.
[[0;32m  OK  [0m] Started File System Check on Root Device.
[[0;32m  OK  [0m] Started Nameserver information manager.
[   13.294250] iscsi: registered transport (iser)
[[0;32m  OK  [0m] Started LVM2 metadata daemon.
[[0;32m  OK  [0m] Started File System Check Daemon to report status.
         Starting Remount Root and Kernel File Systems...
         Starting Create Static Device Nodes in /dev...
[[0;32m  OK  [0m] Started Load Kernel Modules.
         Mounting FUSE Control File System...
         Starting Apply Kernel Variables...
[[0;32m  OK  [0m] Mounted FUSE Control File System.
[   13.349818] EXT4-fs (sda1): re-mounted. Opts: (null)
[[0;32m  OK  [0m] Started Remount Root and Kernel File Systems.
         Starting Flush Journal to Persistent Storage...
         Starting Load/Save Random Seed...
         Starting udev Coldplug all Devices...
[[0;32m  OK  [0m] Started Apply Kernel Variables.
[[0;32m  OK  [0m] Started Load/Save Random Seed.
[[0;32m  OK  [0m] Started Create Static Device Nodes in /dev.
         Starting udev Kernel Device Manager...
[[0;32m  OK  [0m] Started Flush Journal to Persistent Storage.
[[0;32m  OK  [0m] Started udev Coldplug all Devices.
[[0;32m  OK  [0m] Started udev Kernel Device Manager.
[[0;32m  OK  [0m] Started Dispatch Password Requests to Console Directory Watch.
[[0;32m  OK  [0m] Started Monitoring of LVM2 mirrors,...ng dmeventd or progress polling.
[[0;32m  OK  [0m] Reached target Local File Systems (Pre).
[[0;32m  OK  [0m] Reached target Local File Systems.
         Starting Create Volatile Files and Directories...
         Starting Commit a transient machine-id on disk...
         Starting Set console font and keymap...
         Starting Tell Plymouth To Write Out Runtime Data...
         Starting LSB: AppArmor initialization...
         Starting Initial cloud-init job (pre-networking)...
[[0;32m  OK  [0m] Started Create Volatile Files and Directories.
[[0;32m  OK  [0m] Started Commit a transient machine-id on disk.
[[0;32m  OK  [0m] Started Tell Plymouth To Write Out Runtime Data.
         Starting Update UTMP about System Boot/Shutdown...
[[0;32m  OK  [0m] Started Update UTMP about System Boot/Shutdown.
[[0;32m  OK  [0m] Found device /dev/ttyS0.
[[0;32m  OK  [0m] Listening on Load/Save RF Kill Switch Status /dev/rfkill Watch.
[[0;32m  OK  [0m] Started LSB: AppArmor initialization.
[   16.765362] cloud-init[507]: Cloud-init v. 21.1-19-gbad84ad4-0ubuntu1~16.04.2 running 'init-local' at Tue, 14 Mar 2023 14:58:39 +0000. Up 15.88 seconds.
         Starting Load AppArmor profiles managed internally by snapd...
[[0;32m  OK  [0m] Started Load AppArmor profiles managed internally by snapd.
[[0;32m  OK  [0m] Started Initial cloud-init job (pre-networking).
[[0;32m  OK  [0m] Reached target Network (Pre).
         Starting Raise network interfaces...
[[0;32m  OK  [0m] Started Set console font and keymap.
[[0;32m  OK  [0m] Created slice system-getty.slice.
[[0;32m  OK  [0m] Started Raise network interfaces.
[[0;32m  OK  [0m] Reached target Network.
         Starting Initial cloud-init job (metadata service crawler)...
[   18.891975] cloud-init[952]: Cloud-init v. 21.1-19-gbad84ad4-0ubuntu1~16.04.2 running 'init' at Tue, 14 Mar 2023 14:58:41 +0000. Up 18.12 seconds.
[   18.898227] cloud-init[952]: ci-info: ++++++++++++++++++++++++++++++++++++++Net device info++++++++++++++++++++++++++++++++++++++
[   18.903328] cloud-init[952]: ci-info: +--------+------+----------------------------+---------------+--------+-------------------+
[   18.908662] cloud-init[952]: ci-info: | Device |  Up  |          Address           |      Mask     | Scope  |     Hw-Address    |
[   18.914208] cloud-init[952]: ci-info: +--------+------+----------------------------+---------------+--------+-------------------+
[   18.920197] cloud-init[952]: ci-info: | enp0s3 | True |         10.0.2.15          | 255.255.255.0 | global | 02:be:82:6b:cc:1d |
[   18.926100] cloud-init[952]: ci-info: | enp0s3 | True | fe80::be:82ff:fe6b:cc1d/64 |       .       |  link  | 02:be:82:6b:cc:1d |
[   18.931129] cloud-init[952]: ci-info: |   lo   | True |         127.0.0.1          |   255.0.0.0   |  host  |         .         |
[   18.937170] cloud-init[952]: ci-info: |   lo   | True |          ::1/128           |       .       |  host  |         .         |
[   18.942917] cloud-init[952]: ci-info: +--------+------+----------------------------+---------------+--------+-------------------+
[   18.948146] cloud-init[952]: ci-info: +++++++++++++++++++++++++++Route IPv4 info++++++++++++++++++++++++++++
[   18.953243] cloud-init[952]: ci-info: +-------+-------------+----------+---------------+-----------+-------+
[   18.958622] cloud-init[952]: ci-info: | Route | Destination | Gateway  |    Genmask    | Interface | Flags |
[   18.963200] cloud-init[952]: ci-info: +-------+-------------+----------+---------------+-----------+-------+
[   18.967458] cloud-init[952]: ci-info: |   0   |   0.0.0.0   | 10.0.2.2 |    0.0.0.0    |   enp0s3  |   UG  |
[   18.971915] cloud-init[952]: ci-info: |   1   |   10.0.2.0  | 0.0.0.0  | 255.255.255.0 |   enp0s3  |   U   |
[   18.976924] cloud-init[952]: ci-info: +-------+-------------+----------+---------------+-----------+-------+
[   18.981117] cloud-init[952]: ci-info: +++++++++++++++++++Route IPv6 info+++++++++++++++++++
[   18.985153] cloud-init[952]: ci-info: +-------+-------------+---------+-----------+-------+
[   18.988930] cloud-init[952]: ci-info: | Route | Destination | Gateway | Interface | Flags |
[   18.993106] cloud-init[952]: ci-info: +-------+-------------+---------+-----------+-------+
[   18.997626] cloud-init[952]: ci-info: |   0   |  fe80::/64  |    ::   |   enp0s3  |   U   |
[   19.001609] cloud-init[952]: ci-info: |   3   |   ff00::/8  |    ::   |   enp0s3  |   U   |
[   19.006703] cloud-init[952]: ci-info: +-------+-------------+---------+-----------+-------+
[   19.010666] cloud-init[952]: Generating public/private rsa key pair.
[   19.014153] cloud-init[952]: Your identification has been saved in /etc/ssh/ssh_host_rsa_key.
[   19.018513] cloud-init[952]: Your public key has been saved in /etc/ssh/ssh_host_rsa_key.pub.
[   19.022766] cloud-init[952]: The key fingerprint is:
[   19.025927] cloud-init[952]: SHA256:l6ziafGD9OAEcvrWGR2pH928GzaypbzNodGCIQUgimM root@ubuntu-xenial
[   19.030426] cloud-init[952]: The key's randomart image is:
[   19.034667] cloud-init[952]: +---[RSA 2048]----+
[   19.039573] cloud-init[952]: |  . ...          |
[   19.043015] cloud-init[952]: |.. .   .         |
[   19.046012] cloud-init[952]: |+E      ..       |
[   19.050351] [[0;32m  OK  [0m] Started Initial cloud-init job (metadata service crawler).
[[0;32m  OK  [0m] Reached target System Initialization.
cloud-init[952]: |... o  .o. .     |
[   19.060292] cloud-init[952]: |   + ..oSo+o     |
[   19.066896] cloud-init[952]: |  .   B.o=..o    |
[   19.073554] cloud-init[952]: |   . =.Xo.+ B.   |
[   19.080068] cloud-init[952]: |    o.*o=. %.+   |
[   19.086676] cloud-init[952]: |   . .o  .*.+.   |
[   19.093359] cloud-init[952]: +----[SHA256]-----+
[   19.100031] cloud-init[952]: Generating public/private dsa key pair.
[   19.107559] [[0;32m  OK  [0m] Started ACPI Events Check.
[[0;32m  OK  [0m] Reached target Paths.
[[0;32m  OK  [0m] Started Ubuntu Advantage update messaging.
         Starting Socket activation for snappy daemon.
[[0;32m  OK  [0m] Listening on UUID daemon activation socket.
[[0;32m  OK  [0m] Listening on D-Bus System Message Bus Socket.
[[0;32m  OK  [0m] Listening on ACPID Listen Socket.
[[0;32m  OK  [0m] Started Message of the Day.
[[0;32m  OK  [0m] Started Daily apt download activities.
[[0;32m  OK  [0m] Started Daily apt upgrade and clean activities.
[[0;32m  OK  [0m] Started Daily Cleanup of Temporary Directories.
[[0;32m  OK  [0m] Reached target Timers.
cloud-init         Starting LXD - unix socket.
[[0;32m  OK  [0m] Reached target Cloud-config availability.
[[0;32m  OK  [0m] Reached target Network is Online.
[952]: Your identification has been saved in /etc/ssh/ssh_host_dsa_key.
[   19.134485] cloud-init[952]: Your public key has been saved in /etc/ssh/ssh_host_dsa_key.pub.
[   19.142569] cloud-init[952]: The key fingerprint is:
         Starting iSCSI initiator daemon (iscsid)...
[   19.150924] [[0;32m  OK  [0m] Listening on Socket activation for snappy daemon.
[[0;32m  OK  [0m] Listening on LXD - unix socket.
[[0;32m  OK  [0m] Reached target Sockets.
[[0;32m  OK  [0m] Reached target Basic System.
cloud-init         Starting Pollinate to seed the pseudo random number generator...
[[0;32m  OK  [0m] Started D-Bus System Message Bus.
[952]: SHA256:foKd8YHqEv05HarwUIGMmOhpmyJQV1S0U3uGQXGBd7c root@ubuntu-xenial
[   19.175990] cloud-init[952]: The key's randomart image is:
[   19.192418] cloud-init[952]: +---[DSA 1024]----+
[   19.205522] cloud-init[952]: |     .ooo.=oo.   |
[   19.217677] cloud-init[952]: |.o o o   o.=. . .|
[   19.225374] cloud-init[952]: |+ o + . o o.o. ..|
[   19.232981]          Starting Accounts Service...
cloud-init[[0;32m  OK  [0m] Started Regular background program processing daemon.
         Starting LXD - container startup/shutdown...
         Starting /etc/rc.local Compatibility...
         Starting LSB: Record successful boot for GRUB...
[[0;32m  OK  [0m] Started ACPI event daemon.
         Starting Virtualbox guest utils...
         Starting Login Service...
         Starting LSB: MD monitoring daemon...
         Starting System Logging Service...
         Starting Snap Daemon...
[[0;32m  OK  [0m] Started FUSE filesystem for LXC.
[[0;32m  OK  [0m] Started Deferred execution scheduler.
[[0;32m  OK  [0m] Started /etc/rc.local Compatibility.
[952]: |....   . o o   E |
[   19.310967] [[0;32m  OK  [0m] Started iSCSI initiator daemon (iscsid).
cloud-init[952]: |.+   .. S .      |
         Starting Login to default iSCSI targets...
[[0;32m  OK  [0m] Started System Logging Service.
[   19.339567] cloud-init[952]: |o o ...= +..     |
[   19.371428] cloud-init[952]: |oo  o.o.=+o.     |
[[0;32m  OK  [0m] Started Login Service.
[   19.395176] [[0;32m  OK  [0m] Started LSB: Record successful boot for GRUB.
cloud-init[952]: |o   .=  =o.      |
[   19.414005] cloud-init[952]: |     .+. .       |
[[0;32m  OK  [0m] Started Unattended Upgrades Shutdown.
[[0;32m  OK  [0m] Started LSB: MD monitoring daemon.
[   19.444825]          Starting Authenticate and Authorize Users to Run Privileged Tasks...
[[0;32m  OK  [0m] Started Login to default iSCSI targets.
[[0;32m  OK  [0m] Reached target Remote File Systems (Pre).
[[0;32m  OK  [0m] Reached target Remote File Systems.
         Starting LSB: Set the CPU Frequency Scaling governor to "ondemand"...
         Starting LSB: automatic crash report generation...
         Starting Permit User Sessions...
         Starting LSB: daemon to balance interrupts for SMP systems...
[[0;32m  OK  [0m] Started Permit User Sessions.
         Starting Hold until boot process finishes up...
         Starting Terminate Plymouth Boot Screen...
cloud-init[[0;32m  OK  [0m] Started Hold until boot process finishes up.
[[0;32m  OK  [0m] Started Getty on tty1.
         Starting Set console scheme...
[[0;32m  OK  [0m] Started Serial Getty on ttyS0.
[[0;32m  OK  [0m] Reached target Login Prompts.
[952]: +----[SHA256]-----+[[0;32m  OK  [0m] Started Terminate Plymouth Boot Screen.

[[0;32m  OK  [0m] Started Set console scheme.
[   19.612839] cloud-init[952]: Generating public/private ecdsa key pair.
[   19.641692] cloud-init[[0;32m  OK  [0m] Started LSB: Set the CPU Frequency Scaling governor to "ondemand".
[952]: Your identification has been saved in /etc/ssh/ssh_host_ecdsa_key.
[[0;32m  OK  [0m] Started Authenticate and Authorize Users to Run Privileged Tasks.
[[0;32m  OK  [0m] Started Virtualbox guest utils.
[[0;32m  OK  [0m] Started LSB: automatic crash report generation.
[[0;32m  OK  [0m] Started Accounts Service.
[   19.745165] cloud-init[[0;32m  OK  [0m] Started LSB: daemon to balance interrupts for SMP systems.
[952]: Your public key has been saved in /etc/ssh/ssh_host_ecdsa_key.pub.
[   19.799244] cloud-init[952]: The key fingerprint is:
[   19.813095] cloud-init[952]: SHA256:6x/PjHEFBEHLBZtFj/aMvppYHLuWCz5XiMMZUfrbKr8 root@ubuntu-xenial
[   19.832645] [[0;32m  OK  [0m] Started LXD - container startup/shutdown.
cloud-init[952]: The key's randomart image is:
[   19.870396] cloud-init[952]: +---[ECDSA 256]---+
[   19.882151] [[0;32m  OK  [0m] Started Pollinate to seed the pseudo random number generator.
cloud-init[952]: |         o*==    |
         Starting OpenBSD Secure Shell server...
[   19.906861] cloud-init[952]: |        .o B o   |
[   19.919780] cloud-init[952]: |        ..= + .  |
[   19.931634] cloud-init[952]: |        .. . =   |
[   19.939167] cloud-init[952]: |       .S+o.. +  |
[   19.948055] cloud-init[952]: |        =o.*..   |
[   19.962733] cloud-init[952]: |        o.Bo+    |
[   19.977602] cloud-init[952]: |       oo++% .   |[[0;32m  OK  [0m] Started OpenBSD Secure Shell server.

[   19.996379] cloud-init[952]: |        +BE+=    |
[   20.009201] cloud-init[952]: +----[SHA256]-----+
[   20.037570] cloud-init[952]: Generating public/private ed25519 key pair.
[   20.057187] cloud-init[952]: Your identification has been saved in /etc/ssh/ssh_host_ed25519_key.
[   20.089616] cloud-init[952]: Your public key has been saved in /etc/ssh/ssh_host_ed25519_key.pub.
[   20.105816] cloud-init[952]: The key fingerprint is:
[   20.129207] cloud-init[952]: SHA256:lXWH5ytZWdC91XaZanPyIeRjIokyZcmo19c1x74jVU0 root@ubuntu-xenial
[   20.152012] cloud-init[952]: The key's randomart image is:
[   20.178101] cloud-init[952]: +--[ED25519 256]--+
[   20.192600] cloud-init[952]: |      o .   . +=E|
[   20.202845] cloud-init[952]: |     . =   o =.*%|
[   20.220111] cloud-init[952]: |    . + . = + =+B|
[   20.229923] cloud-init[952]: |   . + o = o X O.|
[   20.240650] cloud-init[[0;32m  OK  [0m] Started Snap Daemon.
[952]: |    . o S . + @ +|
[   20.264402] cloud-init[952]: |             + = |
[   20.283807] cloud-init         Starting Wait until snapd is fully seeded...
[952]: |              o .|
[   20.298166] cloud-init[952]: |                 |
[   20.329217] cloud-init[952]: |                 |
[   20.339701] cloud-init[952]: +----[SHA256]-----+
[[0;32m  OK  [0m] Started Wait until snapd is fully seeded.
         Starting Apply the settings specified in cloud-config...
[[0;32m  OK  [0m] Reached target Multi-User System.
[[0;32m  OK  [0m] Reached target Graphical Interface.
         Starting Update UTMP about System Runlevel Changes...
[[0;32m  OK  [0m] Started Update UTMP about System Runlevel Changes.
[   21.916355] cloud-init[1300]: Generating locales (this might take a while)...
[   23.066162] cloud-init[1300]:   en_US.UTF-8... done
[   23.069657] cloud-init[1300]: Generation complete.
[   23.397058] cloud-init[1300]: Cloud-init v. 21.1-19-gbad84ad4-0ubuntu1~16.04.2 running 'modules:config' at Tue, 14 Mar 2023 14:58:44 +0000. Up 21.80 seconds.
[[0;32m  OK  [0m] Started Apply the settings specified in cloud-config.
         Starting Execute cloud user/final scripts...
ci-info: no authorized SSH keys fingerprints found for user ubuntu.
<14>Mar 14 14:58:46 ec2: 
<14>Mar 14 14:58:46 ec2: #############################################################
<14>Mar 14 14:58:46 ec2: -----BEGIN SSH HOST KEY FINGERPRINTS-----
<14>Mar 14 14:58:46 ec2: 1024 SHA256:foKd8YHqEv05HarwUIGMmOhpmyJQV1S0U3uGQXGBd7c root@ubuntu-xenial (DSA)
<14>Mar 14 14:58:46 ec2: 256 SHA256:6x/PjHEFBEHLBZtFj/aMvppYHLuWCz5XiMMZUfrbKr8 root@ubuntu-xenial (ECDSA)
<14>Mar 14 14:58:46 ec2: 256 SHA256:lXWH5ytZWdC91XaZanPyIeRjIokyZcmo19c1x74jVU0 root@ubuntu-xenial (ED25519)
<14>Mar 14 14:58:46 ec2: 2048 SHA256:l6ziafGD9OAEcvrWGR2pH928GzaypbzNodGCIQUgimM root@ubuntu-xenial (RSA)
<14>Mar 14 14:58:46 ec2: -----END SSH HOST KEY FINGERPRINTS-----
<14>Mar 14 14:58:46 ec2: #############################################################
-----BEGIN SSH HOST KEY KEYS-----
ecdsa-sha2-nistp256 AAAAE2VjZHNhLXNoYTItbmlzdHAyNTYAAAAIbmlzdHAyNTYAAABBBDvYT/X5UCAHMiZGOT1zojNK411oI/OuveZp5/LtGp+Es/BAx+CAY+Gc7Jh3KsjHsbIEc28cyzhflDabJg2X47o= root@ubuntu-xenial
ssh-ed25519 AAAAC3NzaC1lZDI1NTE5AAAAIHNWpCGKDHItXHclPBf4gl6wYnNw1IHYVy3WEchklP/k root@ubuntu-xenial
ssh-rsa AAAAB3NzaC1yc2EAAAADAQABAAABAQDfrs60Q8AyS8VWVveaax4MY3eonHblIEKxYu2Utl+XVbXUMVjBn4xjByLzfXtM0G7APxl6s5HmACkq9fnEtn3Ks+I51E2nF4u2Iz5DLipwmHb6NjKElFyzFWVMLF9k05z8qrq50XOa+RrhLM1Itg4wXCwdDttzt7BsyZ22AnRB5+c8EY954/+E7gf14Kb/Tsr8p284ddtc22klzHq11QPtYxHjLxvF32V9VrhfqH3eOEVMnQu1tdWmKOypEk+wySpD35gHFVdKJz/ykl6z/gZrbGS1GfqTFVqqIVKjZYnu03ax6SR8ylEsAqFN0Wl2EFO1n5ekY9QTWPKb9dGYQy53 root@ubuntu-xenial
-----END SSH HOST KEY KEYS-----
[   23.896499] cloud-init[1343]: Cloud-init v. 21.1-19-gbad84ad4-0ubuntu1~16.04.2 running 'modules:final' at Tue, 14 Mar 2023 14:58:46 +0000. Up 23.71 seconds.
[   23.901986] cloud-init[1343]: ci-info: no authorized SSH keys fingerprints found for user ubuntu.
[   23.906068] cloud-init[1343]: Cloud-init v. 21.1-19-gbad84ad4-0ubuntu1~16.04.2 finished at Tue, 14 Mar 2023 14:58:47 +0000. Datasource DataSourceNoCloud [seed=/dev/sdb][dsmode=net].  Up 23.89 seconds
[[0;32m  OK  [0m] Started Execute cloud user/final scripts.
[[0;32m  OK  [0m] Reached target Cloud-init target.

Ubuntu 16.04.7 LTS ubuntu-xenial ttyS0

ubuntu-xenial login: 