[    0.000000] Initializing cgroup subsys cpuset
[    0.000000] Initializing cgroup subsys cpu
[    0.000000] Initializing cgroup subsys cpuacct
[    0.000000] Linux version 4.4.0-210-generic (buildd@lgw01-amd64-009) (gcc version 5.4.0 20160609 (Ubuntu 5.4.0-6ubuntu1~16.04.12) ) #242-Ubuntu SMP Fri Apr 16 09:57:56 UTC 2021 (Ubuntu 4.4.0-210.242-generic 4.4.262)
[    0.000000] Command line: BOOT_IMAGE=/boot/vmlinuz-4.4.0-210-generic root=LABEL=cloudimg-rootfs ro console=tty1 console=ttyS0
[    0.000000] KERNEL supported cpus:
[    0.000000]   Intel GenuineIntel
[    0.000000]   AMD AuthenticAMD
[    0.000000]   Centaur CentaurHauls
[    0.000000] x86/fpu: Legacy x87 FPU detected.
[    0.000000] e820: BIOS-provided physical RAM map:
[    0.000000] BIOS-e820: [mem 0x0000000000000000-0x000000000009fbff] usable
[    0.000000] BIOS-e820: [mem 0x000000000009fc00-0x000000000009ffff] reserved
[    0.000000] BIOS-e820: [mem 0x00000000000f0000-0x00000000000fffff] reserved
[    0.000000] BIOS-e820: [mem 0x0000000000100000-0x000000003ffeffff] usable
[    0.000000] BIOS-e820: [mem 0x000000003fff0000-0x000000003fffffff] ACPI data
[    0.000000] BIOS-e820: [mem 0x00000000fec00000-0x00000000fec00fff] reserved
[    0.000000] BIOS-e820: [mem 0x00000000fee00000-0x00000000fee00fff] reserved
[    0.000000] BIOS-e820: [mem 0x00000000fffc0000-0x00000000ffffffff] reserved
[    0.000000] NX (Execute Disable) protection: active
[    0.000000] SMBIOS 2.5 present.
[    0.000000] Hypervisor detected: KVM
[    0.000000] Kernel/User page tables isolation: disabled
[    0.000000] e820: last_pfn = 0x3fff0 max_arch_pfn = 0x400000000
[    0.000000] MTRR: Disabled
[    0.000000] x86/PAT: MTRRs disabled, skipping PAT initialization too.
[    0.000000] CPU MTRRs all blank - virtualized system.
[    0.000000] x86/PAT: Configuration [0-7]: WB  WT  UC- UC  WB  WT  UC- UC  
[    0.000000] found SMP MP-table at [mem 0x0009fff0-0x0009ffff] mapped at [ffff88000009fff0]
[    0.000000] Scanning 1 areas for low memory corruption
[    0.000000] RAMDISK: [mem 0x362dc000-0x37165fff]
[    0.000000] ACPI: Early table checksum verification disabled
[    0.000000] ACPI: RSDP 0x00000000000E0000 000024 (v02 VBOX  )
[    0.000000] ACPI: XSDT 0x000000003FFF0030 00003C (v01 VBOX   VBOXXSDT 00000001 ASL  00000061)
[    0.000000] ACPI: FACP 0x000000003FFF00F0 0000F4 (v04 VBOX   VBOXFACP 00000001 ASL  00000061)
[    0.000000] ACPI: DSDT 0x000000003FFF0610 002353 (v02 VBOX   VBOXBIOS 00000002 INTL 20100528)
[    0.000000] ACPI: FACS 0x000000003FFF0200 000040
[    0.000000] ACPI: FACS 0x000000003FFF0200 000040
[    0.000000] ACPI: APIC 0x000000003FFF0240 00005C (v02 VBOX   VBOXAPIC 00000001 ASL  00000061)
[    0.000000] ACPI: SSDT 0x000000003FFF02A0 00036C (v01 VBOX   VBOXCPUT 00000002 INTL 20100528)
[    0.000000] No NUMA configuration found
[    0.000000] Faking a node at [mem 0x0000000000000000-0x000000003ffeffff]
[    0.000000] NODE_DATA(0) allocated [mem 0x3ffeb000-0x3ffeffff]
[    0.000000] kvm-clock: Using msrs 4b564d01 and 4b564d00
[    0.000000] kvm-clock: cpu 0, msr 0:3ffe3001, primary cpu clock
[    0.000000] kvm-clock: using sched offset of 3675091930 cycles
[    0.000000] clocksource: kvm-clock: mask: 0xffffffffffffffff max_cycles: 0x1cd42e4dffb, max_idle_ns: 881590591483 ns
[    0.000000] Zone ranges:
[    0.000000]   DMA      [mem 0x0000000000001000-0x0000000000ffffff]
[    0.000000]   DMA32    [mem 0x0000000001000000-0x000000003ffeffff]
[    0.000000]   Normal   empty
[    0.000000]   Device   empty
[    0.000000] Movable zone start for each node
[    0.000000] Early memory node ranges
[    0.000000]   node   0: [mem 0x0000000000001000-0x000000000009efff]
[    0.000000]   node   0: [mem 0x0000000000100000-0x000000003ffeffff]
[    0.000000] Initmem setup node 0 [mem 0x0000000000001000-0x000000003ffeffff]
[    0.000000] ACPI: PM-Timer IO Port: 0x4008
[    0.000000] IOAPIC[0]: apic_id 2, version 32, address 0xfec00000, GSI 0-23
[    0.000000] ACPI: INT_SRC_OVR (bus 0 bus_irq 0 global_irq 2 dfl dfl)
[    0.000000] ACPI: INT_SRC_OVR (bus 0 bus_irq 9 global_irq 9 low level)
[    0.000000] Using ACPI (MADT) for SMP configuration information
[    0.000000] smpboot: Allowing 2 CPUs, 0 hotplug CPUs
[    0.000000] PM: Registered nosave memory: [mem 0x00000000-0x00000fff]
[    0.000000] PM: Registered nosave memory: [mem 0x0009f000-0x0009ffff]
[    0.000000] PM: Registered nosave memory: [mem 0x000a0000-0x000effff]
[    0.000000] PM: Registered nosave memory: [mem 0x000f0000-0x000fffff]
[    0.000000] e820: [mem 0x40000000-0xfebfffff] available for PCI devices
[    0.000000] Booting paravirtualized kernel on KVM
[    0.000000] clocksource: refined-jiffies: mask: 0xffffffff max_cycles: 0xffffffff, max_idle_ns: 7645519600211568 ns
[    0.000000] setup_percpu: NR_CPUS:512 nr_cpumask_bits:512 nr_cpu_ids:2 nr_node_ids:1
[    0.000000] PERCPU: Embedded 33 pages/cpu @ffff88003fc00000 s95192 r8192 d31784 u1048576
[    0.000000] Built 1 zonelists in Node order, mobility grouping on.  Total pages: 257912
[    0.000000] Policy zone: DMA32
[    0.000000] Kernel command line: BOOT_IMAGE=/boot/vmlinuz-4.4.0-210-generic root=LABEL=cloudimg-rootfs ro console=tty1 console=ttyS0
[    0.000000] PID hash table entries: 4096 (order: 3, 32768 bytes)
[    0.000000] Memory: 997792K/1048120K available (8644K kernel code, 1332K rwdata, 4044K rodata, 1492K init, 1164K bss, 50328K reserved, 0K cma-reserved)
[    0.000000] SLUB: HWalign=64, Order=0-3, MinObjects=0, CPUs=2, Nodes=1
[    0.000000] Hierarchical RCU implementation.
[    0.000000] 	Build-time adjustment of leaf fanout to 64.
[    0.000000] 	RCU restricting CPUs from NR_CPUS=512 to nr_cpu_ids=2.
[    0.000000] RCU: Adjusting geometry for rcu_fanout_leaf=64, nr_cpu_ids=2
[    0.000000] NR_IRQS:33024 nr_irqs:440 16
[    0.000000] Console: colour VGA+ 80x25
[    0.000000] console [tty1] enabled
[    0.000000] console [ttyS0] enabled
[    0.000000] tsc: Detected 2304.006 MHz processor
[    0.532466] Calibrating delay loop (skipped) preset value.. 4608.01 BogoMIPS (lpj=9216024)
[    0.538573] pid_max: default: 32768 minimum: 301
[    0.542354] ACPI: Core revision 20150930
[    0.546382] ACPI: 2 ACPI AML tables successfully acquired and loaded
[    0.551543] Security Framework initialized
[    0.554441] Yama: becoming mindful.
[    0.558775] AppArmor: AppArmor initialized
[    0.564403] Dentry cache hash table entries: 131072 (order: 8, 1048576 bytes)
[    0.573320] Inode-cache hash table entries: 65536 (order: 7, 524288 bytes)
[    0.581482] Mount-cache hash table entries: 2048 (order: 2, 16384 bytes)
[    0.592394] Mountpoint-cache hash table entries: 2048 (order: 2, 16384 bytes)
[    0.601103] Initializing cgroup subsys io
[    0.606127] Initializing cgroup subsys memory
[    0.612808] Initializing cgroup subsys devices
[    0.616295] Initializing cgroup subsys freezer
[    0.621666] Initializing cgroup subsys net_cls
[    0.625859] Initializing cgroup subsys perf_event
[    0.630122] Initializing cgroup subsys net_prio
[    0.636612] Initializing cgroup subsys hugetlb
[    0.641760] Initializing cgroup subsys pids
[    0.661642] mce: CPU supports 0 MCE banks
[    0.666393] Last level iTLB entries: 4KB 64, 2MB 8, 4MB 8
[    0.672140] Last level dTLB entries: 4KB 64, 2MB 0, 4MB 0, 1GB 4
[    0.679625] Spectre V1 : Mitigation: usercopy/swapgs barriers and __user pointer sanitization
[    0.689800] Spectre V2 : Mitigation: Enhanced IBRS
[    0.696576] Spectre V2 : Spectre v2 / SpectreRSB mitigation: Filling RSB on context switch
[    0.709622] Speculative Store Bypass: Vulnerable
[    0.714189] SRBDS: Mitigation: TSX disabled
[    0.760182] Freeing SMP alternatives memory: 36K
[    0.848638] ftrace: allocating 32380 entries in 127 pages
[    1.375419] smpboot: APIC(0) Converting physical 0 to logical package 0
[    1.386491] smpboot: Max logical packages: 1
[    1.406659] ..TIMER: vector=0x30 apic1=0 pin1=2 apic2=-1 pin2=-1
[    1.520873] smpboot: CPU0: Intel(R) Core(TM) i7-10510U CPU @ 1.80GHz (family: 0x6, model: 0x8e, stepping: 0xc)
[    1.531661] Performance Events: unsupported p6 CPU model 142 no PMU driver, software events only.
[    1.675741] KVM setup paravirtual spinlock
[    1.682588] x86: Booting SMP configuration:
[    1.687774] .... node  #0, CPUs:      #1
[    1.692407] kvm-clock: cpu 1, msr 0:3ffe3041, secondary cpu clock
[    1.709793] mce: CPU supports 0 MCE banks
[    1.718065] TSC synchronization [CPU#0 -> CPU#1]:
[    1.722190] Measured 66274 cycles TSC warp between CPUs, turning off TSC clock.
[    1.728873] tsc: Marking TSC unstable due to check_tsc_sync_source failed
[    0.516267] x86: Booted up 1 node, 2 CPUs
[    0.520004] smpboot: Total of 2 processors activated (9216.02 BogoMIPS)
[    0.532650] devtmpfs: initialized
[    0.541072] evm: security.selinux
[    0.544002] evm: security.SMACK64
[    0.548006] evm: security.SMACK64EXEC
[    0.552002] evm: security.SMACK64TRANSMUTE
[    0.560005] evm: security.SMACK64MMAP
[    0.564004] evm: security.ima
[    0.568004] evm: security.capability
[    0.572342] clocksource: jiffies: mask: 0xffffffff max_cycles: 0xffffffff, max_idle_ns: 7645041785100000 ns
[    0.576015] futex hash table entries: 512 (order: 3, 32768 bytes)
[    0.584146] pinctrl core: initialized pinctrl subsystem
[    0.588383] RTC time:  8:13:18, date: 02/21/23
[    0.596898] NET: Registered protocol family 16
[    0.612017] cpuidle: using governor ladder
[    0.624011] cpuidle: using governor menu
[    0.627659] PCCT header not found.
[    0.628168] ACPI: bus type PCI registered
[    0.632004] acpiphp: ACPI Hot Plug PCI Controller Driver version: 0.5
[    0.636484] PCI: Using configuration type 1 for base access
[    0.656553] ACPI: Added _OSI(Module Device)
[    0.660013] ACPI: Added _OSI(Processor Device)
[    0.664002] ACPI: Added _OSI(3.0 _SCP Extensions)
[    0.668005] ACPI: Added _OSI(Processor Aggregator Device)
[    0.676380] ACPI: Executed 1 blocks of module-level executable AML code
[    0.686426] ACPI: Interpreter enabled
[    0.688018] ACPI: (supports S0 S5)
[    0.692003] ACPI: Using IOAPIC for interrupt routing
[    0.696339] PCI: Using host bridge windows from ACPI; if necessary, use "pci=nocrs" and report a bug
[    0.712606] ACPI: PCI Root Bridge [PCI0] (domain 0000 [bus 00-ff])
[    0.716009] acpi PNP0A03:00: _OSC: OS supports [ASPM ClockPM Segments MSI]
[    0.720668] acpi PNP0A03:00: _OSC: not requesting OS control; OS requires [ExtendedConfig ASPM ClockPM MSI]
[    0.724016] acpi PNP0A03:00: fail to add MMCONFIG information, can't access extended PCI configuration space under this bridge.
[    0.728716] PCI host bridge to bus 0000:00
[    0.732004] pci_bus 0000:00: root bus resource [io  0x0000-0x0cf7 window]
[    0.736007] pci_bus 0000:00: root bus resource [io  0x0d00-0xffff window]
[    0.740012] pci_bus 0000:00: root bus resource [mem 0x000a0000-0x000bffff window]
[    0.744005] pci_bus 0000:00: root bus resource [mem 0x40000000-0xfdffffff window]
[    0.748008] pci_bus 0000:00: root bus resource [bus 00-ff]
[    0.760036] pci 0000:00:01.1: legacy IDE quirk: reg 0x10: [io  0x01f0-0x01f7]
[    0.764007] pci 0000:00:01.1: legacy IDE quirk: reg 0x14: [io  0x03f6]
[    0.768003] pci 0000:00:01.1: legacy IDE quirk: reg 0x18: [io  0x0170-0x0177]
[    0.772003] pci 0000:00:01.1: legacy IDE quirk: reg 0x1c: [io  0x0376]
[    0.799457] pci 0000:00:07.0: quirk: [io  0x4000-0x403f] claimed by PIIX4 ACPI
[    0.800043] pci 0000:00:07.0: quirk: [io  0x4100-0x410f] claimed by PIIX4 SMB
[    0.812589] ACPI: PCI Interrupt Link [LNKA] (IRQs 5 9 10 *11)
[    0.824499] ACPI: PCI Interrupt Link [LNKB] (IRQs 5 9 *10 11)
[    0.834920] ACPI: PCI Interrupt Link [LNKC] (IRQs 5 *9 10 11)
[    0.839242] ACPI: PCI Interrupt Link [LNKD] (IRQs 5 9 10 *11)
[    0.845294] ACPI: Enabled 2 GPEs in block 00 to 07
[    0.848255] vgaarb: setting as boot device: PCI:0000:00:02.0
[    0.852000] vgaarb: device added: PCI:0000:00:02.0,decodes=io+mem,owns=io+mem,locks=none
[    0.856015] vgaarb: loaded
[    0.859247] vgaarb: bridge control possible 0000:00:02.0
[    0.860410] SCSI subsystem initialized
[    0.864140] ACPI: bus type USB registered
[    0.868057] usbcore: registered new interface driver usbfs
[    0.872054] usbcore: registered new interface driver hub
[    0.876013] usbcore: registered new device driver usb
[    0.884138] PCI: Using ACPI for IRQ routing
[    0.888735] NetLabel: Initializing
[    0.892004] NetLabel:  domain hash size = 128
[    0.896000] NetLabel:  protocols = UNLABELED CIPSOv4
[    0.896017] NetLabel:  unlabeled traffic allowed by default
[    0.900146] amd_nb: Cannot enumerate AMD northbridges
[    0.908055] clocksource: Switched to clocksource kvm-clock
[    0.937311] AppArmor: AppArmor Filesystem Enabled
[    0.937311] pnp: PnP ACPI init
[    0.937311] pnp: PnP ACPI: found 3 devices
[    1.010142] clocksource: acpi_pm: mask: 0xffffff max_cycles: 0xffffff, max_idle_ns: 2085701024 ns
[    1.012329] NET: Registered protocol family 2
[    1.024822] TCP established hash table entries: 8192 (order: 4, 65536 bytes)
[    1.031783] TCP bind hash table entries: 8192 (order: 5, 131072 bytes)
[    1.038004] TCP: Hash tables configured (established 8192 bind 8192)
[    1.041519] UDP hash table entries: 512 (order: 2, 16384 bytes)
[    1.041519] UDP-Lite hash table entries: 512 (order: 2, 16384 bytes)
[    1.041519] NET: Registered protocol family 1
[    1.041519] pci 0000:00:00.0: Limiting direct PCI/PCI transfers
[    1.041519] pci 0000:00:01.0: Activating ISA DMA hang workarounds
[    1.041519] Unpacking initramfs...
[    1.041519] Freeing initrd memory: 14888K
[    1.041519] clocksource: tsc: mask: 0xffffffffffffffff max_cycles: 0x2135fd711f6, max_idle_ns: 440795262176 ns
[    1.041519] platform rtc_cmos: registered platform RTC device (no PNP device found)
[    1.041519] Scanning for low memory corruption every 60 seconds
[    1.436457] audit: initializing netlink subsys (disabled)
[    1.441354] audit: type=2000 audit(1676967203.483:1): initialized
[    1.446273] Initialise system trusted keyring
[    1.451012] HugeTLB registered 2 MB page size, pre-allocated 0 pages
[    1.461336] zbud: loaded
[    1.465695] VFS: Disk quotas dquot_6.6.0
[    1.471352] VFS: Dquot-cache hash table entries: 512 (order 0, 4096 bytes)
[    1.475212] squashfs: version 4.0 (2009/01/31) Phillip Lougher
[    1.487066] fuse init (API version 7.23)
[    1.492212] Key type big_key registered
[    1.496208] Allocating IMA MOK and blacklist keyrings.
[    1.518750] Key type asymmetric registered
[    1.523139] Asymmetric key parser 'x509' registered
[    1.528331] Block layer SCSI generic (bsg) driver version 0.4 loaded (major 249)
[    1.536110] io scheduler noop registered
[    1.539449] io scheduler deadline registered (default)
[    1.544479] io scheduler cfq registered
[    1.604014] pci_hotplug: PCI Hot Plug PCI Core version: 0.5
[    1.609954] pciehp: PCI Express Hot Plug Controller Driver version: 0.4
[    1.617740] ACPI: AC Adapter [AC] (off-line)
[    1.622692] input: Power Button as /devices/LNXSYSTM:00/LNXPWRBN:00/input/input0
[    1.630901] ACPI: Power Button [PWRF]
[    1.635023] input: Sleep Button as /devices/LNXSYSTM:00/LNXSLPBN:00/input/input1
[    1.642854] ACPI: Sleep Button [SLPF]
[    1.648308] GHES: HEST is not enabled!
[    1.649745] ACPI: Battery Slot [BAT0] (battery present)
[    1.659007] Serial: 8250/16550 driver, 32 ports, IRQ sharing enabled
[    1.691464] 00:02: ttyS0 at I/O 0x3f8 (irq = 4, base_baud = 115200) is a 16550A
[    1.723049] Linux agpgart interface v0.103
[    1.745131] loop: module loaded
[    1.756130] scsi host0: ata_piix
[    1.761102] scsi host1: ata_piix
[    1.764632] ata1: PATA max UDMA/33 cmd 0x1f0 ctl 0x3f6 bmdma 0xd000 irq 14
[    1.765058] ata2: PATA max UDMA/33 cmd 0x170 ctl 0x376 bmdma 0xd008 irq 15
[    1.778246] libphy: Fixed MDIO Bus: probed
[    1.783774] tun: Universal TUN/TAP device driver, 1.6
[    1.788957] tun: (C) 1999-2004 Max Krasnyansky <maxk@qualcomm.com>
[    1.795012] PPP generic driver version 2.4.2
[    1.800476] ehci_hcd: USB 2.0 'Enhanced' Host Controller (EHCI) Driver
[    1.807202] ehci-pci: EHCI PCI platform driver
[    1.811739] ehci-platform: EHCI generic platform driver
[    1.815648] ohci_hcd: USB 1.1 'Open' Host Controller (OHCI) Driver
[    1.815648] ohci-pci: OHCI PCI platform driver
[    1.815648] ohci-platform: OHCI generic platform driver
[    1.815648] uhci_hcd: USB Universal Host Controller Interface driver
[    1.815648] i8042: PNP: PS/2 Controller [PNP0303:PS2K,PNP0f03:PS2M] at 0x60,0x64 irq 1,12
[    1.848017] serio: i8042 KBD port at 0x60,0x64 irq 1
[    1.850186] serio: i8042 AUX port at 0x60,0x64 irq 12
[    1.859172] mousedev: PS/2 mouse device common for all mice
[    1.871807] rtc_cmos rtc_cmos: rtc core: registered rtc_cmos as rtc0
[    1.878549] input: AT Translated Set 2 keyboard as /devices/platform/i8042/serio0/input/input2
[    1.886839] rtc_cmos rtc_cmos: alarms up to one day, 114 bytes nvram
[    1.895346] i2c /dev entries driver
[    1.899750] device-mapper: uevent: version 1.0.3
[    1.907458] device-mapper: ioctl: 4.34.0-ioctl (2015-10-28) initialised: dm-devel@redhat.com
[    1.923665] ledtrig-cpu: registered to indicate activity on CPUs
[    1.932857] NET: Registered protocol family 10
[    1.970519] NET: Registered protocol family 17
[    1.975066] Key type dns_resolver registered
[    1.979728] registered taskstats version 1
[    1.987058] Loading compiled-in X.509 certificates
[    1.992281] Loaded X.509 cert 'Build time autogenerated kernel key: cf00e047681d67edb2720680708b7d9498083038'
[    2.000692] zswap: loaded using pool lzo/zbud
[    2.013183] Key type trusted registered
[    2.025089] Key type encrypted registered
[    2.031630] AppArmor: AppArmor sha1 policy hashing enabled
[    2.036997] ima: No TPM chip found, activating TPM-bypass!
[    2.041772] ima: Allocated hash algorithm: sha1
[    2.045677] evm: HMAC attrs: 0x1
[    2.049818]   Magic number: 11:567:220
[    2.056842] dmi id: hash matches
[    2.061390] rtc_cmos rtc_cmos: setting system clock to 2023-02-21 08:13:20 UTC (1676967200)
[    2.068886] BIOS EDD facility v0.16 2004-Jun-25, 0 devices found
[    2.074990] EDD information not available.
[    2.083507] Freeing unused kernel memory: 1492K
[    2.108418] Write protecting the kernel read-only data: 14336k
[    2.115301] Freeing unused kernel memory: 1584K
[    2.120382] Freeing unused kernel memory: 52K
Loading, please wait...
starting version 229
[    2.155828] random: systemd-udevd: uninitialized urandom read (16 bytes read, 9 bits of entropy available)
[    2.156673] random: udevadm: uninitialized urandom read (16 bytes read, 9 bits of entropy available)
[    2.156693] random: udevadm: uninitialized urandom read (16 bytes read, 9 bits of entropy available)
[    2.166568] random: udevadm: uninitialized urandom read (16 bytes read, 9 bits of entropy available)
[    2.166612] random: udevadm: uninitialized urandom read (16 bytes read, 9 bits of entropy available)
[    2.166772] random: udevadm: uninitialized urandom read (16 bytes read, 9 bits of entropy available)
[    2.166846] random: udevadm: uninitialized urandom read (16 bytes read, 9 bits of entropy available)
[    2.166962] random: udevadm: uninitialized urandom read (16 bytes read, 9 bits of entropy available)
[    2.167006] random: udevadm: uninitialized urandom read (16 bytes read, 9 bits of entropy available)
[    2.167045] random: udevadm: uninitialized urandom read (16 bytes read, 9 bits of entropy available)
[    2.296522] e1000: Intel(R) PRO/1000 Network Driver - version 7.3.21-k8-NAPI
[    2.303454] e1000: Copyright (c) 1999-2006 Intel Corporation.
[    2.348355] Fusion MPT base driver 3.04.20
[    2.352680] Copyright (c) 1999-2008 LSI Corporation
[    2.367631] SSE version of gcm_enc/dec engaged.
[    2.396693] Fusion MPT SPI Host driver 3.04.20
[    2.562697] input: ImExPS/2 Generic Explorer Mouse as /devices/platform/i8042/serio1/input/input4
[    3.277260] e1000 0000:00:03.0 eth0: (PCI:33MHz:32-bit) 02:be:82:6b:cc:1d
[    3.283742] e1000 0000:00:03.0 eth0: Intel(R) PRO/1000 Network Connection
[    3.291993] mptbase: ioc0: Initiating bringup
[    3.293009] e1000 0000:00:03.0 enp0s3: renamed from eth0
[    3.418906] ioc0: LSI53C1030 A0: Capabilities={Initiator}
[    3.891005] scsi host2: ioc0: LSI53C1030 A0, FwRev=00000000h, Ports=1, MaxQ=256, IRQ=20
[    4.049530] scsi 2:0:0:0: Direct-Access     VBOX     HARDDISK         1.0  PQ: 0 ANSI: 5
[    4.061031] scsi target2:0:0: Beginning Domain Validation
[    4.076571] scsi target2:0:0: Domain Validation skipping write tests
[    4.082899] scsi target2:0:0: Ending Domain Validation
[    4.088860] scsi target2:0:0: asynchronous
[    4.098971] scsi 2:0:1:0: Direct-Access     VBOX     HARDDISK         1.0  PQ: 0 ANSI: 5
[    4.107244] scsi target2:0:1: Beginning Domain Validation
[    4.123719] scsi target2:0:1: Domain Validation skipping write tests
[    4.130169] scsi target2:0:1: Ending Domain Validation
[    4.135971] scsi target2:0:1: asynchronous
[    4.176620] sd 2:0:0:0: Attached scsi generic sg0 type 0
[    4.182304] sd 2:0:0:0: [sda] 83886080 512-byte logical blocks: (42.9 GB/40.0 GiB)
[    4.194834] sd 2:0:1:0: [sdb] 20480 512-byte logical blocks: (10.5 MB/10.0 MiB)
[    4.225278] sd 2:0:0:0: [sda] Write Protect is off
[    4.225335] sd 2:0:1:0: Attached scsi generic sg1 type 0
[    4.226394] sd 2:0:1:0: [sdb] Write Protect is off
[    4.226928] sd 2:0:1:0: [sdb] Incomplete mode parameter data
[    4.226929] sd 2:0:1:0: [sdb] Assuming drive cache: write through
[    4.253502] sd 2:0:0:0: [sda] Incomplete mode parameter data
[    4.258437] sd 2:0:0:0: [sda] Assuming drive cache: write through
[    4.286867]  sda: sda1
[    4.291657] sd 2:0:1:0: [sdb] Attached SCSI disk
[    4.299161] sd 2:0:0:0: [sda] Attached SCSI disk
Begin: Loading essential drivers ... [    6.112522] md: linear personality registered for level -1
[    6.121588] md: multipath personality registered for level -4
[    6.133681] md: raid0 personality registered for level 0
[    6.157591] md: raid1 personality registered for level 1
[    6.681934] raid6: sse2x1   gen() 98597 MB/s
[    8.679336] raid6: sse2x1   xor() 134487 MB/s
[   10.678740] raid6: sse2x2   gen() 228356 MB/s
[   10.837512] raid6: sse2x2   xor() 19795 MB/s
[   11.682544] raid6: sse2x4   gen() 197084 MB/s
[   11.758348] raid6: sse2x4   xor()  8932 MB/s
[   11.763357] raid6: using algorithm sse2x2 gen() 228356 MB/s
[   11.769064] raid6: .... xor() 19795 MB/s, rmw enabled
[   11.774448] raid6: using ssse3x2 recovery algorithm
[   11.785146] xor: measuring software checksum speed
[   11.829384]    prefetch64-sse: 21033.000 MB/sec
[   11.872415]    generic_sse: 19778.000 MB/sec
[   11.877049] xor: using function: prefetch64-sse (21033.000 MB/sec)
[   11.888668] async_tx: api initialized (async)
[   11.940708] md: raid6 personality registered for level 6
[   11.946475] md: raid5 personality registered for level 5
[   11.951835] md: raid4 personality registered for level 4
[   11.988055] md: raid10 personality registered for level 10
done.
Begin: Running /scripts/init-premount ... done.
Begin: Mounting root file system ... Begin: Running /scripts/local-top ... done.
Begin: Running /scripts/local-premount ... [   12.079252] Btrfs loaded
Scanning for Btrfs filesystems
done.
Warning: fsck not present, so skipping root file system
[   12.253287] EXT4-fs (sda1): mounted filesystem with ordered data mode. Opts: (null)
done.
Begin: Running /scripts/local-bottom ... done.
Begin: Running /scripts/init-bottom ... done.
[   12.437351] systemd[1]: systemd 229 running in system mode. (+PAM +AUDIT +SELINUX +IMA +APPARMOR +SMACK +SYSVINIT +UTMP +LIBCRYPTSETUP +GCRYPT +GNUTLS +ACL +XZ -LZ4 +SECCOMP +BLKID +ELFUTILS +KMOD -IDN)
[   12.455141] systemd[1]: Detected virtualization oracle.
[   12.463194] systemd[1]: Detected architecture x86-64.
[   12.468685] random: nonblocking pool is initialized

Welcome to [1mUbuntu 16.04.7 LTS[0m!

[   12.488025] systemd[1]: Set hostname to <ubuntu>.
[   12.499264] systemd[1]: Initializing machine ID from random generator.
[   12.506035] systemd[1]: Installed transient /etc/machine-id file.
[   12.739057] systemd[1]: Listening on Device-mapper event daemon FIFOs.
[[0;32m  OK  [0m] Listening on Device-mapper event daemon FIFOs.
[   12.751313] systemd[1]: Listening on Journal Socket.
[[0;32m  OK  [0m] Listening on Journal Socket.
[   12.765217] systemd[1]: Listening on Journal Socket (/dev/log).
[[0;32m  OK  [0m] Listening on Journal Socket (/dev/log).
[   12.777120] systemd[1]: Set up automount Arbitrary Executable File Formats File System Automount Point.
[[0;32m  OK  [0m] Set up automount Arbitrary Executab...ats File System Automount Point.
[   12.797854] systemd[1]: Listening on fsck to fsckd communication Socket.
[[0;32m  OK  [0m] Listening on fsck to fsckd communication Socket.
[   12.813883] systemd[1]: Reached target Swap.
[[0;32m  OK  [0m] Reached target Swap.
[   12.823322] systemd[1]: Listening on udev Kernel Socket.
[[0;32m  OK  [0m] Listening on udev Kernel Socket.
[   12.836558] systemd[1]: Reached target User and Group Name Lookups.
[[0;32m  OK  [0m] Reached target User and Group Name Lookups.
[   12.848118] systemd[1]: Started Forward Password Requests to Wall Directory Watch.
[[0;32m  OK  [0m] Started Forward Password Requests to Wall Directory Watch.
[   12.866248] systemd[1]: Created slice System Slice.
[[0;32m  OK  [0m] Created slice System Slice.
[   12.892497] systemd[1]: Starting File System Check on Root Device...
         Starting File System Check on Root Device...
[   12.907693] systemd[1]: Created slice system-serial\x2dgetty.slice.
[[0;32m  OK  [0m] Created slice system-serial\x2dgetty.slice.
[   12.919909] systemd[1]: Starting Nameserver information manager...
         Starting Nameserver information manager...
[   12.934889] systemd[1]: Mounting Debug File System...
         Mounting Debug File System...
[   12.945380] systemd[1]: Mounting Huge Pages File System...
         Mounting Huge Pages File System...
[   12.964827] systemd[1]: Starting Load Kernel Modules...
         Starting Load Kernel Modules...
[   12.981821] systemd[1]: Listening on LVM2 metadata daemon socket.
[[0;32m  OK  [0m] Listening on LVM2 metadata daemon socket.
[   13.003157] systemd[1]: Starting Uncomplicated firewall...
[   13.010579] Loading iSCSI transport class v2.0-870.
         Starting Uncomplicated firewall...
[   13.028166] systemd[1]: Starting Create list of required static device nodes for the current kernel...
         Starting Create list of required st... nodes for the current kernel...
[   13.047299] systemd[1]: Listening on Journal Audit Socket.
[[0;32m  OK  [0m] Listening on Journal Audit Socket.
[   13.059719] iscsi: registered transport (tcp)
[   13.070836] systemd[1]: Created slice User and Session Slice.
[[0;32m  OK  [0m] Created slice User and Session Slice.
[   13.082439] systemd[1]: Reached target Encrypted Volumes.
[[0;32m  OK  [0m] Reached target Encrypted Volumes.
[   13.091493] systemd[1]: Reached target Slices.
[[0;32m  OK  [0m] Reached target Slices.
[   13.128333] systemd[1]: Mounting POSIX Message Queue File System...
         Mounting POSIX Message Queue File System...
[   13.139890] systemd[1]: Listening on Syslog Socket.
[[0;32m  OK  [0m] Listening on Syslog Socket.
[   13.154577] systemd[1]: Starting Journal Service...
         Starting Journal Service...
[   13.171749] systemd[1]: Listening on udev Control Socket.
[[0;32m  OK  [0m] Listening on udev Control Socket.
[   13.192303] systemd[1]: Listening on LVM2 poll daemon socket.
[[0;32m  OK  [0m] Listening on LVM2 poll daemon socket.
[   13.211033] iscsi: registered transport (iser)
[   13.233035] systemd[1]: Starting Set console keymap...
         Starting Set console keymap...
[   13.248712] systemd[1]: Started Trigger resolvconf update for networkd DNS.
[[0;32m  OK  [0m] Started Trigger resolvconf update for networkd DNS.
[   13.269269] systemd[1]: Starting Monitoring of LVM2 mirrors, snapshots etc. using dmeventd or progress polling...
         Starting Monitoring of LVM2 mirrors... dmeventd or progress polling...
[   13.294743] systemd[1]: Reached target System Time Synchronized.
[[0;32m  OK  [0m] Reached target System Time Synchronized.
[   13.313932] systemd[1]: Listening on /dev/initctl Compatibility Named Pipe.
[[0;32m  OK  [0m] Listening on /dev/initctl Compatibility Named Pipe.
[   13.341296] systemd[1]: Mounted Huge Pages File System.
[[0;32m  OK  [0m] Mounted Huge Pages File System.
[   13.353535] systemd[1]: Mounted POSIX Message Queue File System.
[[0;32m  OK  [0m] Mounted POSIX Message Queue File System.
[   13.370512] systemd[1]: Mounted Debug File System.
[[0;32m  OK  [0m] Mounted Debug File System.
[   13.385480] systemd[1]: Started Journal Service.
[[0;32m  OK  [0m] Started Journal Service.
[[0;32m  OK  [0m] Started File System Check on Root Device.
[[0;32m  OK  [0m] Started Load Kernel Modules.
[[0;32m  OK  [0m] Started Uncomplicated firewall.
[[0;32m  OK  [0m] Started Create list of required sta...ce nodes for the current kernel.
[[0;32m  OK  [0m] Started Set console keymap.
[[0;32m  OK  [0m] Started Nameserver information manager.
[[0;32m  OK  [0m] Started LVM2 metadata daemon.
[[0;32m  OK  [0m] Started File System Check Daemon to report status.
         Starting Create Static Device Nodes in /dev...
         Starting Apply Kernel Variables...
         Mounting FUSE Control File System...
         Starting Remount Root and Kernel File Systems...
[[0;32m  OK  [0m] Mounted FUSE Control File System.
[[0;32m  OK  [0m] Started Create Static Device Nodes in /dev.
[[0;32m  OK  [0m] Started Apply Kernel Variables.
[[0;32m  OK  [0m] Started Remount Root and Kernel File Systems.
         Starting Load/Save Random Seed...
         Starting udev Coldplug all Devices...
         Starting Flush Journal to Persistent Storage...
         Starting udev Kernel Device Manager...
[[0;32m  OK  [0m] Started Load/Save Random Seed.
[[0;32m  OK  [0m] Started Flush Journal to Persistent Storage.
[[0;32m  OK  [0m] Started udev Kernel Device Manager.
[[0;32m  OK  [0m] Started udev Coldplug all Devices.
[[0;32m  OK  [0m] Started Dispatch Password Requests to Console Directory Watch.
[[0;32m  OK  [0m] Found device /dev/ttyS0.
[[0;32m  OK  [0m] Listening on Load/Save RF Kill Switch Status /dev/rfkill Watch.
[[0;32m  OK  [0m] Started Monitoring of LVM2 mirrors,...ng dmeventd or progress polling.
[[0;32m  OK  [0m] Reached target Local File Systems (Pre).
[[0;32m  OK  [0m] Reached target Local File Systems.
         Starting Create Volatile Files and Directories...
         Starting LSB: AppArmor initialization...
         Starting Set console font and keymap...
         Starting Tell Plymouth To Write Out Runtime Data...
         Starting Initial cloud-init job (pre-networking)...
         Starting Commit a transient machine-id on disk...
[[0;32m  OK  [0m] Started Create Volatile Files and Directories.
[[0;32m  OK  [0m] Started Tell Plymouth To Write Out Runtime Data.
[[0;32m  OK  [0m] Started Commit a transient machine-id on disk.
         Starting Update UTMP about System Boot/Shutdown...
[[0;32m  OK  [0m] Started Update UTMP about System Boot/Shutdown.
[[0;32m  OK  [0m] Started Set console font and keymap.
[[0;32m  OK  [0m] Created slice system-getty.slice.
[[0;32m  OK  [0m] Started LSB: AppArmor initialization.
         Starting Load AppArmor profiles managed internally by snapd...
[[0;32m  OK  [0m] Started Load AppArmor profiles managed internally by snapd.
[   17.566518] cloud-init[641]: Cloud-init v. 21.1-19-gbad84ad4-0ubuntu1~16.04.2 running 'init-local' at Tue, 21 Feb 2023 08:13:35 +0000. Up 16.84 seconds.
[[0;32m  OK  [0m] Started Initial cloud-init job (pre-networking).
[[0;32m  OK  [0m] Reached target Network (Pre).
         Starting Raise network interfaces...
[[0;32m  OK  [0m] Started Raise network interfaces.
         Starting Initial cloud-init job (metadata service crawler)...
[[0;32m  OK  [0m] Reached target Network.
[   19.081446] cloud-init[948]: Cloud-init v. 21.1-19-gbad84ad4-0ubuntu1~16.04.2 running 'init' at Tue, 21 Feb 2023 08:13:36 +0000. Up 18.33 seconds.
[   19.087409] cloud-init[948]: ci-info: ++++++++++++++++++++++++++++++++++++++Net device info++++++++++++++++++++++++++++++++++++++
[   19.092911] cloud-init[948]: ci-info: +--------+------+----------------------------+---------------+--------+-------------------+
[   19.097808] cloud-init[948]: ci-info: | Device |  Up  |          Address           |      Mask     | Scope  |     Hw-Address    |
[   19.102944] cloud-init[948]: ci-info: +--------+------+----------------------------+---------------+--------+-------------------+
[   19.108307] cloud-init[948]: ci-info: | enp0s3 | True |         10.0.2.15          | 255.255.255.0 | global | 02:be:82:6b:cc:1d |
[   19.113607] cloud-init[948]: ci-info: | enp0s3 | True | fe80::be:82ff:fe6b:cc1d/64 |       .       |  link  | 02:be:82:6b:cc:1d |
[   19.118636] cloud-init[948]: ci-info: |   lo   | True |         127.0.0.1          |   255.0.0.0   |  host  |         .         |
[   19.123570] cloud-init[948]: ci-info: |   lo   | True |          ::1/128           |       .       |  host  |         .         |
[   19.128566] cloud-init[948]: ci-info: +--------+------+----------------------------+---------------+--------+-------------------+
[   19.134302] cloud-init[948]: ci-info: +++++++++++++++++++++++++++Route IPv4 info++++++++++++++++++++++++++++
[   19.139027] cloud-init[948]: ci-info: +-------+-------------+----------+---------------+-----------+-------+
[   19.143696] cloud-init[948]: ci-info: | Route | Destination | Gateway  |    Genmask    | Interface | Flags |
[   19.148305] cloud-init[948]: ci-info: +-------+-------------+----------+---------------+-----------+-------+
[   19.153014] cloud-init[948]: ci-info: |   0   |   0.0.0.0   | 10.0.2.2 |    0.0.0.0    |   enp0s3  |   UG  |
[   19.158091] cloud-init[948]: ci-info: |   1   |   10.0.2.0  | 0.0.0.0  | 255.255.255.0 |   enp0s3  |   U   |
[   19.162721] cloud-init[948]: ci-info: +-------+-------------+----------+---------------+-----------+-------+
[   19.167393] cloud-init[948]: ci-info: +++++++++++++++++++Route IPv6 info+++++++++++++++++++
[   19.171612] cloud-init[948]: ci-info: +-------+-------------+---------+-----------+-------+
[   19.176241] cloud-init[948]: ci-info: | Route | Destination | Gateway | Interface | Flags |
[   19.180618] cloud-init[948]: ci-info: +-------+-------------+---------+-----------+-------+
[   19.185114] cloud-init[948]: ci-info: |   0   |  fe80::/64  |    ::   |   enp0s3  |   U   |
[   19.189239] cloud-init[948]: ci-info: |   3   |   ff00::/8  |    ::   |   enp0s3  |   U   |
[   19.193383] cloud-init[948]: ci-info: +-------+-------------+---------+-----------+-------+
[   19.197799] cloud-init[948]: Generating public/private rsa key pair.
[   19.201634] cloud-init[948]: Your identification has been saved in /etc/ssh/ssh_host_rsa_key.
[   19.209019] [[0;32m  OK  [0m] Started Initial cloud-init job (metadata service crawler).
[[0;32m  OK  [0m] Reached target Cloud-config availability.
[[0;32m  OK  [0m] Reached target System Initialization.
[[0;32m  OK  [0m] Started Ubuntu Advantage update messaging.
[[0;32m  OK  [0m] Listening on D-Bus System Message Bus Socket.
[[0;32m  OK  [0m] Started Message of the Day.
[[0;32m  OK  [0m] Listening on UUID daemon activation socket.
[[0;32m  OK  [0m] Listening on ACPID Listen Socket.
cloud-init[948]: Your public key has been saved in /etc/ssh/ssh_host_rsa_key.pub.
[   19.226832] cloud-init[948]: The key fingerprint is:
[   19.232108] cloud-init[948]: SHA256:bp0qM+K1THPme8KejoQRZJouHIam9xymr+BP3Y3WyZ8 root@ubuntu-xenial
[   19.238916] cloud-init[948]: The key's randomart image is:
[   19.244445] cloud-init[948]: +---[RSA 2048]----+
[   19.249475] cloud-init[948]: |    o            |
[   19.254518] cloud-init[948]: |.  =             |
[   19.259770] cloud-init[948]: |.+o .            |
[   19.265555] cloud-init[948]: |=..  .           |
[   19.270766]          Starting LXD - unix socket.
[[0;32m  OK  [0m] Started Daily apt download activities.
[[0;32m  OK  [0m] Started Daily apt upgrade and clean activities.
         Starting Socket activation for snappy daemon.
cloud-init[[0;32m  OK  [0m] Started ACPI Events Check.
[[0;32m  OK  [0m] Reached target Paths.
[[0;32m  OK  [0m] Started Daily Cleanup of Temporary Directories.
[[0;32m  OK  [0m] Reached target Timers.
[[0;32m  OK  [0m] Reached target Network is Online.
[948]: |o.o +   S        |
[   19.286887] cloud-init[948]: | o =.+..=...     |
[   19.292066] cloud-init[948]: |. ..+.====o      |
         Starting iSCSI initiator daemon (iscsid)...
[   19.298899] [[0;32m  OK  [0m] Listening on LXD - unix socket.
[[0;32m  OK  [0m] Listening on Socket activation for snappy daemon.
[[0;32m  OK  [0m] Reached target Sockets.
[[0;32m  OK  [0m] Reached target Basic System.
[[0;32m  OK  [0m] Started D-Bus System Message Bus.
cloud-init[948]: |.....==Oooo .    |
[   19.311560] cloud-init[948]: | .o+o.+*B+ E     |
[   19.321680] cloud-init[948]: +----[SHA256]-----+
[   19.325637] cloud-init[948]: Generating public/private dsa key pair.
[   19.333078] cloud-init[948]: Your identification has been saved in /etc/ssh/ssh_host_dsa_key.
[   19.338919] cloud-init[948]: Your public key has been saved in /etc/ssh/ssh_host_dsa_key.pub.
[   19.346656] cloud-init[948]: The key fingerprint is:
[   19.351460] cloud-init[948]: SHA256:eXPP6ojHg3ZZjlrj1h6lnZWCOqwkLNBFik+IzP1TqM8 root@ubuntu-xenial
[   19.357299] cloud-init[948]: The key's randomart image is:
[   19.362861] cloud-init[948]: +---[DSA 1024]----+
[   19.367201] cloud-init[948]: |     .           |
[   19.371305] cloud-init[948]: |+ + o .          |
[   19.376515] cloud-init[948]: |.= + o .         |
[   19.380022] cloud-init[948]: |  + + .  .  .   .|
         Starting Login Service...
[   19.383567] cloud-init[948]: | . + o  S o......|
[   19.394886] cloud-init[948]: |  . + . ...o.*.o |
[   19.398991] cloud-init[948]: |   . E . *o*o =  |
[   19.400006] cloud-init[948]: |    . o ++Xooo   |
[   19.400086] cloud-init[948]: |       oo=o++    |
[   19.400128] cloud-init[948]: +----[SHA256]-----+
[   19.400159] cloud-init[948]: Generating public/private ecdsa key pair.
[   19.400185] cloud-init[948]: Your identification has been saved in /etc/ssh/ssh_host_ecdsa_key.
[   19.400212] cloud-init[948]: Your public key has been saved in /etc/ssh/ssh_host_ecdsa_key.pub.
[   19.400238] cloud-init[948]: The key fingerprint is:
[   19.400469] cloud-init[948]: SHA256:UC4oGm0Ck6rIunDGeYEG2RbbwRo5feVeqC/IM9mWCSc root@ubuntu-xenial
[   19.400749] cloud-init[948]: The key's randomart image is:
[   19.401113] cloud-init[948]: +---[ECDSA 256]---+
[   19.401462] cloud-init[948]: |o..+.  .o        |
[   19.401810] cloud-init[948]: |o=++oo.+ .       |
[   19.402196] cloud-init[948]: |* B+o.o + .      |
[   19.402515] cloud-init[948]: |.B.o   = .       |
[   19.402871] cloud-init[948]: |= o E o S        |
[   19.403211] cloud-init[948]: |o+ o O +         |
[   19.403560] cloud-init[948]: |o = B * .        |
[   19.403919] cloud-init[948]: |oo . + .         |
[   19.404656] cloud-init[948]: |..               |
[   19.405007] cloud-init[948]: +----[SHA256]-----+
[   19.405360] cloud-init[948]: Generating public/private ed25519 key pair.
[   19.405711] cloud-init[948]: Your identification has been saved in /etc/ssh/ssh_host_ed25519_key.
[   19.406061] cloud-init[948]: Your public key has been saved in /etc/ssh/ssh_host_ed25519_key.pub.
[   19.406410] cloud-init[948]: The key fingerprint is:
[   19.406808] cloud-init[948]: SHA256:/Sw6z5qsuqSa/cS0/LUhwlv5LzqP9kwOdmRnSaWGBnM root@ubuntu-xenial
[   19.407132] cloud-init[948]: The key's randomart image is:
[   19.407482] cloud-init[948]: +--[ED25519 256]--+
[   19.407830] cloud-init[948]: |      o E   .    |
[   19.408566] cloud-init[948]: |       + . o     |
[   19.408953] cloud-init[948]: |        o +      |
[   19.408982] cloud-init[948]: |       . + .     |
[   19.409008] cloud-init[948]: |    .   S =      |
[   19.409033] cloud-init[948]: |   = . + o o     |
[   19.409059] cloud-init[948]: |    O * = . o    |
[   19.409085] cloud-init[948]: | o + *o%o* .     |
[   19.409444] cloud-init[948]: |o.o.=+=*%*+      |
[   19.409835] cloud-init[948]: +----[SHA256]-----+
         Starting System Logging Service...
         Starting Virtualbox guest utils...
[[0;32m  OK  [0m] Started Regular background program processing daemon.
[[0;32m  OK  [0m] Started Deferred execution scheduler.
         Starting Snap Daemon...
         Starting Pollinate to seed the pseudo random number generator...
         Starting LSB: Record successful boot for GRUB...
[[0;32m  OK  [0m] Started FUSE filesystem for LXC.
[[0;32m  OK  [0m] Started ACPI event daemon.
         Starting LSB: MD monitoring daemon...
         Starting Accounts Service...
         Starting /etc/rc.local Compatibility...
         Starting LXD - container startup/shutdown...
[[0;32m  OK  [0m] Started System Logging Service.
[[0;32m  OK  [0m] Started /etc/rc.local Compatibility.
[[0;32m  OK  [0m] Started iSCSI initiator daemon (iscsid).
         Starting Login to default iSCSI targets...
[[0;32m  OK  [0m] Started Login Service.
[[0;32m  OK  [0m] Started Unattended Upgrades Shutdown.
[[0;32m  OK  [0m] Started LSB: Record successful boot for GRUB.
[[0;32m  OK  [0m] Started LSB: MD monitoring daemon.
[[0;32m  OK  [0m] Started Login to default iSCSI targets.
[[0;32m  OK  [0m] Reached target Remote File Systems (Pre).
[[0;32m  OK  [0m] Reached target Remote File Systems.
         Starting LSB: Set the CPU Frequency Scaling governor to "ondemand"...
         Starting Permit User Sessions...
         Starting LSB: automatic crash report generation...
         Starting LSB: daemon to balance interrupts for SMP systems...
[[0;32m  OK  [0m] Started LXD - container startup/shutdown.
[[0;32m  OK  [0m] Started Permit User Sessions.
         Starting Authenticate and Authorize Users to Run Privileged Tasks...
         Starting Terminate Plymouth Boot Screen...
         Starting Hold until boot process finishes up...
[[0;32m  OK  [0m] Started Terminate Plymouth Boot Screen.
[[0;32m  OK  [0m] Started LSB: automatic crash report generation.
[[0;32m  OK  [0m] Started LSB: Set the CPU Frequency Scaling governor to "ondemand".
[[0;32m  OK  [0m] Started Hold until boot process finishes up.
[[0;32m  OK  [0m] Started Serial Getty on ttyS0.
[[0;32m  OK  [0m] Started Getty on tty1.
[[0;32m  OK  [0m] Reached target Login Prompts.
         Starting Set console scheme...
[[0;32m  OK  [0m] Started LSB: daemon to balance interrupts for SMP systems.
[[0;32m  OK  [0m] Started Authenticate and Authorize Users to Run Privileged Tasks.
[[0;32m  OK  [0m] Started Set console scheme.
[[0;32m  OK  [0m] Started Accounts Service.
[[0;32m  OK  [0m] Started Virtualbox guest utils.
[[0;32m  OK  [0m] Started Pollinate to seed the pseudo random number generator.
         Starting OpenBSD Secure Shell server...
[[0;32m  OK  [0m] Started OpenBSD Secure Shell server.
[[0;32m  OK  [0m] Started Snap Daemon.
         Starting Wait until snapd is fully seeded...
[[0;32m  OK  [0m] Started Wait until snapd is fully seeded.
         Starting Apply the settings specified in cloud-config...
[[0;32m  OK  [0m] Reached target Multi-User System.
[[0;32m  OK  [0m] Reached target Graphical Interface.
         Starting Update UTMP about System Runlevel Changes...
[[0;32m  OK  [0m] Started Update UTMP about System Runlevel Changes.
[   22.077770] cloud-init[1295]: Generating locales (this might take a while)...
[   23.249641] cloud-init[1295]:   en_US.UTF-8... done
[   23.258022] cloud-init[1295]: Generation complete.
[   23.606833] cloud-init[1295]: Cloud-init v. 21.1-19-gbad84ad4-0ubuntu1~16.04.2 running 'modules:config' at Tue, 21 Feb 2023 08:13:40 +0000. Up 21.90 seconds.
[[0;32m  OK  [0m] Started Apply the settings specified in cloud-config.
         Starting Execute cloud user/final scripts...
ci-info: no authorized SSH keys fingerprints found for user ubuntu.
<14>Feb 21 08:13:42 ec2: 
<14>Feb 21 08:13:42 ec2: #############################################################
<14>Feb 21 08:13:42 ec2: -----BEGIN SSH HOST KEY FINGERPRINTS-----
<14>Feb 21 08:13:42 ec2: 1024 SHA256:eXPP6ojHg3ZZjlrj1h6lnZWCOqwkLNBFik+IzP1TqM8 root@ubuntu-xenial (DSA)
<14>Feb 21 08:13:42 ec2: 256 SHA256:UC4oGm0Ck6rIunDGeYEG2RbbwRo5feVeqC/IM9mWCSc root@ubuntu-xenial (ECDSA)
<14>Feb 21 08:13:42 ec2: 256 SHA256:/Sw6z5qsuqSa/cS0/LUhwlv5LzqP9kwOdmRnSaWGBnM root@ubuntu-xenial (ED25519)
<14>Feb 21 08:13:42 ec2: 2048 SHA256:bp0qM+K1THPme8KejoQRZJouHIam9xymr+BP3Y3WyZ8 root@ubuntu-xenial (RSA)
<14>Feb 21 08:13:42 ec2: -----END SSH HOST KEY FINGERPRINTS-----
<14>Feb 21 08:13:42 ec2: #############################################################
-----BEGIN SSH HOST KEY KEYS-----
ecdsa-sha2-nistp256 AAAAE2VjZHNhLXNoYTItbmlzdHAyNTYAAAAIbmlzdHAyNTYAAABBBCTpIYw7lQx5pYV/fHZs8AKZs9oaAhAillf4rYwa+T8rw/wpLf7rOW95rR4Ii3RyHNvaT6O8tqbP1ilir57GAjM= root@ubuntu-xenial
ssh-ed25519 AAAAC3NzaC1lZDI1NTE5AAAAIE9cK7fG0Edf60DId4QNwkRAaXLff5wZuZyeZGNos7B4 root@ubuntu-xenial
ssh-rsa AAAAB3NzaC1yc2EAAAADAQABAAABAQDhfcYKKg+IRWOoHg7DQa3tyqb3PNsTm8mzo6EIxVb+uSQk5UL/za1Jm7wAoKqTnDyingEyE0bSpf3m0PL5sQ1RfUhxfAIoQitXKLdnSV6wvQ9nU33q6V8XL2W1RauD/LONwiP8PGCizoBui0jHcIsF/sehiFJ1i6YWXgAGWii2OGUkUkzZFKGtrIlx3e3zp0MRVPoseqJ/3K2gSLyId26gizF+wJQl5f66UnUaxR1jPtGkUHX+5i5hafaGusamSxYbHkDs/sWST0P1Bi3oKjYrtqd2BB8T+s/+P/A8fEr5WKEpfTYSn8WW3iv9j6VfDeqHBOeaWfNAWLGCLauj5VS5 root@ubuntu-xenial
-----END SSH HOST KEY KEYS-----
[   24.075139] cloud-init[1339]: Cloud-init v. 21.1-19-gbad84ad4-0ubuntu1~16.04.2 running 'modules:final' at Tue, 21 Feb 2023 08:13:42 +0000. Up 23.87 seconds.
[   24.080754] cloud-init[1339]: ci-info: no authorized SSH keys fingerprints found for user ubuntu.
[   24.084453] cloud-init[1339]: Cloud-init v. 21.1-19-gbad84ad4-0ubuntu1~16.04.2 finished at Tue, 21 Feb 2023 08:13:42 +0000. Datasource DataSourceNoCloud [seed=/dev/sdb][dsmode=net].  Up 24.06 seconds
[[0;32m  OK  [0m] Started Execute cloud user/final scripts.
[[0;32m  OK  [0m] Reached target Cloud-init target.

Ubuntu 16.04.7 LTS ubuntu-xenial ttyS0

ubuntu-xenial login: [[0;32m  OK  [0m] Stopped Unattended Upgrades Shutdown.
         Stopping ACPI event daemon...
[[0;32m  OK  [0m] Stopped target Cloud-init target.
         Stopping Authenticate and Authorize Users to Run Privileged Tasks...
         Stopping Login to default iSCSI targets...
[[0;32m  OK  [0m] Closed Load/Save RF Kill Switch Status /dev/rfkill Watch.
[[0;32m  OK  [0m] Stopped Execute cloud user/final scripts.
[[0;32m  OK  [0m] Stopped Apply the settings specified in cloud-config.
[[0;32m  OK  [0m] Stopped target Timers.
[[0;32m  OK  [0m] Stopped Daily apt upgrade and clean activities.
[[0;32m  OK  [0m] Stopped Daily apt download activities.
[[0;32m  OK  [0m] Stopped Message of the Day.
[[0;32m  OK  [0m] Stopped Daily Cleanup of Temporary Directories.
         Stopping Session 3 of user vagrant.
[[0;32m  OK  [0m] Stopped Ubuntu Advantage update messaging.
[[0;32m  OK  [0         Stopping Serial Getty on ttyS0...
         Stopping Getty on tty1...
         Stopping Virtualbox guest utils...
         Stopping LXD - container startup/shutdown...
         Stopping LSB: daemon to balance interrupts for SMP systems...
         Stopping LSB: automatic crash report generation...
         Stopping LSB: Set the CPU Frequency Scaling governor to "ondemand"...
         Stopping FUSE filesystem for LXC...
         Stopping LSB: Record successful boot for GRUB...
         Stopping LSB: MD monitoring daemon...
         Stopping Regular background program processing daemon...
[[0;32m  OK  [0m] Unmounted /var/lib/lxcfs.
[[0;32m  OK  [0m] Stopped System Logging Service.
[[0;32m  OK  [0m] Stopped Regular background program processing daemon.
[[0;32m  OK  [0m] Stopped Deferred execution scheduler.
[[0;32m  OK  [0m] Stopped ACPI event daemon.
[[0;32m  OK  [0m] Stopped Accounts Service.
[[0;32m  OK  [0m] Stopped Authenticate and Authorize Users to Run Privileged Tasks.
[[0;32m  OK  [0m] Stopped Serial Getty on ttyS0.
[[0;32m  OK  [0m] Stopped Getty on tty1.
[[0;32m  OK  [0m] Stopped OpenBSD Secure Shell server.
[[0;32m  OK  [0m] Stopped User Manager for UID 1000.
[[0;32m  OK  [0m] Stopped D-Bus System Message Bus.
[[0;32m  OK  [0m] Stopped Session 3 of user vagrant.
[[0;32m  OK  [0m] Stopped FUSE filesystem for LXC.
[[0;32m  OK  [0m] Stopped Login to default iSCSI targets.
[[0;32m  OK  [0m] Stopped LXD - container startup/shutdown.
[[0;32m  OK  [0m] Stopped LSB: daemon to balance interrupts for SMP systems.
[[0;32m  OK  [0m] Stopped LSB: automatic crash report generation.
[[0;32m  OK  [0m] Stopped Virtualbox guest utils.
[[0;32m  OK  [0m] Stopped LSB: MD monitoring daemon.
[[0;32m  OK  [0m] Stopped LSB: Set the CPU Frequency Scaling governor to "ondemand".
[[0;32m  OK  [0m] Stopped LSB: Record successful boot for GRUB.
         Stopping iSCSI initiator daemon (iscsid)...
[[0;32m  OK  [0m] Removed slice User Slice of vagrant.
         Stopping Login Service...
[[0;32m  OK  [0m] Removed slice system-getty.slice.
[[0;32m  OK  [0m] Stopped /etc/rc.local Compatibility.
[[0;32m  OK  [0m] Removed slice system-serial\x2dgetty.slice.
         Stopping Permit User Sessions...
[[0;32m  OK  [0m] Stopped iSCSI initiator daemon (iscsid).
[[0;32m  OK  [0m] Stopped Permit User Sessions.
[[0;32m  OK  [0m] Stopped target Remote File Systems.
[[0;32m  OK  [0m] Stopped Login Service.
[[0;32m  OK  [0m] Stopped target Basic System.
[[0;32m  OK  [0m] Stopped target Sockets.
[[0;32m  OK  [0m] Closed UUID daemon activation socket.
[[0;32m  OK  [0m] Closed LXD - unix socket.
[[0;32m  OK  [0m] Closed Syslog Socket.
[[0;32m  OK  [0m] Closed Socket activation for snappy daemon.
[[0;32m  OK  [0m] Closed ACPID Listen Socket.
[[0;32m  OK  [0m] Stopped target Paths.
[[0;32m  OK  [0m] Stopped ACPI Events Check.
[[0;32m  OK  [0m] Stopped Forward Password Requests to Wall Directory Watch.
[[0;32m  OK  [0m] Stopped Dispatch Password Requests to Console Directory Watch.
[[0;32m  OK  [0m] Stopped target Slices.
[[0;32m  OK  [0m] Stopped target User and Group Name Lookups.
[[0;32m  OK  [0m] Closed D-Bus System Message Bus Socket.
[[0;32m  OK  [0m] Stopped target System Initialization.
         Stopping Load/Save Random Seed...
[[0;32m  OK  [0m] Stopped target Encrypted Volumes.
[[0;32m  OK  [0m] Stopped Initial cloud-init job (metadata service crawler).
         Stopping Raise network interfaces...
[[0;32m  OK  [0m] Stopped target Swap.
[[0;32m  OK  [0m] Stopped Create Volatile Files and Directories.
[[0;32m  OK  [0m] Stopped Commit a transient machine-id on disk.
[[0;32m  OK  [0m] Removed slice User and Session Slice.
[[0;32m  OK  [0m] Stopped Load/Save Random Seed.
[[0;32m  OK  [0m] Stopped Raise network interfaces.
[[0;32m  OK  [0m] Stopped Apply Kernel Variables.
[[0;32m  OK  [0m] Stopped Load Kernel Modules.
[[0;32m  OK  [0m] Stopped target Network (Pre).
[[0;32m  OK  [0m] Stopped Initial cloud-init job (pre-networking).
[[0;32m  OK  [0m] Stopped target Local File Systems.
         Unmounting /run/user/1000...
         Unmounting /vagrant...
[[0;32m  OK  [0m] Unmounted /run/user/1000.
[[0;32m  OK  [0m] Unmounted /vagrant.
[[0;32m  OK  [0m] Reached target Unmount All Filesystems.
[[0;32m  OK  [0m] Stopped target Local File Systems (Pre).
[[0;32m  OK  [0m] Stopped Create Static Device Nodes in /dev.
[[0;32m  OK  [0m] Stopped Remount Root and Kernel File Systems.
[[0;32m  OK  [0m] Reached target Shutdown.
[   70.269734] reboot: Power down
