[    0.000000] Initializing cgroup subsys cpuset
[    0.000000] Initializing cgroup subsys cpu
[    0.000000] Initializing cgroup subsys cpuacct
[    0.000000] Linux version 4.4.0-210-generic (buildd@lgw01-amd64-009) (gcc version 5.4.0 20160609 (Ubuntu 5.4.0-6ubuntu1~16.04.12) ) #242-Ubuntu SMP Fri Apr 16 09:57:56 UTC 2021 (Ubuntu 4.4.0-210.242-generic 4.4.262)
[    0.000000] Command line: BOOT_IMAGE=/boot/vmlinuz-4.4.0-210-generic root=LABEL=cloudimg-rootfs ro console=tty1 console=ttyS0
[    0.000000] KERNEL supported cpus:
[    0.000000]   Intel GenuineIntel
[    0.000000]   AMD AuthenticAMD
[    0.000000]   Centaur CentaurHauls
[    0.000000] x86/fpu: Legacy x87 FPU detected.
[    0.000000] e820: BIOS-provided physical RAM map:
[    0.000000] BIOS-e820: [mem 0x0000000000000000-0x000000000009fbff] usable
[    0.000000] BIOS-e820: [mem 0x000000000009fc00-0x000000000009ffff] reserved
[    0.000000] BIOS-e820: [mem 0x00000000000f0000-0x00000000000fffff] reserved
[    0.000000] BIOS-e820: [mem 0x0000000000100000-0x000000003ffeffff] usable
[    0.000000] BIOS-e820: [mem 0x000000003fff0000-0x000000003fffffff] ACPI data
[    0.000000] BIOS-e820: [mem 0x00000000fec00000-0x00000000fec00fff] reserved
[    0.000000] BIOS-e820: [mem 0x00000000fee00000-0x00000000fee00fff] reserved
[    0.000000] BIOS-e820: [mem 0x00000000fffc0000-0x00000000ffffffff] reserved
[    0.000000] NX (Execute Disable) protection: active
[    0.000000] SMBIOS 2.5 present.
[    0.000000] Hypervisor detected: KVM
[    0.000000] Kernel/User page tables isolation: disabled
[    0.000000] e820: last_pfn = 0x3fff0 max_arch_pfn = 0x400000000
[    0.000000] MTRR: Disabled
[    0.000000] x86/PAT: MTRRs disabled, skipping PAT initialization too.
[    0.000000] CPU MTRRs all blank - virtualized system.
[    0.000000] x86/PAT: Configuration [0-7]: WB  WT  UC- UC  WB  WT  UC- UC  
[    0.000000] found SMP MP-table at [mem 0x0009fff0-0x0009ffff] mapped at [ffff88000009fff0]
[    0.000000] Scanning 1 areas for low memory corruption
[    0.000000] RAMDISK: [mem 0x362dc000-0x37165fff]
[    0.000000] ACPI: Early table checksum verification disabled
[    0.000000] ACPI: RSDP 0x00000000000E0000 000024 (v02 VBOX  )
[    0.000000] ACPI: XSDT 0x000000003FFF0030 00003C (v01 VBOX   VBOXXSDT 00000001 ASL  00000061)
[    0.000000] ACPI: FACP 0x000000003FFF00F0 0000F4 (v04 VBOX   VBOXFACP 00000001 ASL  00000061)
[    0.000000] ACPI: DSDT 0x000000003FFF0610 002353 (v02 VBOX   VBOXBIOS 00000002 INTL 20100528)
[    0.000000] ACPI: FACS 0x000000003FFF0200 000040
[    0.000000] ACPI: FACS 0x000000003FFF0200 000040
[    0.000000] ACPI: APIC 0x000000003FFF0240 00005C (v02 VBOX   VBOXAPIC 00000001 ASL  00000061)
[    0.000000] ACPI: SSDT 0x000000003FFF02A0 00036C (v01 VBOX   VBOXCPUT 00000002 INTL 20100528)
[    0.000000] No NUMA configuration found
[    0.000000] Faking a node at [mem 0x0000000000000000-0x000000003ffeffff]
[    0.000000] NODE_DATA(0) allocated [mem 0x3ffeb000-0x3ffeffff]
[    0.000000] kvm-clock: Using msrs 4b564d01 and 4b564d00
[    0.000000] kvm-clock: cpu 0, msr 0:3ffe3001, primary cpu clock
[    0.000000] kvm-clock: using sched offset of 4069334095 cycles
[    0.000000] clocksource: kvm-clock: mask: 0xffffffffffffffff max_cycles: 0x1cd42e4dffb, max_idle_ns: 881590591483 ns
[    0.000000] Zone ranges:
[    0.000000]   DMA      [mem 0x0000000000001000-0x0000000000ffffff]
[    0.000000]   DMA32    [mem 0x0000000001000000-0x000000003ffeffff]
[    0.000000]   Normal   empty
[    0.000000]   Device   empty
[    0.000000] Movable zone start for each node
[    0.000000] Early memory node ranges
[    0.000000]   node   0: [mem 0x0000000000001000-0x000000000009efff]
[    0.000000]   node   0: [mem 0x0000000000100000-0x000000003ffeffff]
[    0.000000] Initmem setup node 0 [mem 0x0000000000001000-0x000000003ffeffff]
[    0.000000] ACPI: PM-Timer IO Port: 0x4008
[    0.000000] IOAPIC[0]: apic_id 2, version 32, address 0xfec00000, GSI 0-23
[    0.000000] ACPI: INT_SRC_OVR (bus 0 bus_irq 0 global_irq 2 dfl dfl)
[    0.000000] ACPI: INT_SRC_OVR (bus 0 bus_irq 9 global_irq 9 low level)
[    0.000000] Using ACPI (MADT) for SMP configuration information
[    0.000000] smpboot: Allowing 2 CPUs, 0 hotplug CPUs
[    0.000000] PM: Registered nosave memory: [mem 0x00000000-0x00000fff]
[    0.000000] PM: Registered nosave memory: [mem 0x0009f000-0x0009ffff]
[    0.000000] PM: Registered nosave memory: [mem 0x000a0000-0x000effff]
[    0.000000] PM: Registered nosave memory: [mem 0x000f0000-0x000fffff]
[    0.000000] e820: [mem 0x40000000-0xfebfffff] available for PCI devices
[    0.000000] Booting paravirtualized kernel on KVM
[    0.000000] clocksource: refined-jiffies: mask: 0xffffffff max_cycles: 0xffffffff, max_idle_ns: 7645519600211568 ns
[    0.000000] setup_percpu: NR_CPUS:512 nr_cpumask_bits:512 nr_cpu_ids:2 nr_node_ids:1
[    0.000000] PERCPU: Embedded 33 pages/cpu @ffff88003fc00000 s95192 r8192 d31784 u1048576
[    0.000000] Built 1 zonelists in Node order, mobility grouping on.  Total pages: 257912
[    0.000000] Policy zone: DMA32
[    0.000000] Kernel command line: BOOT_IMAGE=/boot/vmlinuz-4.4.0-210-generic root=LABEL=cloudimg-rootfs ro console=tty1 console=ttyS0
[    0.000000] PID hash table entries: 4096 (order: 3, 32768 bytes)
[    0.000000] Memory: 997792K/1048120K available (8644K kernel code, 1332K rwdata, 4044K rodata, 1492K init, 1164K bss, 50328K reserved, 0K cma-reserved)
[    0.000000] SLUB: HWalign=64, Order=0-3, MinObjects=0, CPUs=2, Nodes=1
[    0.000000] Hierarchical RCU implementation.
[    0.000000] 	Build-time adjustment of leaf fanout to 64.
[    0.000000] 	RCU restricting CPUs from NR_CPUS=512 to nr_cpu_ids=2.
[    0.000000] RCU: Adjusting geometry for rcu_fanout_leaf=64, nr_cpu_ids=2
[    0.000000] NR_IRQS:33024 nr_irqs:440 16
[    0.000000] Console: colour VGA+ 80x25
[    0.000000] console [tty1] enabled
[    0.000000] console [ttyS0] enabled
[    0.000000] tsc: Detected 2304.006 MHz processor
[    1.061577] Calibrating delay loop (skipped) preset value.. 4608.01 BogoMIPS (lpj=9216024)
[    1.069838] pid_max: default: 32768 minimum: 301
[    1.074354] ACPI: Core revision 20150930
[    1.081194] ACPI: 2 ACPI AML tables successfully acquired and loaded
[    1.090466] Security Framework initialized
[    1.095657] Yama: becoming mindful.
[    1.101691] AppArmor: AppArmor initialized
[    1.107712] Dentry cache hash table entries: 131072 (order: 8, 1048576 bytes)
[    1.142172] Inode-cache hash table entries: 65536 (order: 7, 524288 bytes)
[    1.171605] Mount-cache hash table entries: 2048 (order: 2, 16384 bytes)
[    1.198652] Mountpoint-cache hash table entries: 2048 (order: 2, 16384 bytes)
[    1.230747] Initializing cgroup subsys io
[    1.245528] Initializing cgroup subsys memory
[    1.261200] Initializing cgroup subsys devices
[    1.278200] Initializing cgroup subsys freezer
[    1.294279] Initializing cgroup subsys net_cls
[    1.308010] Initializing cgroup subsys perf_event
[    1.322586] Initializing cgroup subsys net_prio
[    1.337992] Initializing cgroup subsys hugetlb
[    1.351159] Initializing cgroup subsys pids
[    1.394292] mce: CPU supports 0 MCE banks
[    1.399532] Last level iTLB entries: 4KB 64, 2MB 8, 4MB 8
[    1.404081] Last level dTLB entries: 4KB 64, 2MB 0, 4MB 0, 1GB 4
[    1.416233] Spectre V1 : Mitigation: usercopy/swapgs barriers and __user pointer sanitization
[    1.463340] Spectre V2 : Mitigation: Enhanced IBRS
[    1.481709] Spectre V2 : Spectre v2 / SpectreRSB mitigation: Filling RSB on context switch
[    1.511320] Speculative Store Bypass: Vulnerable
[    1.524750] SRBDS: Mitigation: TSX disabled
[    1.625522] Freeing SMP alternatives memory: 36K
[    1.823855] ftrace: allocating 32380 entries in 127 pages
[    3.019537] smpboot: APIC(0) Converting physical 0 to logical package 0
[    3.039231] smpboot: Max logical packages: 1
[    3.054551] ..TIMER: vector=0x30 apic1=0 pin1=2 apic2=-1 pin2=-1
[    3.169232] APIC calibration not consistent with PM-Timer: 101ms instead of 100ms
[    3.183791] APIC delta adjusted to PM-Timer: 6256839 (6335969)
[    3.202913] smpboot: CPU0: Intel(R) Core(TM) i7-10510U CPU @ 1.80GHz (family: 0x6, model: 0x8e, stepping: 0xc)
[    3.229097] Performance Events: unsupported p6 CPU model 142 no PMU driver, software events only.
[    3.507962] KVM setup paravirtual spinlock
[    3.519806] x86: Booting SMP configuration:
[    3.527424] .... node  #0, CPUs:      #1
[    3.533837] kvm-clock: cpu 1, msr 0:3ffe3041, secondary cpu clock
[    3.564595] mce: CPU supports 0 MCE banks
[    3.570487] TSC synchronization [CPU#0 -> CPU#1]:
[    3.575708] Measured 81307 cycles TSC warp between CPUs, turning off TSC clock.
[    3.584105] tsc: Marking TSC unstable due to check_tsc_sync_source failed
[    0.882460] x86: Booted up 1 node, 2 CPUs
[    0.884009] smpboot: Total of 2 processors activated (9216.02 BogoMIPS)
[    0.900014] devtmpfs: initialized
[    0.912230] evm: security.selinux
[    0.916006] evm: security.SMACK64
[    0.920004] evm: security.SMACK64EXEC
[    0.924004] evm: security.SMACK64TRANSMUTE
[    0.928001] evm: security.SMACK64MMAP
[    0.932001] evm: security.ima
[    0.936006] evm: security.capability
[    0.944672] clocksource: jiffies: mask: 0xffffffff max_cycles: 0xffffffff, max_idle_ns: 7645041785100000 ns
[    0.948017] futex hash table entries: 512 (order: 3, 32768 bytes)
[    0.952867] pinctrl core: initialized pinctrl subsystem
[    0.956901] RTC time: 16:57:11, date: 03/13/23
[    0.965801] NET: Registered protocol family 16
[    0.980019] cpuidle: using governor ladder
[    0.996032] cpuidle: using governor menu
[    1.000019] PCCT header not found.
[    1.004312] ACPI: bus type PCI registered
[    1.008010] acpiphp: ACPI Hot Plug PCI Controller Driver version: 0.5
[    1.013520] PCI: Using configuration type 1 for base access
[    1.052865] ACPI: Added _OSI(Module Device)
[    1.056007] ACPI: Added _OSI(Processor Device)
[    1.060002] ACPI: Added _OSI(3.0 _SCP Extensions)
[    1.064007] ACPI: Added _OSI(Processor Aggregator Device)
[    1.072569] ACPI: Executed 1 blocks of module-level executable AML code
[    1.088140] ACPI: Interpreter enabled
[    1.092027] ACPI: (supports S0 S5)
[    1.096006] ACPI: Using IOAPIC for interrupt routing
[    1.104029] PCI: Using host bridge windows from ACPI; if necessary, use "pci=nocrs" and report a bug
[    1.125740] ACPI: PCI Root Bridge [PCI0] (domain 0000 [bus 00-ff])
[    1.128015] acpi PNP0A03:00: _OSC: OS supports [ASPM ClockPM Segments MSI]
[    1.136401] acpi PNP0A03:00: _OSC: not requesting OS control; OS requires [ExtendedConfig ASPM ClockPM MSI]
[    1.140019] acpi PNP0A03:00: fail to add MMCONFIG information, can't access extended PCI configuration space under this bridge.
[    1.145727] PCI host bridge to bus 0000:00
[    1.148009] pci_bus 0000:00: root bus resource [io  0x0000-0x0cf7 window]
[    1.152007] pci_bus 0000:00: root bus resource [io  0x0d00-0xffff window]
[    1.156008] pci_bus 0000:00: root bus resource [mem 0x000a0000-0x000bffff window]
[    1.160006] pci_bus 0000:00: root bus resource [mem 0x40000000-0xfdffffff window]
[    1.164005] pci_bus 0000:00: root bus resource [bus 00-ff]
[    1.174731] pci 0000:00:01.1: legacy IDE quirk: reg 0x10: [io  0x01f0-0x01f7]
[    1.176008] pci 0000:00:01.1: legacy IDE quirk: reg 0x14: [io  0x03f6]
[    1.180006] pci 0000:00:01.1: legacy IDE quirk: reg 0x18: [io  0x0170-0x0177]
[    1.184006] pci 0000:00:01.1: legacy IDE quirk: reg 0x1c: [io  0x0376]
[    1.209832] pci 0000:00:07.0: quirk: [io  0x4000-0x403f] claimed by PIIX4 ACPI
[    1.212117] pci 0000:00:07.0: quirk: [io  0x4100-0x410f] claimed by PIIX4 SMB
[    1.244028] ACPI: PCI Interrupt Link [LNKA] (IRQs 5 9 10 *11)
[    1.257062] ACPI: PCI Interrupt Link [LNKB] (IRQs 5 9 *10 11)
[    1.266475] ACPI: PCI Interrupt Link [LNKC] (IRQs 5 *9 10 11)
[    1.272425] ACPI: PCI Interrupt Link [LNKD] (IRQs 5 9 10 *11)
[    1.283136] ACPI: Enabled 2 GPEs in block 00 to 07
[    1.288118] vgaarb: setting as boot device: PCI:0000:00:02.0
[    1.292000] vgaarb: device added: PCI:0000:00:02.0,decodes=io+mem,owns=io+mem,locks=none
[    1.292011] vgaarb: loaded
[    1.296002] vgaarb: bridge control possible 0000:00:02.0
[    1.300963] SCSI subsystem initialized
[    1.304438] ACPI: bus type USB registered
[    1.308094] usbcore: registered new interface driver usbfs
[    1.312095] usbcore: registered new interface driver hub
[    1.316023] usbcore: registered new device driver usb
[    1.325467] PCI: Using ACPI for IRQ routing
[    1.329783] NetLabel: Initializing
[    1.332004] NetLabel:  domain hash size = 128
[    1.336009] NetLabel:  protocols = UNLABELED CIPSOv4
[    1.340046] NetLabel:  unlabeled traffic allowed by default
[    1.348246] amd_nb: Cannot enumerate AMD northbridges
[    1.356019] clocksource: Switched to clocksource kvm-clock
[    1.374747] AppArmor: AppArmor Filesystem Enabled
[    1.374747] pnp: PnP ACPI init
[    1.374747] pnp: PnP ACPI: found 3 devices
[    1.561830] clocksource: acpi_pm: mask: 0xffffff max_cycles: 0xffffff, max_idle_ns: 2085701024 ns
[    1.564626] NET: Registered protocol family 2
[    1.604320] TCP established hash table entries: 8192 (order: 4, 65536 bytes)
[    1.608031] TCP bind hash table entries: 8192 (order: 5, 131072 bytes)
[    1.608031] TCP: Hash tables configured (established 8192 bind 8192)
[    1.608031] UDP hash table entries: 512 (order: 2, 16384 bytes)
[    1.608031] UDP-Lite hash table entries: 512 (order: 2, 16384 bytes)
[    1.608031] NET: Registered protocol family 1
[    1.608031] pci 0000:00:00.0: Limiting direct PCI/PCI transfers
[    1.608031] pci 0000:00:01.0: Activating ISA DMA hang workarounds
[    1.608031] Unpacking initramfs...
[    2.382264] Freeing initrd memory: 14888K
[    2.382264] clocksource: tsc: mask: 0xffffffffffffffff max_cycles: 0x2135fd711f6, max_idle_ns: 440795262176 ns
[    2.382264] platform rtc_cmos: registered platform RTC device (no PNP device found)
[    2.382264] Scanning for low memory corruption every 60 seconds
[    2.479817] audit: initializing netlink subsys (disabled)
[    2.493259] audit: type=2000 audit(1678726636.652:1): initialized
[    2.509263] Initialise system trusted keyring
[    2.523765] HugeTLB registered 2 MB page size, pre-allocated 0 pages
[    2.553298] zbud: loaded
[    2.573956] VFS: Disk quotas dquot_6.6.0
[    2.590561] VFS: Dquot-cache hash table entries: 512 (order 0, 4096 bytes)
[    2.610324] squashfs: version 4.0 (2009/01/31) Phillip Lougher
[    2.628711] fuse init (API version 7.23)
[    2.639458] Key type big_key registered
[    2.649449] Allocating IMA MOK and blacklist keyrings.
[    2.688695] Key type asymmetric registered
[    2.698833] Asymmetric key parser 'x509' registered
[    2.710243] Block layer SCSI generic (bsg) driver version 0.4 loaded (major 249)
[    2.732920] io scheduler noop registered
[    2.745718] io scheduler deadline registered (default)
[    2.754690] io scheduler cfq registered
[    2.761024] pci_hotplug: PCI Hot Plug PCI Core version: 0.5
[    2.770260] pciehp: PCI Express Hot Plug Controller Driver version: 0.4
[    2.788746] ACPI: AC Adapter [AC] (off-line)
[    2.799118] input: Power Button as /devices/LNXSYSTM:00/LNXPWRBN:00/input/input0
[    2.815537] ACPI: Power Button [PWRF]
[    2.826698] input: Sleep Button as /devices/LNXSYSTM:00/LNXSLPBN:00/input/input1
[    2.842178] ACPI: Sleep Button [SLPF]
[    2.909872] GHES: HEST is not enabled!
[    2.913061] ACPI: Battery Slot [BAT0] (battery present)
[    2.925797] Serial: 8250/16550 driver, 32 ports, IRQ sharing enabled
[    2.984184] 00:02: ttyS0 at I/O 0x3f8 (irq = 4, base_baud = 115200) is a 16550A
[    3.003352] Linux agpgart interface v0.103
[    3.038301] loop: module loaded
[    3.059703] scsi host0: ata_piix
[    3.074504] scsi host1: ata_piix
[    3.084744] ata1: PATA max UDMA/33 cmd 0x1f0 ctl 0x3f6 bmdma 0xd000 irq 14
[    3.098458] ata2: PATA max UDMA/33 cmd 0x170 ctl 0x376 bmdma 0xd008 irq 15
[    3.113326] libphy: Fixed MDIO Bus: probed
[    3.125357] tun: Universal TUN/TAP device driver, 1.6
[    3.135571] tun: (C) 1999-2004 Max Krasnyansky <maxk@qualcomm.com>
[    3.144227] PPP generic driver version 2.4.2
[    3.154619] ehci_hcd: USB 2.0 'Enhanced' Host Controller (EHCI) Driver
[    3.161965] ehci-pci: EHCI PCI platform driver
[    3.165496] ehci-platform: EHCI generic platform driver
[    3.169495] ohci_hcd: USB 1.1 'Open' Host Controller (OHCI) Driver
[    3.174141] ohci-pci: OHCI PCI platform driver
[    3.178849] ohci-platform: OHCI generic platform driver
[    3.183521] uhci_hcd: USB Universal Host Controller Interface driver
[    3.188737] i8042: PNP: PS/2 Controller [PNP0303:PS2K,PNP0f03:PS2M] at 0x60,0x64 irq 1,12
[    3.198260] serio: i8042 KBD port at 0x60,0x64 irq 1
[    3.202426] serio: i8042 AUX port at 0x60,0x64 irq 12
[    3.206988] mousedev: PS/2 mouse device common for all mice
[    3.218193] rtc_cmos rtc_cmos: rtc core: registered rtc_cmos as rtc0
[    3.224270] rtc_cmos rtc_cmos: alarms up to one day, 114 bytes nvram
[    3.225290] input: AT Translated Set 2 keyboard as /devices/platform/i8042/serio0/input/input2
[    3.238552] i2c /dev entries driver
[    3.242024] device-mapper: uevent: version 1.0.3
[    3.248204] device-mapper: ioctl: 4.34.0-ioctl (2015-10-28) initialised: dm-devel@redhat.com
[    3.254953] ledtrig-cpu: registered to indicate activity on CPUs
[    3.262347] NET: Registered protocol family 10
[    3.324648] NET: Registered protocol family 17
[    3.334689] Key type dns_resolver registered
[    3.371274] registered taskstats version 1
[    3.379659] Loading compiled-in X.509 certificates
[    3.388526] Loaded X.509 cert 'Build time autogenerated kernel key: cf00e047681d67edb2720680708b7d9498083038'
[    3.404277] zswap: loaded using pool lzo/zbud
[    3.429963] Key type trusted registered
[    3.471505] Key type encrypted registered
[    3.482921] AppArmor: AppArmor sha1 policy hashing enabled
[    3.491845] ima: No TPM chip found, activating TPM-bypass!
[    3.501579] ima: Allocated hash algorithm: sha1
[    3.512678] evm: HMAC attrs: 0x1
[    3.521659]   Magic number: 15:98:995
[    3.537928] rtc_cmos rtc_cmos: setting system clock to 2023-03-13 16:57:14 UTC (1678726634)
[    3.563177] BIOS EDD facility v0.16 2004-Jun-25, 0 devices found
[    3.572903] EDD information not available.
[    3.585751] Freeing unused kernel memory: 1492K
[    3.612464] Write protecting the kernel read-only data: 14336k
[    3.637032] Freeing unused kernel memory: 1584K
[    3.650287] Freeing unused kernel memory: 52K
Loading, please wait...
starting version 229
[    3.741687] random: systemd-udevd: uninitialized urandom read (16 bytes read, 11 bits of entropy available)
[    3.744438] random: udevadm: uninitialized urandom read (16 bytes read, 11 bits of entropy available)
[    3.744527] random: udevadm: uninitialized urandom read (16 bytes read, 11 bits of entropy available)
[    3.777084] random: udevadm: uninitialized urandom read (16 bytes read, 11 bits of entropy available)
[    3.777155] random: udevadm: uninitialized urandom read (16 bytes read, 11 bits of entropy available)
[    3.777505] random: udevadm: uninitialized urandom read (16 bytes read, 11 bits of entropy available)
[    3.777583] random: udevadm: uninitialized urandom read (16 bytes read, 11 bits of entropy available)
[    3.777644] random: udevadm: uninitialized urandom read (16 bytes read, 11 bits of entropy available)
[    3.777783] random: udevadm: uninitialized urandom read (16 bytes read, 11 bits of entropy available)
[    3.777897] random: udevadm: uninitialized urandom read (16 bytes read, 11 bits of entropy available)
[    4.045002] e1000: Intel(R) PRO/1000 Network Driver - version 7.3.21-k8-NAPI
[    4.048398] e1000: Copyright (c) 1999-2006 Intel Corporation.
[    4.126099] Fusion MPT base driver 3.04.20
[    4.136497] Copyright (c) 1999-2008 LSI Corporation
[    4.233100] Fusion MPT SPI Host driver 3.04.20
[    4.265098] SSE version of gcm_enc/dec engaged.
[    4.541407] input: ImExPS/2 Generic Explorer Mouse as /devices/platform/i8042/serio1/input/input5
[    5.930745] e1000 0000:00:03.0 eth0: (PCI:33MHz:32-bit) 02:be:82:6b:cc:1d
[    5.943234] e1000 0000:00:03.0 eth0: Intel(R) PRO/1000 Network Connection
[    5.958114] mptbase: ioc0: Initiating bringup
[    6.261040] ioc0: LSI53C1030 A0: Capabilities={Initiator}
[    7.206879] scsi host2: ioc0: LSI53C1030 A0, FwRev=00000000h, Ports=1, MaxQ=256, IRQ=20
[    7.379200] scsi 2:0:0:0: Direct-Access     VBOX     HARDDISK         1.0  PQ: 0 ANSI: 5
[    7.419219] scsi target2:0:0: Beginning Domain Validation
[    7.456753] scsi target2:0:0: Domain Validation skipping write tests
[    7.489151] scsi target2:0:0: Ending Domain Validation
[    7.516038] scsi target2:0:0: asynchronous
[    7.533974] scsi 2:0:1:0: Direct-Access     VBOX     HARDDISK         1.0  PQ: 0 ANSI: 5
[    7.552989] scsi target2:0:1: Beginning Domain Validation
[    7.574558] scsi target2:0:1: Domain Validation skipping write tests
[    7.590268] scsi target2:0:1: Ending Domain Validation
[    7.606806] scsi target2:0:1: asynchronous
[    7.655089] sd 2:0:0:0: Attached scsi generic sg0 type 0
[    7.671851] sd 2:0:1:0: Attached scsi generic sg1 type 0
[    7.680504] sd 2:0:0:0: [sda] 83886080 512-byte logical blocks: (42.9 GB/40.0 GiB)
[    7.713283] sd 2:0:1:0: [sdb] 20480 512-byte logical blocks: (10.5 MB/10.0 MiB)
[    7.721831] sd 2:0:1:0: [sdb] Write Protect is off
[    7.727485] sd 2:0:1:0: [sdb] Incomplete mode parameter data
[    7.733499] sd 2:0:1:0: [sdb] Assuming drive cache: write through
[    7.741042] sd 2:0:0:0: [sda] Write Protect is off
[    7.747458] sd 2:0:0:0: [sda] Incomplete mode parameter data
[    7.754773] sd 2:0:0:0: [sda] Assuming drive cache: write through
[    7.823317]  sda: sda1
[    7.840933] sd 2:0:1:0: [sdb] Attached SCSI disk
[    7.861220] sd 2:0:0:0: [sda] Attached SCSI disk
[    8.725350] e1000 0000:00:08.0 eth1: (PCI:33MHz:32-bit) 08:00:27:97:4d:6b
[    8.735583] e1000 0000:00:08.0 eth1: Intel(R) PRO/1000 Network Connection
[    8.750438] e1000 0000:00:03.0 enp0s3: renamed from eth0
[    8.764691] e1000 0000:00:08.0 enp0s8: renamed from eth1
Begin: Loading essential drivers ... [   11.305967] md: linear personality registered for level -1
[   11.324615] md: multipath personality registered for level -4
[   11.347838] md: raid0 personality registered for level 0
[   11.392133] md: raid1 personality registered for level 1
[   11.883335] raid6: sse2x1   gen() 33466 MB/s
[   12.879566] raid6: sse2x1   xor() 52465 MB/s
[   13.882400] raid6: sse2x2   gen() 107733 MB/s
[   15.879382] raid6: sse2x2   xor() 75297 MB/s
[   16.880871] raid6: sse2x4   gen() 117388 MB/s
[   16.956186] raid6: sse2x4   xor()  4235 MB/s
[   16.966049] raid6: using algorithm sse2x4 gen() 117388 MB/s
[   16.975382] raid6: .... xor() 4235 MB/s, rmw enabled
[   16.983526] raid6: using ssse3x2 recovery algorithm
[   17.007573] xor: measuring software checksum speed
[   17.122563]    prefetch64-sse: 21075.000 MB/sec
[   17.934434]    generic_sse: 1667754.000 MB/sec
[   17.943853] xor: using function: generic_sse (1667754.000 MB/sec)
[   17.966684] async_tx: api initialized (async)
[   18.077843] md: raid6 personality registered for level 6
[   18.092703] md: raid5 personality registered for level 5
[   18.104298] md: raid4 personality registered for level 4
[   18.167287] md: raid10 personality registered for level 10
done.
Begin: Running /scripts/init-premount ... done.
Begin: Mounting root file system ... Begin: Running /scripts/local-top ... done.
Begin: Running /scripts/local-premount ... [   18.366962] Btrfs loaded
Scanning for Btrfs filesystems
done.
Warning: fsck not present, so skipping root file system
[   18.628786] EXT4-fs (sda1): mounted filesystem with ordered data mode. Opts: (null)
done.
Begin: Running /scripts/local-bottom ... done.
Begin: Running /scripts/init-bottom ... done.
[   19.261110] systemd[1]: systemd 229 running in system mode. (+PAM +AUDIT +SELINUX +IMA +APPARMOR +SMACK +SYSVINIT +UTMP +LIBCRYPTSETUP +GCRYPT +GNUTLS +ACL +XZ -LZ4 +SECCOMP +BLKID +ELFUTILS +KMOD -IDN)
[   19.293800] systemd[1]: Detected virtualization oracle.
[   19.307370] systemd[1]: Detected architecture x86-64.

Welcome to [1mUbuntu 16.04.7 LTS[0m!

[   19.412113] systemd[1]: Set hostname to <ubuntu>.
[   19.455305] systemd[1]: Initializing machine ID from random generator.
[   19.481564] systemd[1]: Installed transient /etc/machine-id file.
[   19.509640] random: nonblocking pool is initialized
[   20.430432] systemd[1]: Created slice User and Session Slice.
[[0;32m  OK  [0m] Created slice User and Session Slice.
[   20.465303] systemd[1]: Listening on udev Kernel Socket.
[[0;32m  OK  [0m] Listening on udev Kernel Socket.
[   20.497605] systemd[1]: Started Forward Password Requests to Wall Directory Watch.
[[0;32m  OK  [0m] Started Forward Password Requests to Wall Directory Watch.
[   20.542043] systemd[1]: Listening on LVM2 poll daemon socket.
[[0;32m  OK  [0m] Listening on LVM2 poll daemon socket.
[   20.629520] systemd[1]: Listening on fsck to fsckd communication Socket.
[[0;32m  OK  [0m] Listening on fsck to fsckd communication Socket.
[   20.662490] systemd[1]: Set up automount Arbitrary Executable File Formats File System Automount Point.
[[0;32m  OK  [0m] Set up automount Arbitrary Executab...ats File System Automount Point.
[   20.707287] systemd[1]: Listening on Device-mapper event daemon FIFOs.
[[0;32m  OK  [0m] Listening on Device-mapper event daemon FIFOs.
[   20.750394] systemd[1]: Listening on udev Control Socket.
[[0;32m  OK  [0m] Listening on udev Control Socket.
[   20.791253] systemd[1]: Reached target System Time Synchronized.
[[0;32m  OK  [0m] Reached target System Time Synchronized.
[   20.838377] systemd[1]: Listening on Journal Audit Socket.
[[0;32m  OK  [0m] Listening on Journal Audit Socket.
[   20.871626] systemd[1]: Reached target Encrypted Volumes.
[[0;32m  OK  [0m] Reached target Encrypted Volumes.
[   20.895965] systemd[1]: Listening on LVM2 metadata daemon socket.
[[0;32m  OK  [0m] Listening on LVM2 metadata daemon socket.
[   20.923505] systemd[1]: Listening on /dev/initctl Compatibility Named Pipe.
[[0;32m  OK  [0m] Listening on /dev/initctl Compatibility Named Pipe.
[   20.950788] systemd[1]: Reached target User and Group Name Lookups.
[[0;32m  OK  [0m] Reached target User and Group Name Lookups.
[   20.995034] systemd[1]: Reached target Swap.
[[0;32m  OK  [0m] Reached target Swap.
[   21.029397] systemd[1]: Created slice System Slice.
[[0;32m  OK  [0m] Created slice System Slice.
[   21.063689] systemd[1]: Reached target Slices.
[[0;32m  OK  [0m] Reached target Slices.
[   21.102435] systemd[1]: Created slice system-serial\x2dgetty.slice.
[[0;32m  OK  [0m] Created slice system-serial\x2dgetty.slice.
[   21.126346] systemd[1]: Listening on Journal Socket (/dev/log).
[[0;32m  OK  [0m] Listening on Journal Socket (/dev/log).
[   21.146381] systemd[1]: Listening on Journal Socket.
[[0;32m  OK  [0m] Listening on Journal Socket.
[   21.165371] systemd[1]: Starting Monitoring of LVM2 mirrors, snapshots etc. using dmeventd or progress polling...
         Starting Monitoring of LVM2 mirrors... dmeventd or progress polling...
[   21.236313] systemd[1]: Starting Load Kernel Modules...
         Starting Load Kernel Modules...
[   21.247317] systemd[1]: Starting Set console keymap...
         Starting Set console keymap...
[   21.262563] systemd[1]: Mounting POSIX Message Queue File System...
[   21.276923] Loading iSCSI transport class v2.0-870.
         Mounting POSIX Message Queue File System...
[   21.337262] iscsi: registered transport (tcp)
[   21.357658] systemd[1]: Starting Uncomplicated firewall...
         Starting Uncomplicated firewall...
[   21.387526] systemd[1]: Mounting Debug File System...
         Mounting Debug File System...
[   21.435159] systemd[1]: Starting Create list of required static device nodes for the current kernel...
         Starting Create list of required st... nodes for the current kernel...
[   21.517045] systemd[1]: Mounting Huge Pages File System...
         Mounting Huge Pages File System...
[   21.556095] systemd[1]: Starting File System Check on Root Device...
         Starting File System Check on Root Device...
[   21.593064] systemd[1]: Listening on Syslog Socket.
[[0;32m  OK  [0m] Listening on Syslog Socket.
[   21.657634] systemd[1]: Starting Journal Service...
         Starting Journal Service...
[   21.751122] iscsi: registered transport (iser)
[   21.781431] systemd[1]: Started Trigger resolvconf update for networkd DNS.
[[0;32m  OK  [0m] Started Trigger resolvconf update for networkd DNS.
[   21.865801] systemd[1]: Starting Nameserver information manager...
         Starting Nameserver information manager...
[   21.951358] systemd[1]: Mounted Huge Pages File System.
[[0;32m  OK  [0m] Mounted Huge Pages File System.
[   22.095544] systemd[1]: Mounted POSIX Message Queue File System.
[[0;32m  OK  [0m] Mounted POSIX Message Queue File System.
[   22.115078] systemd[1]: Mounted Debug File System.
[[0;32m  OK  [0m] Mounted Debug File System.
[   22.132805] systemd[1]: Started Journal Service.
[[0;32m  OK  [0m] Started Journal Service.
[[0;32m  OK  [0m] Started Load Kernel Modules.
[[0;32m  OK  [0m] Started Set console keymap.
[[0;32m  OK  [0m] Started Uncomplicated firewall.
[[0;32m  OK  [0m] Started Create list of required sta...ce nodes for the current kernel.
[[0;32m  OK  [0m] Started File System Check on Root Device.
[[0;32m  OK  [0m] Started File System Check Daemon to report status.
[[0;32m  OK  [0m] Started LVM2 metadata daemon.
         Starting Remount Root and Kernel File Systems...
[   22.350804] EXT4-fs (sda1): re-mounted. Opts: (null)
         Starting Create Static Device Nodes in /dev...
         Mounting FUSE Control File System...
         Starting Apply Kernel Variables...
[[0;32m  OK  [0m] Mounted FUSE Control File System.
[[0;32m  OK  [0m] Started Nameserver information manager.
[[0;32m  OK  [0m] Started Remount Root and Kernel File Systems.
         Starting udev Coldplug all Devices...
         Starting Flush Journal to Persistent Storage...
         Starting Load/Save Random Seed...
[[0;32m  OK  [0m] Started Apply Kernel Variables.
[[0;32m  OK  [0m] Started Load/Save Random Seed.
[[0;32m  OK  [0m] Started Flush Journal to Persistent Storage.
[[0;32m  OK  [0m] Started Create Static Device Nodes in /dev.
[[0;32m  OK  [0m] Started Monitoring of LVM2 mirrors,...ng dmeventd or progress polling.
[[0;32m  OK  [0m] Reached target Local File Systems (Pre).
[[0;32m  OK  [0m] Reached target Local File Systems.
         Starting Set console font and keymap...
         Starting Initial cloud-init job (pre-networking)...
         Starting LSB: AppArmor initialization...
         Starting Tell Plymouth To Write Out Runtime Data...
         Starting Commit a transient machine-id on disk...
         Starting udev Kernel Device Manager...
         Starting Create Volatile Files and Directories...
[[0;32m  OK  [0m] Started udev Coldplug all Devices.
[[0;32m  OK  [0m] Started Tell Plymouth To Write Out Runtime Data.
[[0;32m  OK  [0m] Started Commit a transient machine-id on disk.
[[0;32m  OK  [0m] Started Create Volatile Files and Directories.
[[0;32m  OK  [0m] Started udev Kernel Device Manager.
         Starting Update UTMP about System Boot/Shutdown...
[[0;32m  OK  [0m] Started Dispatch Password Requests to Console Directory Watch.
[[0;32m  OK  [0m] Found device /dev/ttyS0.
[[0;32m  OK  [0m] Started Update UTMP about System Boot/Shutdown.
[[0;32m  OK  [0m] Listening on Load/Save RF Kill Switch Status /dev/rfkill Watch.
[[0;32m  OK  [0m] Started Set console font and keymap.
[[0;32m  OK  [0m] Created slice system-getty.slice.
[[0;32m  OK  [0m] Started LSB: AppArmor initialization.
[   27.561854] cloud-init[490]: Cloud-init v. 21.1-19-gbad84ad4-0ubuntu1~16.04.2 running 'init-local' at Mon, 13 Mar 2023 16:57:37 +0000. Up 26.11 seconds.
[[0;32m  OK  [0m] Started Initial cloud-init job (pre-networking).
[[0;32m  OK  [0m] Reached target Network (Pre).
         Starting Raise network interfaces...
         Starting Load AppArmor profiles managed internally by snapd...
[[0;32m  OK  [0m] Started Load AppArmor profiles managed internally by snapd.
[[0;32m  OK  [0m] Started Raise network interfaces.
[[0;32m  OK  [0m] Reached target Network.
         Starting Initial cloud-init job (metadata service crawler)...
[   31.335473] cloud-init[984]: Cloud-init v. 21.1-19-gbad84ad4-0ubuntu1~16.04.2 running 'init' at Mon, 13 Mar 2023 16:57:41 +0000. Up 30.46 seconds.
[   31.342932] cloud-init[984]: ci-info: ++++++++++++++++++++++++++++++++++++++Net device info+++++++++++++++++++++++++++++++++++++++
[   31.349367] cloud-init[984]: ci-info: +--------+-------+----------------------------+---------------+--------+-------------------+
[   31.355874] cloud-init[984]: ci-info: | Device |   Up  |          Address           |      Mask     | Scope  |     Hw-Address    |
[   31.363305] cloud-init[984]: ci-info: +--------+-------+----------------------------+---------------+--------+-------------------+
[   31.370533] cloud-init[984]: ci-info: | enp0s3 |  True |         10.0.2.15          | 255.255.255.0 | global | 02:be:82:6b:cc:1d |
[   31.377225] cloud-init[984]: ci-info: | enp0s3 |  True | fe80::be:82ff:fe6b:cc1d/64 |       .       |  link  | 02:be:82:6b:cc:1d |
[   31.384700] cloud-init[984]: ci-info: | enp0s8 | False |             .              |       .       |   .    | 08:00:27:97:4d:6b |
[   31.390825] cloud-init[984]: ci-info: |   lo   |  True |         127.0.0.1          |   255.0.0.0   |  host  |         .         |
[   31.397303] cloud-init[984]: ci-info: |   lo   |  True |          ::1/128           |       .       |  host  |         .         |
[   31.403492] cloud-init[984]: ci-info: +--------+-------+----------------------------+---------------+--------+-------------------+
[   31.409739] cloud-init[984]: ci-info: +++++++++++++++++++++++++++Route IPv4 info++++++++++++++++++++++++++++
[   31.415416] cloud-init[984]: ci-info: +-------+-------------+----------+---------------+-----------+-------+
[   31.421210] cloud-init[984]: ci-info: | Route | Destination | Gateway  |    Genmask    | Interface | Flags |
[   31.427077] cloud-init[984]: ci-info: +-------+-------------+----------+---------------+-----------+-------+
[   31.433185] cloud-init[984]: ci-info: |   0   |   0.0.0.0   | 10.0.2.2 |    0.0.0.0    |   enp0s3  |   UG  |
[   31.439292] cloud-init[984]: ci-info: |   1   |   10.0.2.0  | 0.0.0.0  | 255.255.255.0 |   enp0s3  |   U   |
[   31.453840] cloud-init[984]: ci-info: +-------+-------------+----------+---------------+-----------+-------+
[   31.459524] cloud-init[984]: ci-info: +++++++++++++++++++Route IPv6 info+++++++++++++++++++
[   31.465417] cloud-init[984]: ci-info: +-------+-------------+---------+-----------+-------+
[   31.470317] cloud-init[984]: ci-info: | Route | Destination | Gateway | Interface | Flags |
[   31.537307] cloud-init[984]: ci-info: +-------+-------------+---------+-----------+-------+
[   31.537460] cloud-init[984]: ci-info: |   0   |  fe80::/64  |    ::   |   enp0s3  |   U   |
[   31.537997] cloud-init[984]: ci-info: |   3   |   ff00::/8  |    ::   |   enp0s3  |   U   |
[   31.538401] cloud-init[984]: ci-info: +-------+-------------+---------+-----------+-------+
[   31.538805] cloud-init[984]: Generating public/private rsa key pair.
[   31.539202] cloud-init[984]: Your identification has been saved in /etc/ssh/ssh_host_rsa_key.
[[0;32m  OK  [0m] Started Initial cloud-init job (metadata service crawler).
[[0;32m  OK  [0m] Reached target Network is Online.
[   31.539604] cloud-init[984]: Your public key has been saved in /etc/ssh/ssh_host_rsa_key.pub.
[   31.598705] cloud-init[984]: The key fingerprint is:
         Starting iSCSI initiator daemon (iscsid)...
[[0;32m  OK  [0m] Reached target System Initialization.
[[0;32m  OK  [0m] Started Message of the Day.
[   31.603613] cloud-init[984]: SHA256:oBG058AKXFXMJEdnI2Ug9q2t2T0K/HZtHUCdsCRLfgM root@ubuntu-xenial
         Starting LXD - unix socket.
[[0;32m  OK  [0m] Listening on D-Bus System Message Bus Socket.
[   31.619952] cloud-init[984]: The key's randomart image is:
[[   31.634885] cloud-init[984]: +---[RSA 2048]----+
[   31.636914] cloud-init[984]: |   o+=*Bo* E oo .|
[   31.636963] cloud-init[984]: |. ...o=o* + =..o |
[   31.637408] cloud-init[984]: |..  = o. . o.+   |
[   31.637800] cloud-init[984]: | . . * .o   ...  |
[   31.638197] cloud-init[984]: |  . . ..S.    .  |
[   31.638601] cloud-init[984]: |      . + .    . |
[   31.639004] cloud-init[984]: |       = . o. . .|
[   31.639400] cloud-init[984]: |        o....o . |
[   31.639798] cloud-init[984]: |        .o. .    |
[   31.640677] cloud-init[984]: +----[SHA256]-----+
[   31.641074] cloud-init[984]: Generating public/private dsa key pair.
[   31.641467] cloud-init[984]: Your identification has been saved in /etc/ssh/ssh_host_dsa_key.
[   31.641875] cloud-init[984]: Your public key has been saved in /etc/ssh/ssh_host_dsa_key.pub.
[   31.642268] cloud-init[984]: The key fingerprint is:
[   31.642665] cloud-init[984]: SHA256:f7dvgTGKaScK8M+eJVaJYRTBzmmZ/JeUi0mKhqyCrRM root@ubuntu-xenial
[   31.643061] cloud-init[984]: The key's randomart image is:
[   31.643466] cloud-init[984]: +---[DSA 1024]----+
[   31.643861] cloud-init[984]: |      .+o        |
[   31.644780] cloud-init[984]: |      ..         |
[   31.645163] cloud-init[984]: |      +o+   .    |
[   31.645582] cloud-init[984]: |   .  .Oo..o o   |
[   31.645965] cloud-init[984]: |  . + o.So* + +  |
[   31.646349] cloud-init[984]: |E  o = ..X * . . |
[   31.646736] cloud-init[984]: |.o. . +oo.= . . .|
[   31.647116] cloud-init[984]: |+..   .++  . . ..|
[   31.647500] cloud-init[984]: |oo    .o      .o.|
[   31.647888] cloud-init[984]: +----[SHA256]-----+
[   31.648944] cloud-init[984]: Generating public/private ecdsa key pair.
[   31.649331] cloud-init[984]: Your identification has been saved in /etc/ssh/ssh_host_ecdsa_key.
[   31.649756] cloud-init[984]: Your public key has been saved in /etc/ssh/ssh_host_ecdsa_key.pub.
[   31.650115] cloud-init[984]: The key fingerprint is:
[   31.650489] cloud-init[984]: SHA256:b35KV2ns2SntFGBIBzFmHWRxQVBIWwqvjufvllV5WEo root@ubuntu-xenial
[   31.650864] cloud-init[984]: The key's randomart image is:
[   31.651247] cloud-init[984]: +---[ECDSA 256]---+
[   31.651618] cloud-init[984]: |           O*OB*.|
[   31.651992] cloud-init[984]: |          + BoE .|
[   31.652818] cloud-init[984]: |           . B +.|
[   31.653188] cloud-init[984]: |            o.+oo|
[   31.653564] cloud-init[984]: |        S  .  =.o|
[   31.653941] cloud-init[984]: |         .o  +.+o|
[   31.654314] cloud-init[984]: |         .+o..=+.|
[   31.654682] cloud-init[984]: |         +o..o+  |
[   31.655050] cloud-init[984]: |          o++o . |
[   31.655430] cloud-init[984]: +----[SHA256]-----+
[   31.655801] cloud-init[984]: Generating public/private ed25519 key pair.
[   31.656605] cloud-init[984]: Your identification has been saved in /etc/ssh/ssh_host_ed25519_key.
[   31.656985] cloud-init[984]: Your public key has been saved in /etc/ssh/ssh_host_ed25519_key.pub.
[   31.657355] cloud-init[984]: The key fingerprint is:
[   31.657726] cloud-init[984]: SHA256:xMA2azEN9mNxOgNjdPQHcIK1Aw1M+zFM8ObS28hxBag root@ubuntu-xenial
[   31.658097] cloud-init[984]: The key's randomart image is:
[   31.658475] cloud-init[984]: +--[ED25519 256]--+
[   31.658847] cloud-init[984]: |     =&XOo=      |
[   31.659222] cloud-init[984]: |     oO&+O o     |
[   31.659799] cloud-init[984]: |     ..*^ . o    |
[   31.660012] cloud-init[984]: |      EB B o     |
[   31.660869] cloud-init[984]: |     .. S .      |
[   31.661246] cloud-init[984]: |       o *       |
[   31.661645] cloud-init[984]: |        + .      |
[   31.662011] cloud-init[984]: |                 |
[   31.662341] cloud-init[984]: |                 |
[   31.662744] cloud-init[984]: +----[SHA256]-----+
[0;32m  OK  [0m] Started Ubuntu Advantage update messaging.
         Starting Socket activation for snappy daemon.
[[0;32m  OK  [0m] Started ACPI Events Check.
[[0;32m  OK  [0m] Reached target Paths.
[[0;32m  OK  [0m] Started Daily apt download activities.
[[0;32m  OK  [0m] Started Daily apt upgrade and clean activities.
[[0;32m  OK  [0m] Listening on UUID daemon activation socket.
[[0;32m  OK  [0m] Started Daily Cleanup of Temporary Directories.
[[0;32m  OK  [0m] Reached target Timers.
[[0;32m  OK  [0m] Listening on ACPID Listen Socket.
[[0;32m  OK  [0m] Reached target Cloud-config availability.
[[0;32m  OK  [0m] Listening on LXD - unix socket.
[[0;32m  OK  [0m] Listening on Socket activation for snappy daemon.
[[0;32m  OK  [0m] Started iSCSI initiator daemon (iscsid).
         Starting Login to default iSCSI targets...
[[0;32m  OK  [0m] Reached target Sockets.
[[0;32m  OK  [0m] Reached target Basic System.
         Starting Pollinate to seed the pseudo random number generator...
[[0;32m  OK  [0m] Started Regular background program processing daemon.
         Starting LSB: Record successful boot for GRUB...
         Starting Virtualbox guest utils...
[[0;32m  OK  [0m] Started ACPI event daemon.
         Starting /etc/rc.local Compatibility...
[[0;32m  OK  [0m] Started FUSE filesystem for LXC.
[[0;32m  OK  [0m] Started D-Bus System Message Bus.
         Starting Accounts Service...
         Starting LSB: MD monitoring daemon...
         Starting Snap Daemon...
[[0;32m  OK  [0m] Started Deferred execution scheduler.
         Starting System Logging Service...
         Starting LXD - container startup/shutdown...
         Starting Login Service...
[[0;32m  OK  [0m] Started /etc/rc.local Compatibility.
[[0;32m  OK  [0m] Started LSB: MD monitoring daemon.
[[0;32m  OK  [0m] Started Login to default iSCSI targets.
[[0;32m  OK  [0m] Started LSB: Record successful boot for GRUB.
[[0;32m  OK  [0m] Reached target Remote File Systems (Pre).
[[0;32m  OK  [0m] Reached target Remote File Systems.
         Starting LSB: Set the CPU Frequency Scaling governor to "ondemand"...
         Starting LSB: daemon to balance interrupts for SMP systems...
         Starting Permit User Sessions...
         Starting LSB: automatic crash report generation...
[[0;32m  OK  [0m] Started System Logging Service.
[[0;32m  OK  [0m] Started Permit User Sessions.
[[0;32m  OK  [0m] Started Login Service.
[[0;32m  OK  [0m] Started Unattended Upgrades Shutdown.
         Starting Terminate Plymouth Boot Screen...
         Starting Hold until boot process finishes up...
[[0;32m  OK  [0m] Started LSB: Set the CPU Frequency Scaling governor to "ondemand".
[[0;32m  OK  [0m] Started LSB: automatic crash report generation.
[[0;32m  OK  [0m] Started Terminate Plymouth Boot Screen.
[[0;32m  OK  [0m] Started Hold until boot process finishes up.
[[0;32m  OK  [0m] Started LSB: daemon to balance interrupts for SMP systems.
[[0;32m  OK  [0m] Started LXD - container startup/shutdown.
[[0;32m  OK  [0m] Started Getty on tty1.
[[0;32m  OK  [0m] Started Serial Getty on ttyS0.
[[0;32m  OK  [0m] Reached target Login Prompts.
         Starting Set console scheme...
[[0;32m  OK  [0m] Started Virtualbox guest utils.
[[0;32m  OK  [0m] Started Set console scheme.
         Starting Authenticate and Authorize Users to Run Privileged Tasks...
[[0;32m  OK  [0m] Started Authenticate and Authorize Users to Run Privileged Tasks.
[[0;32m  OK  [0m] Started Accounts Service.
[[0;32m  OK  [0m] Started Pollinate to seed the pseudo random number generator.
         Starting OpenBSD Secure Shell server...
[[0;32m  OK  [0m] Started Snap Daemon.
         Starting Wait until snapd is fully seeded...
[[0;32m  OK  [0m] Started OpenBSD Secure Shell server.
[[0;32m  OK  [0m] Created slice User Slice of vagrant.
         Starting User Manager for UID 1000...
[[0;32m  OK  [0m] Started Session 1 of user vagrant.
[[0;32m  OK  [0m] Started User Manager for UID 1000.
[[0;32m  OK  [0m] Started Wait until snapd is fully seeded.
         Starting Apply the settings specified in cloud-config...
[[0;32m  OK  [0m] Reached target Multi-User System.
[[0;32m  OK  [0m] Reached target Graphical Interface.
         Starting Update UTMP about System Runlevel Changes...
[[0;32m  OK  [0m] Started Update UTMP about System Runlevel Changes.
[   35.502873] cloud-init[1404]: Generating locales (this might take a while)...
[   38.537373] cloud-init[1404]:   en_US.UTF-8... done
[   38.539876] cloud-init[1404]: Generation complete.

Ubuntu 16.04.7 LTS ubuntu-xenial ttyS0

ubuntu-xenial login: [   39.485154] cloud-init[1404]: Cloud-init v. 21.1-19-gbad84ad4-0ubuntu1~16.04.2 running 'modules:config' at Mon, 13 Mar 2023 16:57:45 +0000. Up 34.91 seconds.
ci-info: no authorized SSH keys fingerprints found for user ubuntu.
<14>Mar 13 16:57:51 ec2: 
<14>Mar 13 16:57:51 ec2: #############################################################
<14>Mar 13 16:57:51 ec2: -----BEGIN SSH HOST KEY FINGERPRINTS-----
<14>Mar 13 16:57:51 ec2: 1024 SHA256:f7dvgTGKaScK8M+eJVaJYRTBzmmZ/JeUi0mKhqyCrRM root@ubuntu-xenial (DSA)
<14>Mar 13 16:57:51 ec2: 256 SHA256:b35KV2ns2SntFGBIBzFmHWRxQVBIWwqvjufvllV5WEo root@ubuntu-xenial (ECDSA)
<14>Mar 13 16:57:51 ec2: 256 SHA256:xMA2azEN9mNxOgNjdPQHcIK1Aw1M+zFM8ObS28hxBag root@ubuntu-xenial (ED25519)
<14>Mar 13 16:57:51 ec2: 2048 SHA256:oBG058AKXFXMJEdnI2Ug9q2t2T0K/HZtHUCdsCRLfgM root@ubuntu-xenial (RSA)
<14>Mar 13 16:57:51 ec2: -----END SSH HOST KEY FINGERPRINTS-----
<14>Mar 13 16:57:51 ec2: #############################################################
-----BEGIN SSH HOST KEY KEYS-----
ecdsa-sha2-nistp256 AAAAE2VjZHNhLXNoYTItbmlzdHAyNTYAAAAIbmlzdHAyNTYAAABBBDZ9g93nVzdE5WA2OXbQKfc0dwL0L0WUMTVibMStN3Thv081+Fzkgr77u8iBCLXv1Pdey3dIfUGPsev9Clse6Rs= root@ubuntu-xenial
ssh-ed25519 AAAAC3NzaC1lZDI1NTE5AAAAIERsrJ13J2ZAiQ40gFIYN1YG3HsE8YfejPv7qvs8THBJ root@ubuntu-xenial
ssh-rsa AAAAB3NzaC1yc2EAAAADAQABAAABAQCv8jkSmw0DuQ8rpTjgiC6+YJuK/I+szmE8MK7fJ9s5rCrzuLu98yAQEqmeDxiB9oGwM7X2BMlpX57GwnDH6wU8A+pi8CUiHPrCGrs/hQJ2jq4D3eKvRSYpm83Nn/LgimnR1KSkTeCuIgFLQHoNbzrsiP7L1UCsr1WVIyYUdZtTh0BZd7izog+zCQKCrH63FIDMclqHx19eJbneIy+hEhHCo41IbYM/wavrpeTWOkeKCnaXK2f9XMEE9RFcG+2AJIXVxXZCjyiE5Zej49z8BEO81kOFjp4yWt2wPCtmLHd4m9tUWiF9YG9rPTEHBypKh1dzEGbgL7Og+rr28RWbgRZ/ root@ubuntu-xenial
-----END SSH HOST KEY KEYS-----
[   40.310357] cloud-init[1604]: Cloud-init v. 21.1-19-gbad84ad4-0ubuntu1~16.04.2 running 'modules:final' at Mon, 13 Mar 2023 16:57:51 +0000. Up 40.08 seconds.
[   40.319060] cloud-init[1604]: ci-info: no authorized SSH keys fingerprints found for user ubuntu.
[   40.326881] cloud-init[1604]: Cloud-init v. 21.1-19-gbad84ad4-0ubuntu1~16.04.2 finished at Mon, 13 Mar 2023 16:57:51 +0000. Datasource DataSourceNoCloud [seed=/dev/sdb][dsmode=net].  Up 40.26 seconds
